2026-04-05 08:47:06,811 - INFO - 乱数シードを固定: 42
2026-04-05 08:47:06,811 - INFO - IRL訓練履歴期間: 2021-01-01 00:00:00 ～ 2023-01-01 00:00:00
2026-04-05 08:47:06,811 - INFO - 評価スナップショット日: 2023-01-01 00:00:00
2026-04-05 08:47:06,811 - INFO - 評価履歴ウィンドウ: 24ヶ月
2026-04-05 08:47:06,811 - INFO - 生成されたパターン数: 10
2026-04-05 08:47:06,811 - INFO -   0-3m → 0-3m
2026-04-05 08:47:06,811 - INFO -   0-3m → 3-6m
2026-04-05 08:47:06,811 - INFO -   0-3m → 6-9m
2026-04-05 08:47:06,811 - INFO -   0-3m → 9-12m
2026-04-05 08:47:06,811 - INFO -   3-6m → 3-6m
2026-04-05 08:47:06,811 - INFO -   3-6m → 6-9m
2026-04-05 08:47:06,811 - INFO -   3-6m → 9-12m
2026-04-05 08:47:06,811 - INFO -   6-9m → 6-9m
2026-04-05 08:47:06,811 - INFO -   6-9m → 9-12m
2026-04-05 08:47:06,811 - INFO -   9-12m → 9-12m
2026-04-05 08:47:06,811 - INFO - ================================================================================
2026-04-05 08:47:06,811 - INFO - 全10パターンの訓練・評価を開始
2026-04-05 08:47:06,811 - INFO - ================================================================================
2026-04-05 08:47:06,811 - INFO - 
【1/10】パターン実行中...
2026-04-05 08:47:06,811 - INFO - ================================================================================
2026-04-05 08:47:06,811 - INFO - パターン: 0-3m → 0-3m
2026-04-05 08:47:06,811 - INFO - IRL訓練ラベル将来窓: 0～3ヶ月
2026-04-05 08:47:06,811 - INFO - 評価ラベル将来窓: 0～3ヶ月
2026-04-05 08:47:06,811 - INFO - ================================================================================
2026-04-05 08:47:07,533 - INFO - レビュー依頼データを読み込み: data/nova_raw.csv
2026-04-05 08:47:07,563 - INFO - 総レビュー依頼数: 26326
2026-04-05 08:47:07,563 - INFO - 承諾数: 14324 (54.4%)
2026-04-05 08:47:07,563 - INFO - 拒否数: 12002 (45.6%)
2026-04-05 08:47:07,563 - INFO - IRL訓練履歴期間: 2021-01-01 00:00:00 ～ 2023-01-01 00:00:00
2026-04-05 08:47:07,563 - INFO - IRL訓練ラベル将来窓: 0～3ヶ月 (train_history_end 基点)
2026-04-05 08:47:07,563 - INFO - 評価スナップショット日: 2023-01-01 00:00:00
2026-04-05 08:47:07,563 - INFO - 評価履歴ウィンドウ: 24ヶ月
2026-04-05 08:47:07,563 - INFO - 評価ラベル将来窓: 0～3ヶ月 (eval_cutoff 基点)
2026-04-05 08:47:07,563 - INFO - 訓練用軌跡を抽出...
2026-04-05 08:47:07,563 - INFO - ================================================================================
2026-04-05 08:47:07,563 - INFO - レビュー承諾予測用軌跡抽出を開始（データリークなし版）
2026-04-05 08:47:07,563 - INFO - 訓練期間全体: 2021-01-01 00:00:00 ～ 2023-01-01 00:00:00
2026-04-05 08:47:07,563 - INFO - 将来窓: 0～3ヶ月
2026-04-05 08:47:07,563 - INFO - 拡張ラベル期間: 0～12ヶ月
2026-04-05 08:47:07,563 - INFO - プロジェクト: 全プロジェクト
2026-04-05 08:47:07,563 - INFO - ラベル定義: この期間で承諾=1、この期間で拒否=0、依頼なし→拡張期間チェック、訓練時は拡張期間にも依頼なしで除外
2026-04-05 08:47:07,563 - INFO - データリーク防止: 訓練期間内でラベル計算
2026-04-05 08:47:07,563 - INFO - ================================================================================
2026-04-05 08:47:07,564 - INFO - 特徴量計算期間（訓練全体）: 2021-01-01 00:00:00 ～ 2023-01-01 00:00:00
2026-04-05 08:47:07,564 - INFO - 全体ラベル期間（train_end時点から）: 2023-01-01 00:00:00 ～ 2023-04-01 00:00:00
2026-04-05 08:47:07,565 - INFO - 特徴量計算期間内のレビュアー数: 233
2026-04-05 08:47:14,938 - INFO - 負例をオーバーサンプリング: 元38件 -> 76件
2026-04-05 08:47:14,938 - INFO - ================================================================================
2026-04-05 08:47:14,938 - INFO - 軌跡抽出完了: 107サンプル（レビュアー）
2026-04-05 08:47:14,938 - INFO -   スキップ（最小依頼数未満）: 0
2026-04-05 08:47:14,938 - INFO -   スキップ（訓練期間末尾まで依頼なし）: 164
2026-04-05 08:47:14,938 - INFO -   正例（この期間で承諾あり）: 31 (29.0%)
2026-04-05 08:47:14,938 - INFO -   負例（この期間で承諾なし）: 38 (35.5%)
2026-04-05 08:47:14,938 - INFO -     - 依頼あり→拒否（重み=1.0）: 14
2026-04-05 08:47:14,938 - INFO -     - 依頼なし（拡張期間に依頼あり、重み=0.1）: 24
2026-04-05 08:47:14,938 - INFO -   総ステップ数: 2461
2026-04-05 08:47:14,938 - INFO -   継続ステップ率: 30.1% (741/2461)
2026-04-05 08:47:14,938 - INFO - ================================================================================
2026-04-05 08:47:15,238 - INFO - 継続予測IRLシステムを初期化しました
2026-04-05 08:47:15,238 - INFO - 訓練データ正例率: 29.0% (31/107)
2026-04-05 08:47:15,238 - INFO - Focal Loss パラメータ更新: alpha=0.650, gamma=1.500
2026-04-05 08:47:15,238 - INFO - Focal Loss 手動設定: alpha=0.650, gamma=1.500
2026-04-05 08:47:15,238 - INFO - IRLモデルを訓練...
2026-04-05 08:47:15,238 - INFO - ============================================================
2026-04-05 08:47:15,238 - INFO - 時系列IRL訓練開始
2026-04-05 08:47:15,238 - INFO - 軌跡数: 107
2026-04-05 08:47:15,238 - INFO - エポック数: 350
2026-04-05 08:47:15,238 - INFO - ============================================================
2026-04-05 08:47:22,745 - INFO - エポック 0: 平均損失 = 0.8755, LR = 0.001000
2026-04-05 08:48:39,694 - INFO - エポック 10: 平均損失 = 0.4462, LR = 0.000968
2026-04-05 08:49:54,565 - INFO - エポック 20: 平均損失 = 0.3095, LR = 0.000876
2026-04-05 08:51:07,752 - INFO - エポック 30: 平均損失 = 0.2811, LR = 0.000737
2026-04-05 08:52:20,622 - INFO - エポック 40: 平均損失 = 0.2600, LR = 0.000567
2026-04-05 08:53:33,253 - INFO - エポック 50: 平均損失 = 0.2033, LR = 0.000390
2026-04-05 08:54:45,711 - INFO - エポック 60: 平均損失 = 0.1887, LR = 0.000227
2026-04-05 08:55:59,273 - INFO - エポック 70: 平均損失 = 0.1607, LR = 0.000100
2026-04-05 08:57:12,589 - INFO - エポック 80: 平均損失 = 0.1463, LR = 0.000026
2026-04-05 08:58:25,419 - INFO - エポック 90: 平均損失 = 0.2616, LR = 0.000997
2026-04-05 08:59:38,453 - INFO - エポック 100: 平均損失 = 0.2147, LR = 0.000946
2026-04-05 09:00:51,485 - INFO - エポック 110: 平均損失 = 0.1722, LR = 0.000839
2026-04-05 09:02:04,717 - INFO - エポック 120: 平均損失 = 0.1688, LR = 0.000688
2026-04-05 09:03:17,874 - INFO - エポック 130: 平均損失 = 0.1494, LR = 0.000514
2026-04-05 09:04:31,088 - INFO - エポック 140: 平均損失 = 0.1428, LR = 0.000339
2026-04-05 09:05:44,976 - INFO - エポック 150: 平均損失 = 0.1169, LR = 0.000185
2026-04-05 09:06:58,521 - INFO - エポック 160: 平均損失 = 0.1083, LR = 0.000072
2026-04-05 09:08:12,483 - INFO - エポック 170: 平均損失 = 0.1039, LR = 0.000015
2026-04-05 09:09:29,595 - INFO - エポック 180: 平均損失 = 0.1975, LR = 0.000988
2026-04-05 09:10:45,987 - INFO - エポック 190: 平均損失 = 0.1606, LR = 0.000920
2026-04-05 09:12:03,005 - INFO - エポック 200: 平均損失 = 0.1326, LR = 0.000797
2026-04-05 09:13:20,951 - INFO - エポック 210: 平均損失 = 0.1159, LR = 0.000637
2026-04-05 09:14:38,277 - INFO - エポック 220: 平均損失 = 0.1003, LR = 0.000460
2026-04-05 09:15:56,495 - INFO - エポック 230: 平均損失 = 0.0932, LR = 0.000289
2026-04-05 09:17:14,084 - INFO - エポック 240: 平均損失 = 0.0897, LR = 0.000146
2026-04-05 09:18:31,700 - INFO - エポック 250: 平均損失 = 0.0856, LR = 0.000049
2026-04-05 09:19:49,000 - INFO - エポック 260: 平均損失 = 0.0813, LR = 0.000010
2026-04-05 09:21:06,384 - INFO - エポック 270: 平均損失 = 0.1597, LR = 0.000974
2026-04-05 09:22:23,931 - INFO - エポック 280: 平均損失 = 0.1264, LR = 0.000888
2026-04-05 09:23:42,122 - INFO - エポック 290: 平均損失 = 0.1122, LR = 0.000753
2026-04-05 09:25:00,641 - INFO - エポック 300: 平均損失 = 0.1059, LR = 0.000585
2026-04-05 09:26:18,782 - INFO - エポック 310: 平均損失 = 0.0904, LR = 0.000407
2026-04-05 09:27:37,423 - INFO - エポック 320: 平均損失 = 0.0838, LR = 0.000242
2026-04-05 09:28:56,613 - INFO - エポック 330: 平均損失 = 0.0824, LR = 0.000111
2026-04-05 09:30:14,795 - INFO - エポック 340: 平均損失 = 0.0789, LR = 0.000031
2026-04-05 09:31:25,287 - INFO - 時系列IRL訓練完了
2026-04-05 09:31:25,288 - INFO - 訓練データ上で最適閾値を決定...
2026-04-05 09:31:32,358 - INFO - 最適閾値: 0.3749
2026-04-05 09:31:32,358 - INFO - 訓練データ性能: Precision=0.750, Recall=0.677, F1=0.712
2026-04-05 09:31:32,364 - INFO - モデルを保存: outputs/cross_temporal_v39/train_0-3m/irl_model.pt
2026-04-05 09:31:32,364 - INFO - 最適閾値を保存: outputs/cross_temporal_v39/train_0-3m/optimal_threshold.json
2026-04-05 09:31:32,364 - INFO - 評価用軌跡を抽出...
2026-04-05 09:31:32,364 - INFO - ================================================================================
2026-04-05 09:31:32,365 - INFO - 評価用軌跡抽出を開始（スナップショット特徴量用）
2026-04-05 09:31:32,365 - INFO - Cutoff日: 2023-01-01 00:00:00
2026-04-05 09:31:32,365 - INFO - 履歴ウィンドウ: 24ヶ月
2026-04-05 09:31:32,365 - INFO - 将来窓: 0～3ヶ月
2026-04-05 09:31:32,365 - INFO - 拡張ラベル期間: 0～12ヶ月
2026-04-05 09:31:32,365 - INFO - プロジェクト: 全プロジェクト
2026-04-05 09:31:32,365 - INFO - 継続判定: この期間で承諾=1、この期間で拒否=0、依頼なし→拡張期間チェック、評価時は拡張期間にも依頼なしで除外
2026-04-05 09:31:32,365 - INFO - ================================================================================
2026-04-05 09:31:32,365 - INFO - 履歴期間: 2021-01-01 00:00:00 ～ 2023-01-01 00:00:00
2026-04-05 09:31:32,365 - INFO - 評価期間: 2023-01-01 00:00:00 ～ 2023-04-01 00:00:00
2026-04-05 09:31:32,367 - INFO - 履歴期間内のレビュアー数: 233
2026-04-05 09:31:39,080 - INFO - ================================================================================
2026-04-05 09:31:39,081 - INFO - 評価用軌跡抽出完了: 69サンプル
2026-04-05 09:31:39,081 - INFO -   スキップ（最小依頼数未満）: 0
2026-04-05 09:31:39,081 - INFO -   スキップ（拡張期間にも依頼なし）: 164
2026-04-05 09:31:39,081 - INFO -   正例（この期間で承諾あり）: 31 (44.9%)
2026-04-05 09:31:39,081 - INFO -   負例（この期間で承諾なし）: 38 (55.1%)
2026-04-05 09:31:39,081 - INFO -     - 依頼あり→拒否（重み=1.0）: 14
2026-04-05 09:31:39,081 - INFO -     - 依頼なし（拡張期間に依頼あり、重み=0.1）: 24
2026-04-05 09:31:39,081 - INFO - ================================================================================
2026-04-05 09:31:39,081 - INFO - 予測を実行...
2026-04-05 09:31:44,783 - INFO - ================================================================================
2026-04-05 09:31:44,783 - INFO - 評価結果 (0-3m → 0-3m):
2026-04-05 09:31:44,783 - INFO -   AUC-ROC: 0.8048
2026-04-05 09:31:44,783 - INFO -   AUC-PR: 0.8280
2026-04-05 09:31:44,783 - INFO -   Precision: 0.7143
2026-04-05 09:31:44,783 - INFO -   Recall: 0.6452
2026-04-05 09:31:44,783 - INFO -   F1 Score: 0.6780
2026-04-05 09:31:44,783 - INFO - ================================================================================
2026-04-05 09:33:13,063 - INFO - IRL特徴量重要度を保存: outputs/cross_temporal_v39/train_0-3m/eval_0-3m/irl_feature_importance.json
2026-04-05 09:33:13,064 - INFO - RFベースラインを評価...
2026-04-05 09:33:22,529 - INFO - RF予測を predictions_df に結合: 45/69 レビュアー一致
2026-04-05 09:33:22,529 - INFO - RFベースライン結果を保存: outputs/cross_temporal_v39/train_0-3m/eval_0-3m/rf_metrics.json
2026-04-05 09:33:22,532 - INFO - 結果を保存: outputs/cross_temporal_v39/train_0-3m/eval_0-3m
2026-04-05 09:33:22,566 - INFO - 
【2/10】パターン実行中...
2026-04-05 09:33:22,566 - INFO - ================================================================================
2026-04-05 09:33:22,566 - INFO - パターン: 0-3m → 3-6m
2026-04-05 09:33:22,566 - INFO - IRL訓練ラベル将来窓: 0～3ヶ月
2026-04-05 09:33:22,566 - INFO - 評価ラベル将来窓: 3～6ヶ月
2026-04-05 09:33:22,566 - INFO - ================================================================================
2026-04-05 09:33:22,567 - INFO - レビュー依頼データを読み込み: data/nova_raw.csv
2026-04-05 09:33:22,602 - INFO - 総レビュー依頼数: 26326
2026-04-05 09:33:22,602 - INFO - 承諾数: 14324 (54.4%)
2026-04-05 09:33:22,602 - INFO - 拒否数: 12002 (45.6%)
2026-04-05 09:33:22,602 - INFO - IRL訓練履歴期間: 2021-01-01 00:00:00 ～ 2023-01-01 00:00:00
2026-04-05 09:33:22,602 - INFO - IRL訓練ラベル将来窓: 0～3ヶ月 (train_history_end 基点)
2026-04-05 09:33:22,602 - INFO - 評価スナップショット日: 2023-01-01 00:00:00
2026-04-05 09:33:22,602 - INFO - 評価履歴ウィンドウ: 24ヶ月
2026-04-05 09:33:22,602 - INFO - 評価ラベル将来窓: 3～6ヶ月 (eval_cutoff 基点)
2026-04-05 09:33:22,602 - INFO - 訓練用軌跡を抽出...
2026-04-05 09:33:22,602 - INFO - ================================================================================
2026-04-05 09:33:22,602 - INFO - レビュー承諾予測用軌跡抽出を開始（データリークなし版）
2026-04-05 09:33:22,602 - INFO - 訓練期間全体: 2021-01-01 00:00:00 ～ 2023-01-01 00:00:00
2026-04-05 09:33:22,602 - INFO - 将来窓: 0～3ヶ月
2026-04-05 09:33:22,602 - INFO - 拡張ラベル期間: 0～12ヶ月
2026-04-05 09:33:22,602 - INFO - プロジェクト: 全プロジェクト
2026-04-05 09:33:22,602 - INFO - ラベル定義: この期間で承諾=1、この期間で拒否=0、依頼なし→拡張期間チェック、訓練時は拡張期間にも依頼なしで除外
2026-04-05 09:33:22,602 - INFO - データリーク防止: 訓練期間内でラベル計算
2026-04-05 09:33:22,602 - INFO - ================================================================================
2026-04-05 09:33:22,603 - INFO - 特徴量計算期間（訓練全体）: 2021-01-01 00:00:00 ～ 2023-01-01 00:00:00
2026-04-05 09:33:22,603 - INFO - 全体ラベル期間（train_end時点から）: 2023-01-01 00:00:00 ～ 2023-04-01 00:00:00
2026-04-05 09:33:22,604 - INFO - 特徴量計算期間内のレビュアー数: 233
2026-04-05 09:33:30,846 - INFO - 負例をオーバーサンプリング: 元38件 -> 76件
2026-04-05 09:33:30,846 - INFO - ================================================================================
2026-04-05 09:33:30,846 - INFO - 軌跡抽出完了: 107サンプル（レビュアー）
2026-04-05 09:33:30,846 - INFO -   スキップ（最小依頼数未満）: 0
2026-04-05 09:33:30,846 - INFO -   スキップ（訓練期間末尾まで依頼なし）: 164
2026-04-05 09:33:30,846 - INFO -   正例（この期間で承諾あり）: 31 (29.0%)
2026-04-05 09:33:30,846 - INFO -   負例（この期間で承諾なし）: 38 (35.5%)
2026-04-05 09:33:30,846 - INFO -     - 依頼あり→拒否（重み=1.0）: 14
2026-04-05 09:33:30,846 - INFO -     - 依頼なし（拡張期間に依頼あり、重み=0.1）: 24
2026-04-05 09:33:30,846 - INFO -   総ステップ数: 2461
2026-04-05 09:33:30,846 - INFO -   継続ステップ率: 29.9% (737/2461)
2026-04-05 09:33:30,846 - INFO - ================================================================================
2026-04-05 09:33:30,848 - INFO - 継続予測IRLシステムを初期化しました
2026-04-05 09:33:30,848 - INFO - 訓練データ正例率: 29.0% (31/107)
2026-04-05 09:33:30,848 - INFO - Focal Loss パラメータ更新: alpha=0.650, gamma=1.500
2026-04-05 09:33:30,848 - INFO - Focal Loss 手動設定: alpha=0.650, gamma=1.500
2026-04-05 09:33:30,848 - INFO - IRLモデルを訓練...
2026-04-05 09:33:30,848 - INFO - ============================================================
2026-04-05 09:33:30,848 - INFO - 時系列IRL訓練開始
2026-04-05 09:33:30,848 - INFO - 軌跡数: 107
2026-04-05 09:33:30,848 - INFO - エポック数: 350
2026-04-05 09:33:30,848 - INFO - ============================================================
2026-04-05 09:33:38,909 - INFO - エポック 0: 平均損失 = 0.9464, LR = 0.001000
2026-04-05 09:35:00,341 - INFO - エポック 10: 平均損失 = 0.4455, LR = 0.000968
2026-04-05 09:36:22,539 - INFO - エポック 20: 平均損失 = 0.3613, LR = 0.000876
2026-04-05 09:37:44,261 - INFO - エポック 30: 平均損失 = 0.2712, LR = 0.000737
2026-04-05 09:39:06,505 - INFO - エポック 40: 平均損失 = 0.2149, LR = 0.000567
2026-04-05 09:40:28,897 - INFO - エポック 50: 平均損失 = 0.1793, LR = 0.000390
2026-04-05 09:41:50,444 - INFO - エポック 60: 平均損失 = 0.1582, LR = 0.000227
2026-04-05 09:43:12,150 - INFO - エポック 70: 平均損失 = 0.1435, LR = 0.000100
2026-04-05 09:44:33,958 - INFO - エポック 80: 平均損失 = 0.1288, LR = 0.000026
2026-04-05 09:45:56,581 - INFO - エポック 90: 平均損失 = 0.2448, LR = 0.000997
2026-04-05 09:47:18,680 - INFO - エポック 100: 平均損失 = 0.1952, LR = 0.000946
2026-04-05 09:48:41,257 - INFO - エポック 110: 平均損失 = 0.1621, LR = 0.000839
2026-04-05 09:50:02,939 - INFO - エポック 120: 平均損失 = 0.1496, LR = 0.000688
2026-04-05 09:51:25,403 - INFO - エポック 130: 平均損失 = 0.1284, LR = 0.000514
2026-04-05 09:52:47,068 - INFO - エポック 140: 平均損失 = 0.1148, LR = 0.000339
2026-04-05 09:54:09,009 - INFO - エポック 150: 平均損失 = 0.1031, LR = 0.000185
2026-04-05 09:55:31,905 - INFO - エポック 160: 平均損失 = 0.0920, LR = 0.000072
2026-04-05 09:56:54,592 - INFO - エポック 170: 平均損失 = 0.0893, LR = 0.000015
2026-04-05 09:58:16,810 - INFO - エポック 180: 平均損失 = 0.1753, LR = 0.000988
2026-04-05 09:59:39,240 - INFO - エポック 190: 平均損失 = 0.1475, LR = 0.000920
2026-04-05 10:01:01,775 - INFO - エポック 200: 平均損失 = 0.1399, LR = 0.000797
2026-04-05 10:02:24,007 - INFO - エポック 210: 平均損失 = 0.1209, LR = 0.000637
2026-04-05 10:03:46,183 - INFO - エポック 220: 平均損失 = 0.1060, LR = 0.000460
2026-04-05 10:05:08,945 - INFO - エポック 230: 平均損失 = 0.0955, LR = 0.000289
2026-04-05 10:06:31,246 - INFO - エポック 240: 平均損失 = 0.0875, LR = 0.000146
2026-04-05 10:07:53,635 - INFO - エポック 250: 平均損失 = 0.0837, LR = 0.000049
2026-04-05 10:09:16,107 - INFO - エポック 260: 平均損失 = 0.0797, LR = 0.000010
2026-04-05 10:10:38,614 - INFO - エポック 270: 平均損失 = 0.1497, LR = 0.000974
2026-04-05 10:12:01,231 - INFO - エポック 280: 平均損失 = 0.1215, LR = 0.000888
2026-04-05 10:13:24,383 - INFO - エポック 290: 平均損失 = 0.1125, LR = 0.000753
2026-04-05 10:14:47,501 - INFO - エポック 300: 平均損失 = 0.0945, LR = 0.000585
2026-04-05 10:16:10,369 - INFO - エポック 310: 平均損失 = 0.0884, LR = 0.000407
2026-04-05 10:17:37,477 - INFO - エポック 320: 平均損失 = 0.0854, LR = 0.000242
2026-04-05 10:18:59,881 - INFO - エポック 330: 平均損失 = 0.0781, LR = 0.000111
2026-04-05 10:20:22,097 - INFO - エポック 340: 平均損失 = 0.0782, LR = 0.000031
2026-04-05 10:21:36,004 - INFO - 時系列IRL訓練完了
2026-04-05 10:21:36,005 - INFO - 訓練データ上で最適閾値を決定...
2026-04-05 10:21:43,402 - INFO - 最適閾値: 0.1330
2026-04-05 10:21:43,403 - INFO - 訓練データ性能: Precision=0.656, Recall=0.677, F1=0.667
2026-04-05 10:21:43,406 - INFO - モデルを保存: outputs/cross_temporal_v39/train_0-3m/irl_model.pt
2026-04-05 10:21:43,406 - INFO - 最適閾値を保存: outputs/cross_temporal_v39/train_0-3m/optimal_threshold.json
2026-04-05 10:21:43,406 - INFO - 評価用軌跡を抽出...
2026-04-05 10:21:43,406 - INFO - ================================================================================
2026-04-05 10:21:43,406 - INFO - 評価用軌跡抽出を開始（スナップショット特徴量用）
2026-04-05 10:21:43,406 - INFO - Cutoff日: 2023-01-01 00:00:00
2026-04-05 10:21:43,406 - INFO - 履歴ウィンドウ: 24ヶ月
2026-04-05 10:21:43,406 - INFO - 将来窓: 3～6ヶ月
2026-04-05 10:21:43,406 - INFO - 拡張ラベル期間: 3～12ヶ月
2026-04-05 10:21:43,406 - INFO - プロジェクト: 全プロジェクト
2026-04-05 10:21:43,406 - INFO - 継続判定: この期間で承諾=1、この期間で拒否=0、依頼なし→拡張期間チェック、評価時は拡張期間にも依頼なしで除外
2026-04-05 10:21:43,406 - INFO - ================================================================================
2026-04-05 10:21:43,406 - INFO - 履歴期間: 2021-01-01 00:00:00 ～ 2023-01-01 00:00:00
2026-04-05 10:21:43,406 - INFO - 評価期間: 2023-04-01 00:00:00 ～ 2023-07-01 00:00:00
2026-04-05 10:21:43,409 - INFO - 履歴期間内のレビュアー数: 233
2026-04-05 10:21:49,836 - INFO - ================================================================================
2026-04-05 10:21:49,836 - INFO - 評価用軌跡抽出完了: 60サンプル
2026-04-05 10:21:49,836 - INFO -   スキップ（最小依頼数未満）: 0
2026-04-05 10:21:49,836 - INFO -   スキップ（拡張期間にも依頼なし）: 173
2026-04-05 10:21:49,836 - INFO -   正例（この期間で承諾あり）: 26 (43.3%)
2026-04-05 10:21:49,836 - INFO -   負例（この期間で承諾なし）: 34 (56.7%)
2026-04-05 10:21:49,836 - INFO -     - 依頼あり→拒否（重み=1.0）: 16
2026-04-05 10:21:49,836 - INFO -     - 依頼なし（拡張期間に依頼あり、重み=0.1）: 18
2026-04-05 10:21:49,836 - INFO - ================================================================================
2026-04-05 10:21:49,837 - INFO - 予測を実行...
2026-04-05 10:21:55,392 - INFO - ================================================================================
2026-04-05 10:21:55,392 - INFO - 評価結果 (0-3m → 3-6m):
2026-04-05 10:21:55,392 - INFO -   AUC-ROC: 0.7692
2026-04-05 10:21:55,392 - INFO -   AUC-PR: 0.7603
2026-04-05 10:21:55,392 - INFO -   Precision: 0.6190
2026-04-05 10:21:55,392 - INFO -   Recall: 0.5000
2026-04-05 10:21:55,392 - INFO -   F1 Score: 0.5532
2026-04-05 10:21:55,392 - INFO - ================================================================================
2026-04-05 10:23:26,217 - INFO - IRL特徴量重要度を保存: outputs/cross_temporal_v39/train_0-3m/eval_3-6m/irl_feature_importance.json
2026-04-05 10:23:26,217 - INFO - RFベースラインを評価...
2026-04-05 10:23:35,834 - INFO - RF予測を predictions_df に結合: 48/60 レビュアー一致
2026-04-05 10:23:35,835 - INFO - RFベースライン結果を保存: outputs/cross_temporal_v39/train_0-3m/eval_3-6m/rf_metrics.json
2026-04-05 10:23:35,835 - INFO - 結果を保存: outputs/cross_temporal_v39/train_0-3m/eval_3-6m
2026-04-05 10:23:35,864 - INFO - 
【3/10】パターン実行中...
2026-04-05 10:23:35,864 - INFO - ================================================================================
2026-04-05 10:23:35,864 - INFO - パターン: 0-3m → 6-9m
2026-04-05 10:23:35,864 - INFO - IRL訓練ラベル将来窓: 0～3ヶ月
2026-04-05 10:23:35,864 - INFO - 評価ラベル将来窓: 6～9ヶ月
2026-04-05 10:23:35,864 - INFO - ================================================================================
2026-04-05 10:23:35,864 - INFO - レビュー依頼データを読み込み: data/nova_raw.csv
2026-04-05 10:23:35,897 - INFO - 総レビュー依頼数: 26326
2026-04-05 10:23:35,898 - INFO - 承諾数: 14324 (54.4%)
2026-04-05 10:23:35,898 - INFO - 拒否数: 12002 (45.6%)
2026-04-05 10:23:35,898 - INFO - IRL訓練履歴期間: 2021-01-01 00:00:00 ～ 2023-01-01 00:00:00
2026-04-05 10:23:35,898 - INFO - IRL訓練ラベル将来窓: 0～3ヶ月 (train_history_end 基点)
2026-04-05 10:23:35,898 - INFO - 評価スナップショット日: 2023-01-01 00:00:00
2026-04-05 10:23:35,898 - INFO - 評価履歴ウィンドウ: 24ヶ月
2026-04-05 10:23:35,898 - INFO - 評価ラベル将来窓: 6～9ヶ月 (eval_cutoff 基点)
2026-04-05 10:23:35,898 - INFO - 訓練用軌跡を抽出...
2026-04-05 10:23:35,898 - INFO - ================================================================================
2026-04-05 10:23:35,898 - INFO - レビュー承諾予測用軌跡抽出を開始（データリークなし版）
2026-04-05 10:23:35,898 - INFO - 訓練期間全体: 2021-01-01 00:00:00 ～ 2023-01-01 00:00:00
2026-04-05 10:23:35,898 - INFO - 将来窓: 0～3ヶ月
2026-04-05 10:23:35,898 - INFO - 拡張ラベル期間: 0～12ヶ月
2026-04-05 10:23:35,898 - INFO - プロジェクト: 全プロジェクト
2026-04-05 10:23:35,898 - INFO - ラベル定義: この期間で承諾=1、この期間で拒否=0、依頼なし→拡張期間チェック、訓練時は拡張期間にも依頼なしで除外
2026-04-05 10:23:35,898 - INFO - データリーク防止: 訓練期間内でラベル計算
2026-04-05 10:23:35,898 - INFO - ================================================================================
2026-04-05 10:23:35,898 - INFO - 特徴量計算期間（訓練全体）: 2021-01-01 00:00:00 ～ 2023-01-01 00:00:00
2026-04-05 10:23:35,898 - INFO - 全体ラベル期間（train_end時点から）: 2023-01-01 00:00:00 ～ 2023-04-01 00:00:00
2026-04-05 10:23:35,900 - INFO - 特徴量計算期間内のレビュアー数: 233
2026-04-05 10:23:43,937 - INFO - 負例をオーバーサンプリング: 元38件 -> 76件
2026-04-05 10:23:43,937 - INFO - ================================================================================
2026-04-05 10:23:43,937 - INFO - 軌跡抽出完了: 107サンプル（レビュアー）
2026-04-05 10:23:43,937 - INFO -   スキップ（最小依頼数未満）: 0
2026-04-05 10:23:43,937 - INFO -   スキップ（訓練期間末尾まで依頼なし）: 164
2026-04-05 10:23:43,937 - INFO -   正例（この期間で承諾あり）: 31 (29.0%)
2026-04-05 10:23:43,937 - INFO -   負例（この期間で承諾なし）: 38 (35.5%)
2026-04-05 10:23:43,937 - INFO -     - 依頼あり→拒否（重み=1.0）: 14
2026-04-05 10:23:43,937 - INFO -     - 依頼なし（拡張期間に依頼あり、重み=0.1）: 24
2026-04-05 10:23:43,937 - INFO -   総ステップ数: 2461
2026-04-05 10:23:43,937 - INFO -   継続ステップ率: 28.7% (706/2461)
2026-04-05 10:23:43,937 - INFO - ================================================================================
2026-04-05 10:23:43,939 - INFO - 継続予測IRLシステムを初期化しました
2026-04-05 10:23:43,939 - INFO - 訓練データ正例率: 29.0% (31/107)
2026-04-05 10:23:43,939 - INFO - Focal Loss パラメータ更新: alpha=0.650, gamma=1.500
2026-04-05 10:23:43,939 - INFO - Focal Loss 手動設定: alpha=0.650, gamma=1.500
2026-04-05 10:23:43,939 - INFO - IRLモデルを訓練...
2026-04-05 10:23:43,939 - INFO - ============================================================
2026-04-05 10:23:43,939 - INFO - 時系列IRL訓練開始
2026-04-05 10:23:43,939 - INFO - 軌跡数: 107
2026-04-05 10:23:43,939 - INFO - エポック数: 350
2026-04-05 10:23:43,939 - INFO - ============================================================
2026-04-05 10:23:51,759 - INFO - エポック 0: 平均損失 = 0.6990, LR = 0.001000
2026-04-05 10:25:10,655 - INFO - エポック 10: 平均損失 = 0.4508, LR = 0.000968
2026-04-05 10:26:29,461 - INFO - エポック 20: 平均損失 = 0.3701, LR = 0.000876
2026-04-05 10:27:47,937 - INFO - エポック 30: 平均損失 = 0.3177, LR = 0.000737
2026-04-05 10:29:06,398 - INFO - エポック 40: 平均損失 = 0.2846, LR = 0.000567
2026-04-05 10:30:24,652 - INFO - エポック 50: 平均損失 = 0.2223, LR = 0.000390
2026-04-05 10:31:43,035 - INFO - エポック 60: 平均損失 = 0.1969, LR = 0.000227
2026-04-05 10:33:01,412 - INFO - エポック 70: 平均損失 = 0.1754, LR = 0.000100
2026-04-05 10:34:19,612 - INFO - エポック 80: 平均損失 = 0.1667, LR = 0.000026
2026-04-05 10:35:38,580 - INFO - エポック 90: 平均損失 = 0.2591, LR = 0.000997
2026-04-05 10:36:56,765 - INFO - エポック 100: 平均損失 = 0.2257, LR = 0.000946
2026-04-05 10:38:15,229 - INFO - エポック 110: 平均損失 = 0.2116, LR = 0.000839
2026-04-05 10:39:33,927 - INFO - エポック 120: 平均損失 = 0.1929, LR = 0.000688
2026-04-05 10:40:52,364 - INFO - エポック 130: 平均損失 = 0.1625, LR = 0.000514
2026-04-05 10:42:10,757 - INFO - エポック 140: 平均損失 = 0.1383, LR = 0.000339
2026-04-05 10:43:29,264 - INFO - エポック 150: 平均損失 = 0.1335, LR = 0.000185
2026-04-05 10:44:47,572 - INFO - エポック 160: 平均損失 = 0.1313, LR = 0.000072
2026-04-05 10:46:06,615 - INFO - エポック 170: 平均損失 = 0.1209, LR = 0.000015
2026-04-05 10:47:25,228 - INFO - エポック 180: 平均損失 = 0.1790, LR = 0.000988
2026-04-05 10:48:43,601 - INFO - エポック 190: 平均損失 = 0.1673, LR = 0.000920
2026-04-05 10:50:01,883 - INFO - エポック 200: 平均損失 = 0.1601, LR = 0.000797
2026-04-05 10:51:20,467 - INFO - エポック 210: 平均損失 = 0.1378, LR = 0.000637
2026-04-05 10:52:38,828 - INFO - エポック 220: 平均損失 = 0.1255, LR = 0.000460
2026-04-05 10:53:57,061 - INFO - エポック 230: 平均損失 = 0.1088, LR = 0.000289
2026-04-05 10:55:15,992 - INFO - エポック 240: 平均損失 = 0.1099, LR = 0.000146
2026-04-05 10:56:34,727 - INFO - エポック 250: 平均損失 = 0.0985, LR = 0.000049
2026-04-05 10:57:53,227 - INFO - エポック 260: 平均損失 = 0.0982, LR = 0.000010
2026-04-05 10:59:11,890 - INFO - エポック 270: 平均損失 = 0.1774, LR = 0.000974
2026-04-05 11:00:30,239 - INFO - エポック 280: 平均損失 = 0.1334, LR = 0.000888
2026-04-05 11:01:48,511 - INFO - エポック 290: 平均損失 = 0.1306, LR = 0.000753
2026-04-05 11:03:07,002 - INFO - エポック 300: 平均損失 = 0.1228, LR = 0.000585
2026-04-05 11:04:25,305 - INFO - エポック 310: 平均損失 = 0.1103, LR = 0.000407
2026-04-05 11:05:44,476 - INFO - エポック 320: 平均損失 = 0.1026, LR = 0.000242
2026-04-05 11:07:02,874 - INFO - エポック 330: 平均損失 = 0.0973, LR = 0.000111
2026-04-05 11:08:21,354 - INFO - エポック 340: 平均損失 = 0.0948, LR = 0.000031
2026-04-05 11:09:31,896 - INFO - 時系列IRL訓練完了
2026-04-05 11:09:31,896 - INFO - 訓練データ上で最適閾値を決定...
2026-04-05 11:09:38,897 - INFO - 最適閾値: 0.1116
2026-04-05 11:09:38,897 - INFO - 訓練データ性能: Precision=0.800, Recall=0.774, F1=0.787
2026-04-05 11:09:38,900 - INFO - モデルを保存: outputs/cross_temporal_v39/train_0-3m/irl_model.pt
2026-04-05 11:09:38,900 - INFO - 最適閾値を保存: outputs/cross_temporal_v39/train_0-3m/optimal_threshold.json
2026-04-05 11:09:38,900 - INFO - 評価用軌跡を抽出...
2026-04-05 11:09:38,900 - INFO - ================================================================================
2026-04-05 11:09:38,900 - INFO - 評価用軌跡抽出を開始（スナップショット特徴量用）
2026-04-05 11:09:38,900 - INFO - Cutoff日: 2023-01-01 00:00:00
2026-04-05 11:09:38,900 - INFO - 履歴ウィンドウ: 24ヶ月
2026-04-05 11:09:38,900 - INFO - 将来窓: 6～9ヶ月
2026-04-05 11:09:38,900 - INFO - 拡張ラベル期間: 6～12ヶ月
2026-04-05 11:09:38,900 - INFO - プロジェクト: 全プロジェクト
2026-04-05 11:09:38,900 - INFO - 継続判定: この期間で承諾=1、この期間で拒否=0、依頼なし→拡張期間チェック、評価時は拡張期間にも依頼なしで除外
2026-04-05 11:09:38,900 - INFO - ================================================================================
2026-04-05 11:09:38,900 - INFO - 履歴期間: 2021-01-01 00:00:00 ～ 2023-01-01 00:00:00
2026-04-05 11:09:38,900 - INFO - 評価期間: 2023-07-01 00:00:00 ～ 2023-10-01 00:00:00
2026-04-05 11:09:38,902 - INFO - 履歴期間内のレビュアー数: 233
2026-04-05 11:09:43,779 - INFO - ================================================================================
2026-04-05 11:09:43,779 - INFO - 評価用軌跡抽出完了: 47サンプル
2026-04-05 11:09:43,780 - INFO -   スキップ（最小依頼数未満）: 0
2026-04-05 11:09:43,780 - INFO -   スキップ（拡張期間にも依頼なし）: 186
2026-04-05 11:09:43,780 - INFO -   正例（この期間で承諾あり）: 22 (46.8%)
2026-04-05 11:09:43,780 - INFO -   負例（この期間で承諾なし）: 25 (53.2%)
2026-04-05 11:09:43,780 - INFO -     - 依頼あり→拒否（重み=1.0）: 11
2026-04-05 11:09:43,780 - INFO -     - 依頼なし（拡張期間に依頼あり、重み=0.1）: 14
2026-04-05 11:09:43,780 - INFO - ================================================================================
2026-04-05 11:09:43,780 - INFO - 予測を実行...
2026-04-05 11:09:47,978 - INFO - ================================================================================
2026-04-05 11:09:47,978 - INFO - 評価結果 (0-3m → 6-9m):
2026-04-05 11:09:47,978 - INFO -   AUC-ROC: 0.8673
2026-04-05 11:09:47,978 - INFO -   AUC-PR: 0.8545
2026-04-05 11:09:47,978 - INFO -   Precision: 0.8824
2026-04-05 11:09:47,978 - INFO -   Recall: 0.6818
2026-04-05 11:09:47,978 - INFO -   F1 Score: 0.7692
2026-04-05 11:09:47,978 - INFO - ================================================================================
2026-04-05 11:10:58,509 - INFO - IRL特徴量重要度を保存: outputs/cross_temporal_v39/train_0-3m/eval_6-9m/irl_feature_importance.json
2026-04-05 11:10:58,509 - INFO - RFベースラインを評価...
2026-04-05 11:11:08,194 - INFO - RF予測を predictions_df に結合: 40/47 レビュアー一致
2026-04-05 11:11:08,195 - INFO - RFベースライン結果を保存: outputs/cross_temporal_v39/train_0-3m/eval_6-9m/rf_metrics.json
2026-04-05 11:11:08,195 - INFO - 結果を保存: outputs/cross_temporal_v39/train_0-3m/eval_6-9m
2026-04-05 11:11:08,216 - INFO - 
【4/10】パターン実行中...
2026-04-05 11:11:08,217 - INFO - ================================================================================
2026-04-05 11:11:08,217 - INFO - パターン: 0-3m → 9-12m
2026-04-05 11:11:08,217 - INFO - IRL訓練ラベル将来窓: 0～3ヶ月
2026-04-05 11:11:08,217 - INFO - 評価ラベル将来窓: 9～12ヶ月
2026-04-05 11:11:08,217 - INFO - ================================================================================
2026-04-05 11:11:08,217 - INFO - レビュー依頼データを読み込み: data/nova_raw.csv
2026-04-05 11:11:08,250 - INFO - 総レビュー依頼数: 26326
2026-04-05 11:11:08,250 - INFO - 承諾数: 14324 (54.4%)
2026-04-05 11:11:08,250 - INFO - 拒否数: 12002 (45.6%)
2026-04-05 11:11:08,250 - INFO - IRL訓練履歴期間: 2021-01-01 00:00:00 ～ 2023-01-01 00:00:00
2026-04-05 11:11:08,250 - INFO - IRL訓練ラベル将来窓: 0～3ヶ月 (train_history_end 基点)
2026-04-05 11:11:08,250 - INFO - 評価スナップショット日: 2023-01-01 00:00:00
2026-04-05 11:11:08,250 - INFO - 評価履歴ウィンドウ: 24ヶ月
2026-04-05 11:11:08,250 - INFO - 評価ラベル将来窓: 9～12ヶ月 (eval_cutoff 基点)
2026-04-05 11:11:08,250 - INFO - 訓練用軌跡を抽出...
2026-04-05 11:11:08,250 - INFO - ================================================================================
2026-04-05 11:11:08,250 - INFO - レビュー承諾予測用軌跡抽出を開始（データリークなし版）
2026-04-05 11:11:08,250 - INFO - 訓練期間全体: 2021-01-01 00:00:00 ～ 2023-01-01 00:00:00
2026-04-05 11:11:08,250 - INFO - 将来窓: 0～3ヶ月
2026-04-05 11:11:08,250 - INFO - 拡張ラベル期間: 0～12ヶ月
2026-04-05 11:11:08,250 - INFO - プロジェクト: 全プロジェクト
2026-04-05 11:11:08,250 - INFO - ラベル定義: この期間で承諾=1、この期間で拒否=0、依頼なし→拡張期間チェック、訓練時は拡張期間にも依頼なしで除外
2026-04-05 11:11:08,250 - INFO - データリーク防止: 訓練期間内でラベル計算
2026-04-05 11:11:08,250 - INFO - ================================================================================
2026-04-05 11:11:08,250 - INFO - 特徴量計算期間（訓練全体）: 2021-01-01 00:00:00 ～ 2023-01-01 00:00:00
2026-04-05 11:11:08,250 - INFO - 全体ラベル期間（train_end時点から）: 2023-01-01 00:00:00 ～ 2023-04-01 00:00:00
2026-04-05 11:11:08,252 - INFO - 特徴量計算期間内のレビュアー数: 233
2026-04-05 11:11:16,258 - INFO - 負例をオーバーサンプリング: 元38件 -> 76件
2026-04-05 11:11:16,259 - INFO - ================================================================================
2026-04-05 11:11:16,259 - INFO - 軌跡抽出完了: 107サンプル（レビュアー）
2026-04-05 11:11:16,259 - INFO -   スキップ（最小依頼数未満）: 0
2026-04-05 11:11:16,259 - INFO -   スキップ（訓練期間末尾まで依頼なし）: 164
2026-04-05 11:11:16,259 - INFO -   正例（この期間で承諾あり）: 31 (29.0%)
2026-04-05 11:11:16,259 - INFO -   負例（この期間で承諾なし）: 38 (35.5%)
2026-04-05 11:11:16,259 - INFO -     - 依頼あり→拒否（重み=1.0）: 14
2026-04-05 11:11:16,259 - INFO -     - 依頼なし（拡張期間に依頼あり、重み=0.1）: 24
2026-04-05 11:11:16,259 - INFO -   総ステップ数: 2461
2026-04-05 11:11:16,259 - INFO -   継続ステップ率: 28.6% (705/2461)
2026-04-05 11:11:16,259 - INFO - ================================================================================
2026-04-05 11:11:16,261 - INFO - 継続予測IRLシステムを初期化しました
2026-04-05 11:11:16,261 - INFO - 訓練データ正例率: 29.0% (31/107)
2026-04-05 11:11:16,261 - INFO - Focal Loss パラメータ更新: alpha=0.650, gamma=1.500
2026-04-05 11:11:16,261 - INFO - Focal Loss 手動設定: alpha=0.650, gamma=1.500
2026-04-05 11:11:16,261 - INFO - IRLモデルを訓練...
2026-04-05 11:11:16,261 - INFO - ============================================================
2026-04-05 11:11:16,261 - INFO - 時系列IRL訓練開始
2026-04-05 11:11:16,261 - INFO - 軌跡数: 107
2026-04-05 11:11:16,261 - INFO - エポック数: 350
2026-04-05 11:11:16,261 - INFO - ============================================================
2026-04-05 11:11:24,245 - INFO - エポック 0: 平均損失 = 0.8694, LR = 0.001000
2026-04-05 11:12:43,746 - INFO - エポック 10: 平均損失 = 0.4371, LR = 0.000968
2026-04-05 11:14:03,682 - INFO - エポック 20: 平均損失 = 0.3573, LR = 0.000876
2026-04-05 11:15:24,611 - INFO - エポック 30: 平均損失 = 0.2518, LR = 0.000737
2026-04-05 11:16:44,654 - INFO - エポック 40: 平均損失 = 0.2106, LR = 0.000567
2026-04-05 11:18:05,649 - INFO - エポック 50: 平均損失 = 0.1776, LR = 0.000390
2026-04-05 11:19:59,848 - INFO - エポック 60: 平均損失 = 0.1668, LR = 0.000227
2026-04-05 11:21:45,525 - INFO - エポック 70: 平均損失 = 0.1490, LR = 0.000100
2026-04-05 11:23:28,084 - INFO - エポック 80: 平均損失 = 0.1435, LR = 0.000026
2026-04-05 11:25:12,351 - INFO - エポック 90: 平均損失 = 0.2115, LR = 0.000997
2026-04-05 11:26:56,072 - INFO - エポック 100: 平均損失 = 0.2008, LR = 0.000946
2026-04-05 11:28:39,499 - INFO - エポック 110: 平均損失 = 0.1826, LR = 0.000839
2026-04-05 11:30:22,992 - INFO - エポック 120: 平均損失 = 0.1630, LR = 0.000688
2026-04-05 11:32:06,435 - INFO - エポック 130: 平均損失 = 0.1340, LR = 0.000514
2026-04-05 11:33:50,059 - INFO - エポック 140: 平均損失 = 0.1312, LR = 0.000339
2026-04-05 11:35:34,152 - INFO - エポック 150: 平均損失 = 0.1160, LR = 0.000185
2026-04-05 11:37:17,353 - INFO - エポック 160: 平均損失 = 0.1108, LR = 0.000072
2026-04-05 11:39:01,950 - INFO - エポック 170: 平均損失 = 0.1109, LR = 0.000015
2026-04-05 11:40:47,283 - INFO - エポック 180: 平均損失 = 0.1960, LR = 0.000988
2026-04-05 11:42:31,169 - INFO - エポック 190: 平均損失 = 0.1668, LR = 0.000920
2026-04-05 11:44:17,742 - INFO - エポック 200: 平均損失 = 0.1488, LR = 0.000797
2026-04-05 11:46:13,833 - INFO - エポック 210: 平均損失 = 0.1268, LR = 0.000637
2026-04-05 11:48:22,154 - INFO - エポック 220: 平均損失 = 0.1110, LR = 0.000460
2026-04-05 11:50:58,268 - INFO - エポック 230: 平均損失 = 0.1021, LR = 0.000289
2026-04-05 11:53:26,276 - INFO - エポック 240: 平均損失 = 0.0999, LR = 0.000146
2026-04-05 11:55:53,604 - INFO - エポック 250: 平均損失 = 0.0991, LR = 0.000049
2026-04-05 11:58:19,804 - INFO - エポック 260: 平均損失 = 0.0969, LR = 0.000010
2026-04-05 12:00:46,721 - INFO - エポック 270: 平均損失 = 0.1477, LR = 0.000974
2026-04-05 12:03:11,658 - INFO - エポック 280: 平均損失 = 0.1248, LR = 0.000888
2026-04-05 12:05:38,584 - INFO - エポック 290: 平均損失 = 0.1236, LR = 0.000753
2026-04-05 12:08:03,590 - INFO - エポック 300: 平均損失 = 0.1115, LR = 0.000585
2026-04-05 12:10:28,788 - INFO - エポック 310: 平均損失 = 0.1013, LR = 0.000407
2026-04-05 12:12:40,287 - INFO - エポック 320: 平均損失 = 0.0985, LR = 0.000242
2026-04-05 12:14:36,089 - INFO - エポック 330: 平均損失 = 0.0931, LR = 0.000111
2026-04-05 12:16:25,267 - INFO - エポック 340: 平均損失 = 0.0871, LR = 0.000031
2026-04-05 12:17:58,986 - INFO - 時系列IRL訓練完了
2026-04-05 12:17:58,988 - INFO - 訓練データ上で最適閾値を決定...
2026-04-05 12:18:08,419 - INFO - 最適閾値: 0.3943
2026-04-05 12:18:08,419 - INFO - 訓練データ性能: Precision=1.000, Recall=0.645, F1=0.784
2026-04-05 12:18:08,423 - INFO - モデルを保存: outputs/cross_temporal_v39/train_0-3m/irl_model.pt
2026-04-05 12:18:08,423 - INFO - 最適閾値を保存: outputs/cross_temporal_v39/train_0-3m/optimal_threshold.json
2026-04-05 12:18:08,423 - INFO - 評価用軌跡を抽出...
2026-04-05 12:18:08,423 - INFO - ================================================================================
2026-04-05 12:18:08,423 - INFO - 評価用軌跡抽出を開始（スナップショット特徴量用）
2026-04-05 12:18:08,423 - INFO - Cutoff日: 2023-01-01 00:00:00
2026-04-05 12:18:08,423 - INFO - 履歴ウィンドウ: 24ヶ月
2026-04-05 12:18:08,423 - INFO - 将来窓: 9～12ヶ月
2026-04-05 12:18:08,423 - INFO - 拡張ラベル期間: 9～12ヶ月
2026-04-05 12:18:08,423 - INFO - プロジェクト: 全プロジェクト
2026-04-05 12:18:08,423 - INFO - 継続判定: この期間で承諾=1、この期間で拒否=0、依頼なし→拡張期間チェック、評価時は拡張期間にも依頼なしで除外
2026-04-05 12:18:08,423 - INFO - ================================================================================
2026-04-05 12:18:08,424 - INFO - 履歴期間: 2021-01-01 00:00:00 ～ 2023-01-01 00:00:00
2026-04-05 12:18:08,424 - INFO - 評価期間: 2023-10-01 00:00:00 ～ 2024-01-01 00:00:00
2026-04-05 12:18:08,426 - INFO - 履歴期間内のレビュアー数: 233
2026-04-05 12:18:14,203 - INFO - ================================================================================
2026-04-05 12:18:14,203 - INFO - 評価用軌跡抽出完了: 38サンプル
2026-04-05 12:18:14,203 - INFO -   スキップ（最小依頼数未満）: 0
2026-04-05 12:18:14,203 - INFO -   スキップ（拡張期間にも依頼なし）: 195
2026-04-05 12:18:14,203 - INFO -   正例（この期間で承諾あり）: 28 (73.7%)
2026-04-05 12:18:14,203 - INFO -   負例（この期間で承諾なし）: 10 (26.3%)
2026-04-05 12:18:14,203 - INFO -     - 依頼あり→拒否（重み=1.0）: 10
2026-04-05 12:18:14,203 - INFO - ================================================================================
2026-04-05 12:18:14,203 - INFO - 予測を実行...
2026-04-05 12:18:19,033 - INFO - ================================================================================
2026-04-05 12:18:19,033 - INFO - 評価結果 (0-3m → 9-12m):
2026-04-05 12:18:19,033 - INFO -   AUC-ROC: 0.7893
2026-04-05 12:18:19,033 - INFO -   AUC-PR: 0.9273
2026-04-05 12:18:19,033 - INFO -   Precision: 1.0000
2026-04-05 12:18:19,033 - INFO -   Recall: 0.5000
2026-04-05 12:18:19,033 - INFO -   F1 Score: 0.6667
2026-04-05 12:18:19,033 - INFO - ================================================================================
2026-04-05 12:19:47,727 - INFO - IRL特徴量重要度を保存: outputs/cross_temporal_v39/train_0-3m/eval_9-12m/irl_feature_importance.json
2026-04-05 12:19:47,728 - INFO - RFベースラインを評価...
2026-04-05 12:20:00,654 - INFO - RF予測を predictions_df に結合: 38/38 レビュアー一致
2026-04-05 12:20:00,654 - INFO - RFベースライン結果を保存: outputs/cross_temporal_v39/train_0-3m/eval_9-12m/rf_metrics.json
2026-04-05 12:20:00,655 - INFO - 結果を保存: outputs/cross_temporal_v39/train_0-3m/eval_9-12m
2026-04-05 12:20:00,682 - INFO - 
【5/10】パターン実行中...
2026-04-05 12:20:00,683 - INFO - ================================================================================
2026-04-05 12:20:00,683 - INFO - パターン: 3-6m → 3-6m
2026-04-05 12:20:00,683 - INFO - IRL訓練ラベル将来窓: 3～6ヶ月
2026-04-05 12:20:00,683 - INFO - 評価ラベル将来窓: 3～6ヶ月
2026-04-05 12:20:00,683 - INFO - ================================================================================
2026-04-05 12:20:00,683 - INFO - レビュー依頼データを読み込み: data/nova_raw.csv
2026-04-05 12:20:00,728 - INFO - 総レビュー依頼数: 26326
2026-04-05 12:20:00,728 - INFO - 承諾数: 14324 (54.4%)
2026-04-05 12:20:00,729 - INFO - 拒否数: 12002 (45.6%)
2026-04-05 12:20:00,729 - INFO - IRL訓練履歴期間: 2021-01-01 00:00:00 ～ 2023-01-01 00:00:00
2026-04-05 12:20:00,729 - INFO - IRL訓練ラベル将来窓: 3～6ヶ月 (train_history_end 基点)
2026-04-05 12:20:00,729 - INFO - 評価スナップショット日: 2023-01-01 00:00:00
2026-04-05 12:20:00,729 - INFO - 評価履歴ウィンドウ: 24ヶ月
2026-04-05 12:20:00,729 - INFO - 評価ラベル将来窓: 3～6ヶ月 (eval_cutoff 基点)
2026-04-05 12:20:00,729 - INFO - 訓練用軌跡を抽出...
2026-04-05 12:20:00,729 - INFO - ================================================================================
2026-04-05 12:20:00,729 - INFO - レビュー承諾予測用軌跡抽出を開始（データリークなし版）
2026-04-05 12:20:00,729 - INFO - 訓練期間全体: 2021-01-01 00:00:00 ～ 2023-01-01 00:00:00
2026-04-05 12:20:00,729 - INFO - 将来窓: 3～6ヶ月
2026-04-05 12:20:00,729 - INFO - 拡張ラベル期間: 3～12ヶ月
2026-04-05 12:20:00,729 - INFO - プロジェクト: 全プロジェクト
2026-04-05 12:20:00,729 - INFO - ラベル定義: この期間で承諾=1、この期間で拒否=0、依頼なし→拡張期間チェック、訓練時は拡張期間にも依頼なしで除外
2026-04-05 12:20:00,729 - INFO - データリーク防止: 訓練期間内でラベル計算
2026-04-05 12:20:00,729 - INFO - ================================================================================
2026-04-05 12:20:00,729 - INFO - 特徴量計算期間（訓練全体）: 2021-01-01 00:00:00 ～ 2023-01-01 00:00:00
2026-04-05 12:20:00,729 - INFO - 全体ラベル期間（train_end時点から）: 2023-04-01 00:00:00 ～ 2023-07-01 00:00:00
2026-04-05 12:20:00,731 - INFO - 特徴量計算期間内のレビュアー数: 233
2026-04-05 12:20:09,264 - INFO - 負例をオーバーサンプリング: 元34件 -> 68件
2026-04-05 12:20:09,264 - INFO - ================================================================================
2026-04-05 12:20:09,264 - INFO - 軌跡抽出完了: 94サンプル（レビュアー）
2026-04-05 12:20:09,264 - INFO -   スキップ（最小依頼数未満）: 0
2026-04-05 12:20:09,264 - INFO -   スキップ（訓練期間末尾まで依頼なし）: 173
2026-04-05 12:20:09,264 - INFO -   正例（この期間で承諾あり）: 26 (27.7%)
2026-04-05 12:20:09,264 - INFO -   負例（この期間で承諾なし）: 34 (36.2%)
2026-04-05 12:20:09,264 - INFO -     - 依頼あり→拒否（重み=1.0）: 16
2026-04-05 12:20:09,264 - INFO -     - 依頼なし（拡張期間に依頼あり、重み=0.1）: 18
2026-04-05 12:20:09,264 - INFO -   総ステップ数: 1880
2026-04-05 12:20:09,264 - INFO -   継続ステップ率: 33.4% (627/1880)
2026-04-05 12:20:09,264 - INFO - ================================================================================
2026-04-05 12:20:09,267 - INFO - 継続予測IRLシステムを初期化しました
2026-04-05 12:20:09,267 - INFO - 訓練データ正例率: 27.7% (26/94)
2026-04-05 12:20:09,267 - INFO - Focal Loss パラメータ更新: alpha=0.650, gamma=1.500
2026-04-05 12:20:09,267 - INFO - Focal Loss 手動設定: alpha=0.650, gamma=1.500
2026-04-05 12:20:09,267 - INFO - IRLモデルを訓練...
2026-04-05 12:20:09,267 - INFO - ============================================================
2026-04-05 12:20:09,267 - INFO - 時系列IRL訓練開始
2026-04-05 12:20:09,267 - INFO - 軌跡数: 94
2026-04-05 12:20:09,267 - INFO - エポック数: 350
2026-04-05 12:20:09,267 - INFO - ============================================================
2026-04-05 12:20:17,326 - INFO - エポック 0: 平均損失 = 0.9640, LR = 0.001000
2026-04-05 12:21:38,840 - INFO - エポック 10: 平均損失 = 0.5387, LR = 0.000968
2026-04-05 12:23:00,213 - INFO - エポック 20: 平均損失 = 0.4578, LR = 0.000876
2026-04-05 12:24:21,423 - INFO - エポック 30: 平均損失 = 0.3818, LR = 0.000737
2026-04-05 12:25:43,557 - INFO - エポック 40: 平均損失 = 0.3254, LR = 0.000567
2026-04-05 12:27:05,114 - INFO - エポック 50: 平均損失 = 0.2661, LR = 0.000390
2026-04-05 12:28:26,651 - INFO - エポック 60: 平均損失 = 0.2373, LR = 0.000227
2026-04-05 12:29:47,930 - INFO - エポック 70: 平均損失 = 0.2196, LR = 0.000100
2026-04-05 12:31:10,024 - INFO - エポック 80: 平均損失 = 0.2192, LR = 0.000026
2026-04-05 12:32:31,197 - INFO - エポック 90: 平均損失 = 0.2930, LR = 0.000997
2026-04-05 12:33:52,159 - INFO - エポック 100: 平均損失 = 0.2852, LR = 0.000946
2026-04-05 12:35:14,658 - INFO - エポック 110: 平均損失 = 0.2387, LR = 0.000839
2026-04-05 12:36:36,231 - INFO - エポック 120: 平均損失 = 0.2251, LR = 0.000688
2026-04-05 12:37:57,577 - INFO - エポック 130: 平均損失 = 0.1969, LR = 0.000514
2026-04-05 12:39:20,105 - INFO - エポック 140: 平均損失 = 0.1731, LR = 0.000339
2026-04-05 12:40:41,526 - INFO - エポック 150: 平均損失 = 0.1579, LR = 0.000185
2026-04-05 12:42:03,010 - INFO - エポック 160: 平均損失 = 0.1568, LR = 0.000072
2026-04-05 12:43:24,396 - INFO - エポック 170: 平均損失 = 0.1451, LR = 0.000015
2026-04-05 12:44:45,729 - INFO - エポック 180: 平均損失 = 0.2524, LR = 0.000988
2026-04-05 12:46:10,529 - INFO - エポック 190: 平均損失 = 0.2302, LR = 0.000920
2026-04-05 12:47:39,949 - INFO - エポック 200: 平均損失 = 0.1802, LR = 0.000797
2026-04-05 12:49:15,766 - INFO - エポック 210: 平均損失 = 0.1626, LR = 0.000637
2026-04-05 12:51:05,108 - INFO - エポック 220: 平均損失 = 0.1564, LR = 0.000460
2026-04-05 12:52:44,898 - INFO - エポック 230: 平均損失 = 0.1578, LR = 0.000289
2026-04-05 12:54:23,455 - INFO - エポック 240: 平均損失 = 0.1472, LR = 0.000146
2026-04-05 12:56:03,806 - INFO - エポック 250: 平均損失 = 0.1357, LR = 0.000049
2026-04-05 12:57:42,685 - INFO - エポック 260: 平均損失 = 0.1322, LR = 0.000010
2026-04-05 12:59:21,187 - INFO - エポック 270: 平均損失 = 0.1914, LR = 0.000974
2026-04-05 13:01:00,258 - INFO - エポック 280: 平均損失 = 0.1824, LR = 0.000888
2026-04-05 13:02:38,861 - INFO - エポック 290: 平均損失 = 0.1718, LR = 0.000753
2026-04-05 13:04:17,415 - INFO - エポック 300: 平均損失 = 0.1622, LR = 0.000585
2026-04-05 13:05:57,544 - INFO - エポック 310: 平均損失 = 0.1456, LR = 0.000407
2026-04-05 13:07:35,952 - INFO - エポック 320: 平均損失 = 0.1354, LR = 0.000242
2026-04-05 13:09:14,224 - INFO - エポック 330: 平均損失 = 0.1297, LR = 0.000111
2026-04-05 13:10:52,773 - INFO - エポック 340: 平均損失 = 0.1291, LR = 0.000031
2026-04-05 13:12:22,013 - INFO - 時系列IRL訓練完了
2026-04-05 13:12:22,014 - INFO - 訓練データ上で最適閾値を決定...
2026-04-05 13:12:31,299 - INFO - 最適閾値: 0.9723
2026-04-05 13:12:31,299 - INFO - 訓練データ性能: Precision=1.000, Recall=0.500, F1=0.667
2026-04-05 13:12:31,305 - INFO - モデルを保存: outputs/cross_temporal_v39/train_3-6m/irl_model.pt
2026-04-05 13:12:31,305 - INFO - 最適閾値を保存: outputs/cross_temporal_v39/train_3-6m/optimal_threshold.json
2026-04-05 13:12:31,305 - INFO - 評価用軌跡を抽出...
2026-04-05 13:12:31,305 - INFO - ================================================================================
2026-04-05 13:12:31,305 - INFO - 評価用軌跡抽出を開始（スナップショット特徴量用）
2026-04-05 13:12:31,305 - INFO - Cutoff日: 2023-01-01 00:00:00
2026-04-05 13:12:31,305 - INFO - 履歴ウィンドウ: 24ヶ月
2026-04-05 13:12:31,305 - INFO - 将来窓: 3～6ヶ月
2026-04-05 13:12:31,305 - INFO - 拡張ラベル期間: 3～12ヶ月
2026-04-05 13:12:31,305 - INFO - プロジェクト: 全プロジェクト
2026-04-05 13:12:31,305 - INFO - 継続判定: この期間で承諾=1、この期間で拒否=0、依頼なし→拡張期間チェック、評価時は拡張期間にも依頼なしで除外
2026-04-05 13:12:31,305 - INFO - ================================================================================
2026-04-05 13:12:31,305 - INFO - 履歴期間: 2021-01-01 00:00:00 ～ 2023-01-01 00:00:00
2026-04-05 13:12:31,306 - INFO - 評価期間: 2023-04-01 00:00:00 ～ 2023-07-01 00:00:00
2026-04-05 13:12:31,309 - INFO - 履歴期間内のレビュアー数: 233
2026-04-05 13:12:41,787 - INFO - ================================================================================
2026-04-05 13:12:41,787 - INFO - 評価用軌跡抽出完了: 60サンプル
2026-04-05 13:12:41,787 - INFO -   スキップ（最小依頼数未満）: 0
2026-04-05 13:12:41,787 - INFO -   スキップ（拡張期間にも依頼なし）: 173
2026-04-05 13:12:41,787 - INFO -   正例（この期間で承諾あり）: 26 (43.3%)
2026-04-05 13:12:41,787 - INFO -   負例（この期間で承諾なし）: 34 (56.7%)
2026-04-05 13:12:41,787 - INFO -     - 依頼あり→拒否（重み=1.0）: 16
2026-04-05 13:12:41,787 - INFO -     - 依頼なし（拡張期間に依頼あり、重み=0.1）: 18
2026-04-05 13:12:41,787 - INFO - ================================================================================
2026-04-05 13:12:41,788 - INFO - 予測を実行...
2026-04-05 13:12:50,250 - INFO - ================================================================================
2026-04-05 13:12:50,250 - INFO - 評価結果 (3-6m → 3-6m):
2026-04-05 13:12:50,250 - INFO -   AUC-ROC: 0.8179
2026-04-05 13:12:50,250 - INFO -   AUC-PR: 0.8075
2026-04-05 13:12:50,250 - INFO -   Precision: 0.7895
2026-04-05 13:12:50,250 - INFO -   Recall: 0.5769
2026-04-05 13:12:50,250 - INFO -   F1 Score: 0.6667
2026-04-05 13:12:50,250 - INFO - ================================================================================
2026-04-05 13:15:16,294 - INFO - IRL特徴量重要度を保存: outputs/cross_temporal_v39/train_3-6m/eval_3-6m/irl_feature_importance.json
2026-04-05 13:15:16,294 - INFO - RFベースラインを評価...
2026-04-05 13:15:28,665 - INFO - RF予測を predictions_df に結合: 48/60 レビュアー一致
2026-04-05 13:15:28,666 - INFO - RFベースライン結果を保存: outputs/cross_temporal_v39/train_3-6m/eval_3-6m/rf_metrics.json
2026-04-05 13:15:28,667 - INFO - 結果を保存: outputs/cross_temporal_v39/train_3-6m/eval_3-6m
2026-04-05 13:15:28,705 - INFO - 
【6/10】パターン実行中...
2026-04-05 13:15:28,706 - INFO - ================================================================================
2026-04-05 13:15:28,706 - INFO - パターン: 3-6m → 6-9m
2026-04-05 13:15:28,706 - INFO - IRL訓練ラベル将来窓: 3～6ヶ月
2026-04-05 13:15:28,706 - INFO - 評価ラベル将来窓: 6～9ヶ月
2026-04-05 13:15:28,706 - INFO - ================================================================================
2026-04-05 13:15:28,706 - INFO - レビュー依頼データを読み込み: data/nova_raw.csv
2026-04-05 13:15:28,761 - INFO - 総レビュー依頼数: 26326
2026-04-05 13:15:28,761 - INFO - 承諾数: 14324 (54.4%)
2026-04-05 13:15:28,761 - INFO - 拒否数: 12002 (45.6%)
2026-04-05 13:15:28,762 - INFO - IRL訓練履歴期間: 2021-01-01 00:00:00 ～ 2023-01-01 00:00:00
2026-04-05 13:15:28,762 - INFO - IRL訓練ラベル将来窓: 3～6ヶ月 (train_history_end 基点)
2026-04-05 13:15:28,762 - INFO - 評価スナップショット日: 2023-01-01 00:00:00
2026-04-05 13:15:28,762 - INFO - 評価履歴ウィンドウ: 24ヶ月
2026-04-05 13:15:28,762 - INFO - 評価ラベル将来窓: 6～9ヶ月 (eval_cutoff 基点)
2026-04-05 13:15:28,762 - INFO - 訓練用軌跡を抽出...
2026-04-05 13:15:28,762 - INFO - ================================================================================
2026-04-05 13:15:28,762 - INFO - レビュー承諾予測用軌跡抽出を開始（データリークなし版）
2026-04-05 13:15:28,762 - INFO - 訓練期間全体: 2021-01-01 00:00:00 ～ 2023-01-01 00:00:00
2026-04-05 13:15:28,762 - INFO - 将来窓: 3～6ヶ月
2026-04-05 13:15:28,762 - INFO - 拡張ラベル期間: 3～12ヶ月
2026-04-05 13:15:28,762 - INFO - プロジェクト: 全プロジェクト
2026-04-05 13:15:28,762 - INFO - ラベル定義: この期間で承諾=1、この期間で拒否=0、依頼なし→拡張期間チェック、訓練時は拡張期間にも依頼なしで除外
2026-04-05 13:15:28,762 - INFO - データリーク防止: 訓練期間内でラベル計算
2026-04-05 13:15:28,762 - INFO - ================================================================================
2026-04-05 13:15:28,762 - INFO - 特徴量計算期間（訓練全体）: 2021-01-01 00:00:00 ～ 2023-01-01 00:00:00
2026-04-05 13:15:28,762 - INFO - 全体ラベル期間（train_end時点から）: 2023-04-01 00:00:00 ～ 2023-07-01 00:00:00
2026-04-05 13:15:28,765 - INFO - 特徴量計算期間内のレビュアー数: 233
2026-04-05 13:15:38,659 - INFO - 負例をオーバーサンプリング: 元34件 -> 68件
2026-04-05 13:15:38,659 - INFO - ================================================================================
2026-04-05 13:15:38,659 - INFO - 軌跡抽出完了: 94サンプル（レビュアー）
2026-04-05 13:15:38,659 - INFO -   スキップ（最小依頼数未満）: 0
2026-04-05 13:15:38,659 - INFO -   スキップ（訓練期間末尾まで依頼なし）: 173
2026-04-05 13:15:38,659 - INFO -   正例（この期間で承諾あり）: 26 (27.7%)
2026-04-05 13:15:38,659 - INFO -   負例（この期間で承諾なし）: 34 (36.2%)
2026-04-05 13:15:38,659 - INFO -     - 依頼あり→拒否（重み=1.0）: 16
2026-04-05 13:15:38,659 - INFO -     - 依頼なし（拡張期間に依頼あり、重み=0.1）: 18
2026-04-05 13:15:38,659 - INFO -   総ステップ数: 1880
2026-04-05 13:15:38,659 - INFO -   継続ステップ率: 33.9% (637/1880)
2026-04-05 13:15:38,659 - INFO - ================================================================================
2026-04-05 13:15:38,662 - INFO - 継続予測IRLシステムを初期化しました
2026-04-05 13:15:38,662 - INFO - 訓練データ正例率: 27.7% (26/94)
2026-04-05 13:15:38,662 - INFO - Focal Loss パラメータ更新: alpha=0.650, gamma=1.500
2026-04-05 13:15:38,662 - INFO - Focal Loss 手動設定: alpha=0.650, gamma=1.500
2026-04-05 13:15:38,662 - INFO - IRLモデルを訓練...
2026-04-05 13:15:38,662 - INFO - ============================================================
2026-04-05 13:15:38,662 - INFO - 時系列IRL訓練開始
2026-04-05 13:15:38,662 - INFO - 軌跡数: 94
2026-04-05 13:15:38,662 - INFO - エポック数: 350
2026-04-05 13:15:38,662 - INFO - ============================================================
2026-04-05 13:15:48,484 - INFO - エポック 0: 平均損失 = 0.9644, LR = 0.001000
2026-04-05 13:17:29,648 - INFO - エポック 10: 平均損失 = 0.5235, LR = 0.000968
2026-04-05 13:19:09,374 - INFO - エポック 20: 平均損失 = 0.3897, LR = 0.000876
2026-04-05 13:20:49,425 - INFO - エポック 30: 平均損失 = 0.3359, LR = 0.000737
2026-04-05 13:22:29,135 - INFO - エポック 40: 平均損失 = 0.3015, LR = 0.000567
2026-04-05 13:24:09,069 - INFO - エポック 50: 平均損失 = 0.2401, LR = 0.000390
2026-04-05 13:25:49,826 - INFO - エポック 60: 平均損失 = 0.2169, LR = 0.000227
2026-04-05 13:27:29,477 - INFO - エポック 70: 平均損失 = 0.1912, LR = 0.000100
2026-04-05 13:29:09,338 - INFO - エポック 80: 平均損失 = 0.1828, LR = 0.000026
2026-04-05 13:30:49,122 - INFO - エポック 90: 平均損失 = 0.3362, LR = 0.000997
2026-04-05 13:32:21,505 - INFO - エポック 100: 平均損失 = 0.2515, LR = 0.000946
2026-04-05 13:33:47,476 - INFO - エポック 110: 平均損失 = 0.2494, LR = 0.000839
2026-04-05 13:35:14,479 - INFO - エポック 120: 平均損失 = 0.2070, LR = 0.000688
2026-04-05 13:36:40,724 - INFO - エポック 130: 平均損失 = 0.1737, LR = 0.000514
2026-04-05 13:38:07,048 - INFO - エポック 140: 平均損失 = 0.1766, LR = 0.000339
2026-04-05 13:39:37,318 - INFO - エポック 150: 平均損失 = 0.1573, LR = 0.000185
2026-04-05 13:41:04,974 - INFO - エポック 160: 平均損失 = 0.1525, LR = 0.000072
2026-04-05 13:42:31,235 - INFO - エポック 170: 平均損失 = 0.1469, LR = 0.000015
2026-04-05 13:43:57,811 - INFO - エポック 180: 平均損失 = 0.2145, LR = 0.000988
2026-04-05 13:45:25,795 - INFO - エポック 190: 平均損失 = 0.2124, LR = 0.000920
2026-04-05 13:46:52,192 - INFO - エポック 200: 平均損失 = 0.2123, LR = 0.000797
2026-04-05 13:48:19,251 - INFO - エポック 210: 平均損失 = 0.1682, LR = 0.000637
2026-04-05 13:49:45,442 - INFO - エポック 220: 平均損失 = 0.1556, LR = 0.000460
2026-04-05 13:51:14,021 - INFO - エポック 230: 平均損失 = 0.1447, LR = 0.000289
2026-04-05 13:52:40,635 - INFO - エポック 240: 平均損失 = 0.1399, LR = 0.000146
2026-04-05 13:54:07,010 - INFO - エポック 250: 平均損失 = 0.1484, LR = 0.000049
2026-04-05 13:55:34,356 - INFO - エポック 260: 平均損失 = 0.1401, LR = 0.000010
2026-04-05 13:57:01,590 - INFO - エポック 270: 平均損失 = 0.2084, LR = 0.000974
2026-04-05 13:58:28,065 - INFO - エポック 280: 平均損失 = 0.1871, LR = 0.000888
2026-04-05 13:59:54,532 - INFO - エポック 290: 平均損失 = 0.1771, LR = 0.000753
2026-04-05 14:01:21,665 - INFO - エポック 300: 平均損失 = 0.1680, LR = 0.000585
2026-04-05 14:02:48,321 - INFO - エポック 310: 平均損失 = 0.1515, LR = 0.000407
2026-04-05 14:04:14,730 - INFO - エポック 320: 平均損失 = 0.1416, LR = 0.000242
2026-04-05 14:05:42,839 - INFO - エポック 330: 平均損失 = 0.1364, LR = 0.000111
2026-04-05 14:07:09,747 - INFO - エポック 340: 平均損失 = 0.1340, LR = 0.000031
2026-04-05 14:08:27,698 - INFO - 時系列IRL訓練完了
2026-04-05 14:08:27,698 - INFO - 訓練データ上で最適閾値を決定...
2026-04-05 14:08:35,524 - INFO - 最適閾値: 0.9341
2026-04-05 14:08:35,524 - INFO - 訓練データ性能: Precision=1.000, Recall=0.500, F1=0.667
2026-04-05 14:08:35,528 - INFO - モデルを保存: outputs/cross_temporal_v39/train_3-6m/irl_model.pt
2026-04-05 14:08:35,528 - INFO - 最適閾値を保存: outputs/cross_temporal_v39/train_3-6m/optimal_threshold.json
2026-04-05 14:08:35,528 - INFO - 評価用軌跡を抽出...
2026-04-05 14:08:35,528 - INFO - ================================================================================
2026-04-05 14:08:35,528 - INFO - 評価用軌跡抽出を開始（スナップショット特徴量用）
2026-04-05 14:08:35,529 - INFO - Cutoff日: 2023-01-01 00:00:00
2026-04-05 14:08:35,529 - INFO - 履歴ウィンドウ: 24ヶ月
2026-04-05 14:08:35,529 - INFO - 将来窓: 6～9ヶ月
2026-04-05 14:08:35,529 - INFO - 拡張ラベル期間: 6～12ヶ月
2026-04-05 14:08:35,529 - INFO - プロジェクト: 全プロジェクト
2026-04-05 14:08:35,529 - INFO - 継続判定: この期間で承諾=1、この期間で拒否=0、依頼なし→拡張期間チェック、評価時は拡張期間にも依頼なしで除外
2026-04-05 14:08:35,529 - INFO - ================================================================================
2026-04-05 14:08:35,529 - INFO - 履歴期間: 2021-01-01 00:00:00 ～ 2023-01-01 00:00:00
2026-04-05 14:08:35,529 - INFO - 評価期間: 2023-07-01 00:00:00 ～ 2023-10-01 00:00:00
2026-04-05 14:08:35,532 - INFO - 履歴期間内のレビュアー数: 233
2026-04-05 14:08:42,511 - INFO - ================================================================================
2026-04-05 14:08:42,512 - INFO - 評価用軌跡抽出完了: 47サンプル
2026-04-05 14:08:42,512 - INFO -   スキップ（最小依頼数未満）: 0
2026-04-05 14:08:42,512 - INFO -   スキップ（拡張期間にも依頼なし）: 186
2026-04-05 14:08:42,512 - INFO -   正例（この期間で承諾あり）: 22 (46.8%)
2026-04-05 14:08:42,512 - INFO -   負例（この期間で承諾なし）: 25 (53.2%)
2026-04-05 14:08:42,512 - INFO -     - 依頼あり→拒否（重み=1.0）: 11
2026-04-05 14:08:42,512 - INFO -     - 依頼なし（拡張期間に依頼あり、重み=0.1）: 14
2026-04-05 14:08:42,512 - INFO - ================================================================================
2026-04-05 14:08:42,512 - INFO - 予測を実行...
2026-04-05 14:08:48,328 - INFO - ================================================================================
2026-04-05 14:08:48,328 - INFO - 評価結果 (3-6m → 6-9m):
2026-04-05 14:08:48,328 - INFO -   AUC-ROC: 0.8109
2026-04-05 14:08:48,328 - INFO -   AUC-PR: 0.7028
2026-04-05 14:08:48,328 - INFO -   Precision: 0.8000
2026-04-05 14:08:48,328 - INFO -   Recall: 0.3636
2026-04-05 14:08:48,328 - INFO -   F1 Score: 0.5000
2026-04-05 14:08:48,328 - INFO - ================================================================================
2026-04-05 14:10:26,279 - INFO - IRL特徴量重要度を保存: outputs/cross_temporal_v39/train_3-6m/eval_6-9m/irl_feature_importance.json
2026-04-05 14:10:26,280 - INFO - RFベースラインを評価...
2026-04-05 14:10:36,907 - INFO - RF予測を predictions_df に結合: 40/47 レビュアー一致
2026-04-05 14:10:36,908 - INFO - RFベースライン結果を保存: outputs/cross_temporal_v39/train_3-6m/eval_6-9m/rf_metrics.json
2026-04-05 14:10:36,908 - INFO - 結果を保存: outputs/cross_temporal_v39/train_3-6m/eval_6-9m
2026-04-05 14:10:36,934 - INFO - 
【7/10】パターン実行中...
2026-04-05 14:10:36,934 - INFO - ================================================================================
2026-04-05 14:10:36,934 - INFO - パターン: 3-6m → 9-12m
2026-04-05 14:10:36,934 - INFO - IRL訓練ラベル将来窓: 3～6ヶ月
2026-04-05 14:10:36,934 - INFO - 評価ラベル将来窓: 9～12ヶ月
2026-04-05 14:10:36,934 - INFO - ================================================================================
2026-04-05 14:10:36,935 - INFO - レビュー依頼データを読み込み: data/nova_raw.csv
2026-04-05 14:10:36,979 - INFO - 総レビュー依頼数: 26326
2026-04-05 14:10:36,980 - INFO - 承諾数: 14324 (54.4%)
2026-04-05 14:10:36,980 - INFO - 拒否数: 12002 (45.6%)
2026-04-05 14:10:36,980 - INFO - IRL訓練履歴期間: 2021-01-01 00:00:00 ～ 2023-01-01 00:00:00
2026-04-05 14:10:36,980 - INFO - IRL訓練ラベル将来窓: 3～6ヶ月 (train_history_end 基点)
2026-04-05 14:10:36,980 - INFO - 評価スナップショット日: 2023-01-01 00:00:00
2026-04-05 14:10:36,980 - INFO - 評価履歴ウィンドウ: 24ヶ月
2026-04-05 14:10:36,980 - INFO - 評価ラベル将来窓: 9～12ヶ月 (eval_cutoff 基点)
2026-04-05 14:10:36,980 - INFO - 訓練用軌跡を抽出...
2026-04-05 14:10:36,980 - INFO - ================================================================================
2026-04-05 14:10:36,980 - INFO - レビュー承諾予測用軌跡抽出を開始（データリークなし版）
2026-04-05 14:10:36,980 - INFO - 訓練期間全体: 2021-01-01 00:00:00 ～ 2023-01-01 00:00:00
2026-04-05 14:10:36,980 - INFO - 将来窓: 3～6ヶ月
2026-04-05 14:10:36,980 - INFO - 拡張ラベル期間: 3～12ヶ月
2026-04-05 14:10:36,980 - INFO - プロジェクト: 全プロジェクト
2026-04-05 14:10:36,980 - INFO - ラベル定義: この期間で承諾=1、この期間で拒否=0、依頼なし→拡張期間チェック、訓練時は拡張期間にも依頼なしで除外
2026-04-05 14:10:36,980 - INFO - データリーク防止: 訓練期間内でラベル計算
2026-04-05 14:10:36,980 - INFO - ================================================================================
2026-04-05 14:10:36,980 - INFO - 特徴量計算期間（訓練全体）: 2021-01-01 00:00:00 ～ 2023-01-01 00:00:00
2026-04-05 14:10:36,980 - INFO - 全体ラベル期間（train_end時点から）: 2023-04-01 00:00:00 ～ 2023-07-01 00:00:00
2026-04-05 14:10:36,983 - INFO - 特徴量計算期間内のレビュアー数: 233
2026-04-05 14:10:45,559 - INFO - 負例をオーバーサンプリング: 元34件 -> 68件
2026-04-05 14:10:45,560 - INFO - ================================================================================
2026-04-05 14:10:45,560 - INFO - 軌跡抽出完了: 94サンプル（レビュアー）
2026-04-05 14:10:45,560 - INFO -   スキップ（最小依頼数未満）: 0
2026-04-05 14:10:45,560 - INFO -   スキップ（訓練期間末尾まで依頼なし）: 173
2026-04-05 14:10:45,560 - INFO -   正例（この期間で承諾あり）: 26 (27.7%)
2026-04-05 14:10:45,560 - INFO -   負例（この期間で承諾なし）: 34 (36.2%)
2026-04-05 14:10:45,560 - INFO -     - 依頼あり→拒否（重み=1.0）: 16
2026-04-05 14:10:45,560 - INFO -     - 依頼なし（拡張期間に依頼あり、重み=0.1）: 18
2026-04-05 14:10:45,560 - INFO -   総ステップ数: 1880
2026-04-05 14:10:45,560 - INFO -   継続ステップ率: 33.6% (631/1880)
2026-04-05 14:10:45,561 - INFO - ================================================================================
2026-04-05 14:10:45,563 - INFO - 継続予測IRLシステムを初期化しました
2026-04-05 14:10:45,563 - INFO - 訓練データ正例率: 27.7% (26/94)
2026-04-05 14:10:45,563 - INFO - Focal Loss パラメータ更新: alpha=0.650, gamma=1.500
2026-04-05 14:10:45,563 - INFO - Focal Loss 手動設定: alpha=0.650, gamma=1.500
2026-04-05 14:10:45,563 - INFO - IRLモデルを訓練...
2026-04-05 14:10:45,563 - INFO - ============================================================
2026-04-05 14:10:45,563 - INFO - 時系列IRL訓練開始
2026-04-05 14:10:45,563 - INFO - 軌跡数: 94
2026-04-05 14:10:45,563 - INFO - エポック数: 350
2026-04-05 14:10:45,563 - INFO - ============================================================
2026-04-05 14:10:54,170 - INFO - エポック 0: 平均損失 = 0.9458, LR = 0.001000
2026-04-05 14:12:20,678 - INFO - エポック 10: 平均損失 = 0.6443, LR = 0.000968
2026-04-05 14:13:46,512 - INFO - エポック 20: 平均損失 = 0.4988, LR = 0.000876
2026-04-05 14:15:14,191 - INFO - エポック 30: 平均損失 = 0.4061, LR = 0.000737
2026-04-05 14:16:40,949 - INFO - エポック 40: 平均損失 = 0.3329, LR = 0.000567
2026-04-05 14:18:07,860 - INFO - エポック 50: 平均損失 = 0.2842, LR = 0.000390
2026-04-05 14:19:33,877 - INFO - エポック 60: 平均損失 = 0.2685, LR = 0.000227
2026-04-05 14:21:00,523 - INFO - エポック 70: 平均損失 = 0.2515, LR = 0.000100
2026-04-05 14:22:26,851 - INFO - エポック 80: 平均損失 = 0.2354, LR = 0.000026
2026-04-05 14:23:52,918 - INFO - エポック 90: 平均損失 = 0.3513, LR = 0.000997
2026-04-05 14:25:20,029 - INFO - エポック 100: 平均損失 = 0.2902, LR = 0.000946
2026-04-05 14:26:46,148 - INFO - エポック 110: 平均損失 = 0.2696, LR = 0.000839
2026-04-05 14:28:12,289 - INFO - エポック 120: 平均損失 = 0.2403, LR = 0.000688
2026-04-05 14:29:38,448 - INFO - エポック 130: 平均損失 = 0.2234, LR = 0.000514
2026-04-05 14:31:05,202 - INFO - エポック 140: 平均損失 = 0.2107, LR = 0.000339
2026-04-05 14:32:31,843 - INFO - エポック 150: 平均損失 = 0.1957, LR = 0.000185
2026-04-05 14:33:58,501 - INFO - エポック 160: 平均損失 = 0.1891, LR = 0.000072
2026-04-05 14:35:25,670 - INFO - エポック 170: 平均損失 = 0.1857, LR = 0.000015
2026-04-05 14:36:51,867 - INFO - エポック 180: 平均損失 = 0.2641, LR = 0.000988
2026-04-05 14:38:18,229 - INFO - エポック 190: 平均損失 = 0.2452, LR = 0.000920
2026-04-05 14:39:49,008 - INFO - エポック 200: 平均損失 = 0.2324, LR = 0.000797
2026-04-05 14:41:24,102 - INFO - エポック 210: 平均損失 = 0.2221, LR = 0.000637
2026-04-05 14:42:58,644 - INFO - エポック 220: 平均損失 = 0.1907, LR = 0.000460
2026-04-05 14:44:32,381 - INFO - エポック 230: 平均損失 = 0.1841, LR = 0.000289
2026-04-05 14:46:07,817 - INFO - エポック 240: 平均損失 = 0.1828, LR = 0.000146
2026-04-05 14:47:42,125 - INFO - エポック 250: 平均損失 = 0.1729, LR = 0.000049
2026-04-05 14:49:15,418 - INFO - エポック 260: 平均損失 = 0.1741, LR = 0.000010
2026-04-05 14:50:50,768 - INFO - エポック 270: 平均損失 = 0.2208, LR = 0.000974
2026-04-05 14:52:29,311 - INFO - エポック 280: 平均損失 = 0.2041, LR = 0.000888
2026-04-05 14:54:02,824 - INFO - エポック 290: 平均損失 = 0.2070, LR = 0.000753
2026-04-05 14:55:38,155 - INFO - エポック 300: 平均損失 = 0.1890, LR = 0.000585
2026-04-05 14:57:11,463 - INFO - エポック 310: 平均損失 = 0.1794, LR = 0.000407
2026-04-05 14:58:44,904 - INFO - エポック 320: 平均損失 = 0.1696, LR = 0.000242
2026-04-05 15:00:18,542 - INFO - エポック 330: 平均損失 = 0.1630, LR = 0.000111
2026-04-05 15:01:51,904 - INFO - エポック 340: 平均損失 = 0.1627, LR = 0.000031
2026-04-05 15:03:16,130 - INFO - 時系列IRL訓練完了
2026-04-05 15:03:16,131 - INFO - 訓練データ上で最適閾値を決定...
2026-04-05 15:03:24,484 - INFO - 最適閾値: 0.6507
2026-04-05 15:03:24,484 - INFO - 訓練データ性能: Precision=0.895, Recall=0.654, F1=0.756
2026-04-05 15:03:24,489 - INFO - モデルを保存: outputs/cross_temporal_v39/train_3-6m/irl_model.pt
2026-04-05 15:03:24,489 - INFO - 最適閾値を保存: outputs/cross_temporal_v39/train_3-6m/optimal_threshold.json
2026-04-05 15:03:24,489 - INFO - 評価用軌跡を抽出...
2026-04-05 15:03:24,489 - INFO - ================================================================================
2026-04-05 15:03:24,489 - INFO - 評価用軌跡抽出を開始（スナップショット特徴量用）
2026-04-05 15:03:24,489 - INFO - Cutoff日: 2023-01-01 00:00:00
2026-04-05 15:03:24,489 - INFO - 履歴ウィンドウ: 24ヶ月
2026-04-05 15:03:24,489 - INFO - 将来窓: 9～12ヶ月
2026-04-05 15:03:24,489 - INFO - 拡張ラベル期間: 9～12ヶ月
2026-04-05 15:03:24,489 - INFO - プロジェクト: 全プロジェクト
2026-04-05 15:03:24,489 - INFO - 継続判定: この期間で承諾=1、この期間で拒否=0、依頼なし→拡張期間チェック、評価時は拡張期間にも依頼なしで除外
2026-04-05 15:03:24,489 - INFO - ================================================================================
2026-04-05 15:03:24,490 - INFO - 履歴期間: 2021-01-01 00:00:00 ～ 2023-01-01 00:00:00
2026-04-05 15:03:24,490 - INFO - 評価期間: 2023-10-01 00:00:00 ～ 2024-01-01 00:00:00
2026-04-05 15:03:24,493 - INFO - 履歴期間内のレビュアー数: 233
2026-04-05 15:03:31,247 - INFO - ================================================================================
2026-04-05 15:03:31,248 - INFO - 評価用軌跡抽出完了: 38サンプル
2026-04-05 15:03:31,248 - INFO -   スキップ（最小依頼数未満）: 0
2026-04-05 15:03:31,248 - INFO -   スキップ（拡張期間にも依頼なし）: 195
2026-04-05 15:03:31,248 - INFO -   正例（この期間で承諾あり）: 28 (73.7%)
2026-04-05 15:03:31,248 - INFO -   負例（この期間で承諾なし）: 10 (26.3%)
2026-04-05 15:03:31,248 - INFO -     - 依頼あり→拒否（重み=1.0）: 10
2026-04-05 15:03:31,248 - INFO - ================================================================================
2026-04-05 15:03:31,248 - INFO - 予測を実行...
2026-04-05 15:03:36,726 - INFO - ================================================================================
2026-04-05 15:03:36,726 - INFO - 評価結果 (3-6m → 9-12m):
2026-04-05 15:03:36,726 - INFO -   AUC-ROC: 0.7643
2026-04-05 15:03:36,726 - INFO -   AUC-PR: 0.8850
2026-04-05 15:03:36,726 - INFO -   Precision: 0.8750
2026-04-05 15:03:36,726 - INFO -   Recall: 0.5000
2026-04-05 15:03:36,726 - INFO -   F1 Score: 0.6364
2026-04-05 15:03:36,726 - INFO - ================================================================================
2026-04-05 15:05:19,167 - INFO - IRL特徴量重要度を保存: outputs/cross_temporal_v39/train_3-6m/eval_9-12m/irl_feature_importance.json
2026-04-05 15:05:19,167 - INFO - RFベースラインを評価...
2026-04-05 15:05:30,833 - INFO - RF予測を predictions_df に結合: 38/38 レビュアー一致
2026-04-05 15:05:30,834 - INFO - RFベースライン結果を保存: outputs/cross_temporal_v39/train_3-6m/eval_9-12m/rf_metrics.json
2026-04-05 15:05:30,834 - INFO - 結果を保存: outputs/cross_temporal_v39/train_3-6m/eval_9-12m
2026-04-05 15:05:30,862 - INFO - 
【8/10】パターン実行中...
2026-04-05 15:05:30,863 - INFO - ================================================================================
2026-04-05 15:05:30,863 - INFO - パターン: 6-9m → 6-9m
2026-04-05 15:05:30,863 - INFO - IRL訓練ラベル将来窓: 6～9ヶ月
2026-04-05 15:05:30,863 - INFO - 評価ラベル将来窓: 6～9ヶ月
2026-04-05 15:05:30,863 - INFO - ================================================================================
2026-04-05 15:05:30,863 - INFO - レビュー依頼データを読み込み: data/nova_raw.csv
2026-04-05 15:05:30,914 - INFO - 総レビュー依頼数: 26326
2026-04-05 15:05:30,914 - INFO - 承諾数: 14324 (54.4%)
2026-04-05 15:05:30,914 - INFO - 拒否数: 12002 (45.6%)
2026-04-05 15:05:30,914 - INFO - IRL訓練履歴期間: 2021-01-01 00:00:00 ～ 2023-01-01 00:00:00
2026-04-05 15:05:30,914 - INFO - IRL訓練ラベル将来窓: 6～9ヶ月 (train_history_end 基点)
2026-04-05 15:05:30,914 - INFO - 評価スナップショット日: 2023-01-01 00:00:00
2026-04-05 15:05:30,914 - INFO - 評価履歴ウィンドウ: 24ヶ月
2026-04-05 15:05:30,914 - INFO - 評価ラベル将来窓: 6～9ヶ月 (eval_cutoff 基点)
2026-04-05 15:05:30,914 - INFO - 訓練用軌跡を抽出...
2026-04-05 15:05:30,914 - INFO - ================================================================================
2026-04-05 15:05:30,914 - INFO - レビュー承諾予測用軌跡抽出を開始（データリークなし版）
2026-04-05 15:05:30,914 - INFO - 訓練期間全体: 2021-01-01 00:00:00 ～ 2023-01-01 00:00:00
2026-04-05 15:05:30,914 - INFO - 将来窓: 6～9ヶ月
2026-04-05 15:05:30,914 - INFO - 拡張ラベル期間: 6～12ヶ月
2026-04-05 15:05:30,915 - INFO - プロジェクト: 全プロジェクト
2026-04-05 15:05:30,915 - INFO - ラベル定義: この期間で承諾=1、この期間で拒否=0、依頼なし→拡張期間チェック、訓練時は拡張期間にも依頼なしで除外
2026-04-05 15:05:30,915 - INFO - データリーク防止: 訓練期間内でラベル計算
2026-04-05 15:05:30,915 - INFO - ================================================================================
2026-04-05 15:05:30,915 - INFO - 特徴量計算期間（訓練全体）: 2021-01-01 00:00:00 ～ 2023-01-01 00:00:00
2026-04-05 15:05:30,915 - INFO - 全体ラベル期間（train_end時点から）: 2023-07-01 00:00:00 ～ 2023-10-01 00:00:00
2026-04-05 15:05:30,917 - INFO - 特徴量計算期間内のレビュアー数: 233
2026-04-05 15:05:36,799 - INFO - 負例をオーバーサンプリング: 元25件 -> 50件
2026-04-05 15:05:36,799 - INFO - ================================================================================
2026-04-05 15:05:36,799 - INFO - 軌跡抽出完了: 72サンプル（レビュアー）
2026-04-05 15:05:36,799 - INFO -   スキップ（最小依頼数未満）: 0
2026-04-05 15:05:36,799 - INFO -   スキップ（訓練期間末尾まで依頼なし）: 186
2026-04-05 15:05:36,799 - INFO -   正例（この期間で承諾あり）: 22 (30.6%)
2026-04-05 15:05:36,799 - INFO -   負例（この期間で承諾なし）: 25 (34.7%)
2026-04-05 15:05:36,799 - INFO -     - 依頼あり→拒否（重み=1.0）: 11
2026-04-05 15:05:36,799 - INFO -     - 依頼なし（拡張期間に依頼あり、重み=0.1）: 14
2026-04-05 15:05:36,799 - INFO -   総ステップ数: 1224
2026-04-05 15:05:36,799 - INFO -   継続ステップ率: 37.7% (462/1224)
2026-04-05 15:05:36,799 - INFO - ================================================================================
2026-04-05 15:05:36,802 - INFO - 継続予測IRLシステムを初期化しました
2026-04-05 15:05:36,802 - INFO - 訓練データ正例率: 30.6% (22/72)
2026-04-05 15:05:36,802 - INFO - Focal Loss パラメータ更新: alpha=0.650, gamma=1.500
2026-04-05 15:05:36,802 - INFO - Focal Loss 手動設定: alpha=0.650, gamma=1.500
2026-04-05 15:05:36,802 - INFO - IRLモデルを訓練...
2026-04-05 15:05:36,802 - INFO - ============================================================
2026-04-05 15:05:36,802 - INFO - 時系列IRL訓練開始
2026-04-05 15:05:36,802 - INFO - 軌跡数: 72
2026-04-05 15:05:36,802 - INFO - エポック数: 350
2026-04-05 15:05:36,802 - INFO - ============================================================
2026-04-05 15:05:42,235 - INFO - エポック 0: 平均損失 = 1.0651, LR = 0.001000
2026-04-05 15:06:38,414 - INFO - エポック 10: 平均損失 = 0.6049, LR = 0.000968
2026-04-05 15:07:33,808 - INFO - エポック 20: 平均損失 = 0.5024, LR = 0.000876
2026-04-05 15:08:29,482 - INFO - エポック 30: 平均損失 = 0.4686, LR = 0.000737
2026-04-05 15:09:25,159 - INFO - エポック 40: 平均損失 = 0.3961, LR = 0.000567
2026-04-05 15:10:20,646 - INFO - エポック 50: 平均損失 = 0.3491, LR = 0.000390
2026-04-05 15:11:16,290 - INFO - エポック 60: 平均損失 = 0.3354, LR = 0.000227
2026-04-05 15:12:11,889 - INFO - エポック 70: 平均損失 = 0.3237, LR = 0.000100
2026-04-05 15:13:07,557 - INFO - エポック 80: 平均損失 = 0.3083, LR = 0.000026
2026-04-05 15:14:03,158 - INFO - エポック 90: 平均損失 = 0.4379, LR = 0.000997
2026-04-05 15:14:58,691 - INFO - エポック 100: 平均損失 = 0.3594, LR = 0.000946
2026-04-05 15:15:55,956 - INFO - エポック 110: 平均損失 = 0.3548, LR = 0.000839
2026-04-05 15:16:51,315 - INFO - エポック 120: 平均損失 = 0.3184, LR = 0.000688
2026-04-05 15:17:47,782 - INFO - エポック 130: 平均損失 = 0.3134, LR = 0.000514
2026-04-05 15:18:43,102 - INFO - エポック 140: 平均損失 = 0.3025, LR = 0.000339
2026-04-05 15:19:38,537 - INFO - エポック 150: 平均損失 = 0.2959, LR = 0.000185
2026-04-05 15:20:33,926 - INFO - エポック 160: 平均損失 = 0.2905, LR = 0.000072
2026-04-05 15:21:30,137 - INFO - エポック 170: 平均損失 = 0.2826, LR = 0.000015
2026-04-05 15:22:25,708 - INFO - エポック 180: 平均損失 = 0.3634, LR = 0.000988
2026-04-05 15:23:21,192 - INFO - エポック 190: 平均損失 = 0.3285, LR = 0.000920
2026-04-05 15:24:16,551 - INFO - エポック 200: 平均損失 = 0.3204, LR = 0.000797
2026-04-05 15:25:13,331 - INFO - エポック 210: 平均損失 = 0.3046, LR = 0.000637
2026-04-05 15:26:09,037 - INFO - エポック 220: 平均損失 = 0.2940, LR = 0.000460
2026-04-05 15:27:04,421 - INFO - エポック 230: 平均損失 = 0.2859, LR = 0.000289
2026-04-05 15:28:00,031 - INFO - エポック 240: 平均損失 = 0.2857, LR = 0.000146
2026-04-05 15:28:54,914 - INFO - エポック 250: 平均損失 = 0.2749, LR = 0.000049
2026-04-05 15:29:50,290 - INFO - エポック 260: 平均損失 = 0.2773, LR = 0.000010
2026-04-05 15:30:45,391 - INFO - エポック 270: 平均損失 = 0.3292, LR = 0.000974
2026-04-05 15:31:41,368 - INFO - エポック 280: 平均損失 = 0.3188, LR = 0.000888
2026-04-05 15:32:37,042 - INFO - エポック 290: 平均損失 = 0.3216, LR = 0.000753
2026-04-05 15:33:32,298 - INFO - エポック 300: 平均損失 = 0.2867, LR = 0.000585
2026-04-05 15:34:27,802 - INFO - エポック 310: 平均損失 = 0.2794, LR = 0.000407
2026-04-05 15:35:24,244 - INFO - エポック 320: 平均損失 = 0.2857, LR = 0.000242
2026-04-05 15:36:19,635 - INFO - エポック 330: 平均損失 = 0.2759, LR = 0.000111
2026-04-05 15:37:15,345 - INFO - エポック 340: 平均損失 = 0.2687, LR = 0.000031
2026-04-05 15:38:05,101 - INFO - 時系列IRL訓練完了
2026-04-05 15:38:05,102 - INFO - 訓練データ上で最適閾値を決定...
2026-04-05 15:38:10,024 - INFO - 最適閾値: 0.0743
2026-04-05 15:38:10,024 - INFO - 訓練データ性能: Precision=0.778, Recall=0.955, F1=0.857
2026-04-05 15:38:10,028 - INFO - モデルを保存: outputs/cross_temporal_v39/train_6-9m/irl_model.pt
2026-04-05 15:38:10,029 - INFO - 最適閾値を保存: outputs/cross_temporal_v39/train_6-9m/optimal_threshold.json
2026-04-05 15:38:10,029 - INFO - 評価用軌跡を抽出...
2026-04-05 15:38:10,029 - INFO - ================================================================================
2026-04-05 15:38:10,029 - INFO - 評価用軌跡抽出を開始（スナップショット特徴量用）
2026-04-05 15:38:10,029 - INFO - Cutoff日: 2023-01-01 00:00:00
2026-04-05 15:38:10,029 - INFO - 履歴ウィンドウ: 24ヶ月
2026-04-05 15:38:10,029 - INFO - 将来窓: 6～9ヶ月
2026-04-05 15:38:10,029 - INFO - 拡張ラベル期間: 6～12ヶ月
2026-04-05 15:38:10,029 - INFO - プロジェクト: 全プロジェクト
2026-04-05 15:38:10,029 - INFO - 継続判定: この期間で承諾=1、この期間で拒否=0、依頼なし→拡張期間チェック、評価時は拡張期間にも依頼なしで除外
2026-04-05 15:38:10,029 - INFO - ================================================================================
2026-04-05 15:38:10,029 - INFO - 履歴期間: 2021-01-01 00:00:00 ～ 2023-01-01 00:00:00
2026-04-05 15:38:10,029 - INFO - 評価期間: 2023-07-01 00:00:00 ～ 2023-10-01 00:00:00
2026-04-05 15:38:10,031 - INFO - 履歴期間内のレビュアー数: 233
2026-04-05 15:38:17,496 - INFO - ================================================================================
2026-04-05 15:38:17,496 - INFO - 評価用軌跡抽出完了: 47サンプル
2026-04-05 15:38:17,496 - INFO -   スキップ（最小依頼数未満）: 0
2026-04-05 15:38:17,496 - INFO -   スキップ（拡張期間にも依頼なし）: 186
2026-04-05 15:38:17,496 - INFO -   正例（この期間で承諾あり）: 22 (46.8%)
2026-04-05 15:38:17,496 - INFO -   負例（この期間で承諾なし）: 25 (53.2%)
2026-04-05 15:38:17,496 - INFO -     - 依頼あり→拒否（重み=1.0）: 11
2026-04-05 15:38:17,496 - INFO -     - 依頼なし（拡張期間に依頼あり、重み=0.1）: 14
2026-04-05 15:38:17,496 - INFO - ================================================================================
2026-04-05 15:38:17,496 - INFO - 予測を実行...
2026-04-05 15:38:23,635 - INFO - ================================================================================
2026-04-05 15:38:23,636 - INFO - 評価結果 (6-9m → 6-9m):
2026-04-05 15:38:23,636 - INFO -   AUC-ROC: 0.8036
2026-04-05 15:38:23,636 - INFO -   AUC-PR: 0.8432
2026-04-05 15:38:23,636 - INFO -   Precision: 0.6000
2026-04-05 15:38:23,636 - INFO -   Recall: 0.8182
2026-04-05 15:38:23,636 - INFO -   F1 Score: 0.6923
2026-04-05 15:38:23,636 - INFO - ================================================================================
2026-04-05 15:40:15,796 - INFO - IRL特徴量重要度を保存: outputs/cross_temporal_v39/train_6-9m/eval_6-9m/irl_feature_importance.json
2026-04-05 15:40:15,797 - INFO - RFベースラインを評価...
2026-04-05 15:40:24,938 - INFO - RF予測を predictions_df に結合: 40/47 レビュアー一致
2026-04-05 15:40:24,939 - INFO - RFベースライン結果を保存: outputs/cross_temporal_v39/train_6-9m/eval_6-9m/rf_metrics.json
2026-04-05 15:40:24,940 - INFO - 結果を保存: outputs/cross_temporal_v39/train_6-9m/eval_6-9m
2026-04-05 15:40:24,973 - INFO - 
【9/10】パターン実行中...
2026-04-05 15:40:24,973 - INFO - ================================================================================
2026-04-05 15:40:24,973 - INFO - パターン: 6-9m → 9-12m
2026-04-05 15:40:24,973 - INFO - IRL訓練ラベル将来窓: 6～9ヶ月
2026-04-05 15:40:24,973 - INFO - 評価ラベル将来窓: 9～12ヶ月
2026-04-05 15:40:24,973 - INFO - ================================================================================
2026-04-05 15:40:24,974 - INFO - レビュー依頼データを読み込み: data/nova_raw.csv
2026-04-05 15:40:25,025 - INFO - 総レビュー依頼数: 26326
2026-04-05 15:40:25,025 - INFO - 承諾数: 14324 (54.4%)
2026-04-05 15:40:25,025 - INFO - 拒否数: 12002 (45.6%)
2026-04-05 15:40:25,025 - INFO - IRL訓練履歴期間: 2021-01-01 00:00:00 ～ 2023-01-01 00:00:00
2026-04-05 15:40:25,025 - INFO - IRL訓練ラベル将来窓: 6～9ヶ月 (train_history_end 基点)
2026-04-05 15:40:25,025 - INFO - 評価スナップショット日: 2023-01-01 00:00:00
2026-04-05 15:40:25,025 - INFO - 評価履歴ウィンドウ: 24ヶ月
2026-04-05 15:40:25,025 - INFO - 評価ラベル将来窓: 9～12ヶ月 (eval_cutoff 基点)
2026-04-05 15:40:25,025 - INFO - 訓練用軌跡を抽出...
2026-04-05 15:40:25,025 - INFO - ================================================================================
2026-04-05 15:40:25,025 - INFO - レビュー承諾予測用軌跡抽出を開始（データリークなし版）
2026-04-05 15:40:25,025 - INFO - 訓練期間全体: 2021-01-01 00:00:00 ～ 2023-01-01 00:00:00
2026-04-05 15:40:25,025 - INFO - 将来窓: 6～9ヶ月
2026-04-05 15:40:25,025 - INFO - 拡張ラベル期間: 6～12ヶ月
2026-04-05 15:40:25,025 - INFO - プロジェクト: 全プロジェクト
2026-04-05 15:40:25,025 - INFO - ラベル定義: この期間で承諾=1、この期間で拒否=0、依頼なし→拡張期間チェック、訓練時は拡張期間にも依頼なしで除外
2026-04-05 15:40:25,025 - INFO - データリーク防止: 訓練期間内でラベル計算
2026-04-05 15:40:25,025 - INFO - ================================================================================
2026-04-05 15:40:25,026 - INFO - 特徴量計算期間（訓練全体）: 2021-01-01 00:00:00 ～ 2023-01-01 00:00:00
2026-04-05 15:40:25,026 - INFO - 全体ラベル期間（train_end時点から）: 2023-07-01 00:00:00 ～ 2023-10-01 00:00:00
2026-04-05 15:40:25,028 - INFO - 特徴量計算期間内のレビュアー数: 233
2026-04-05 15:40:30,986 - INFO - 負例をオーバーサンプリング: 元25件 -> 50件
2026-04-05 15:40:30,986 - INFO - ================================================================================
2026-04-05 15:40:30,986 - INFO - 軌跡抽出完了: 72サンプル（レビュアー）
2026-04-05 15:40:30,987 - INFO -   スキップ（最小依頼数未満）: 0
2026-04-05 15:40:30,987 - INFO -   スキップ（訓練期間末尾まで依頼なし）: 186
2026-04-05 15:40:30,987 - INFO -   正例（この期間で承諾あり）: 22 (30.6%)
2026-04-05 15:40:30,987 - INFO -   負例（この期間で承諾なし）: 25 (34.7%)
2026-04-05 15:40:30,987 - INFO -     - 依頼あり→拒否（重み=1.0）: 11
2026-04-05 15:40:30,987 - INFO -     - 依頼なし（拡張期間に依頼あり、重み=0.1）: 14
2026-04-05 15:40:30,987 - INFO -   総ステップ数: 1224
2026-04-05 15:40:30,987 - INFO -   継続ステップ率: 35.0% (429/1224)
2026-04-05 15:40:30,987 - INFO - ================================================================================
2026-04-05 15:40:30,989 - INFO - 継続予測IRLシステムを初期化しました
2026-04-05 15:40:30,989 - INFO - 訓練データ正例率: 30.6% (22/72)
2026-04-05 15:40:30,989 - INFO - Focal Loss パラメータ更新: alpha=0.650, gamma=1.500
2026-04-05 15:40:30,989 - INFO - Focal Loss 手動設定: alpha=0.650, gamma=1.500
2026-04-05 15:40:30,989 - INFO - IRLモデルを訓練...
2026-04-05 15:40:30,989 - INFO - ============================================================
2026-04-05 15:40:30,989 - INFO - 時系列IRL訓練開始
2026-04-05 15:40:30,989 - INFO - 軌跡数: 72
2026-04-05 15:40:30,989 - INFO - エポック数: 350
2026-04-05 15:40:30,989 - INFO - ============================================================
2026-04-05 15:40:36,474 - INFO - エポック 0: 平均損失 = 0.9522, LR = 0.001000
2026-04-05 15:41:32,231 - INFO - エポック 10: 平均損失 = 0.5830, LR = 0.000968
2026-04-05 15:42:28,032 - INFO - エポック 20: 平均損失 = 0.5415, LR = 0.000876
2026-04-05 15:43:23,637 - INFO - エポック 30: 平均損失 = 0.4926, LR = 0.000737
2026-04-05 15:44:19,612 - INFO - エポック 40: 平均損失 = 0.4713, LR = 0.000567
2026-04-05 15:45:16,604 - INFO - エポック 50: 平均損失 = 0.4257, LR = 0.000390
2026-04-05 15:46:12,656 - INFO - エポック 60: 平均損失 = 0.3854, LR = 0.000227
2026-04-05 15:47:09,061 - INFO - エポック 70: 平均損失 = 0.3739, LR = 0.000100
2026-04-05 15:48:04,940 - INFO - エポック 80: 平均損失 = 0.3496, LR = 0.000026
2026-04-05 15:49:00,380 - INFO - エポック 90: 平均損失 = 0.4230, LR = 0.000997
2026-04-05 15:49:55,538 - INFO - エポック 100: 平均損失 = 0.4096, LR = 0.000946
2026-04-05 15:50:51,488 - INFO - エポック 110: 平均損失 = 0.3660, LR = 0.000839
2026-04-05 15:51:50,295 - INFO - エポック 120: 平均損失 = 0.3502, LR = 0.000688
2026-04-05 15:52:48,260 - INFO - エポック 130: 平均損失 = 0.3142, LR = 0.000514
2026-04-05 15:53:43,693 - INFO - エポック 140: 平均損失 = 0.3118, LR = 0.000339
2026-04-05 15:54:39,074 - INFO - エポック 150: 平均損失 = 0.2896, LR = 0.000185
2026-04-05 15:55:36,163 - INFO - エポック 160: 平均損失 = 0.2873, LR = 0.000072
2026-04-05 15:56:32,005 - INFO - エポック 170: 平均損失 = 0.2856, LR = 0.000015
2026-04-05 15:57:27,496 - INFO - エポック 180: 平均損失 = 0.3718, LR = 0.000988
2026-04-05 15:58:23,066 - INFO - エポック 190: 平均損失 = 0.3384, LR = 0.000920
2026-04-05 15:59:18,660 - INFO - エポック 200: 平均損失 = 0.3031, LR = 0.000797
2026-04-05 16:00:14,256 - INFO - エポック 210: 平均損失 = 0.2953, LR = 0.000637
2026-04-05 16:01:10,414 - INFO - エポック 220: 平均損失 = 0.2993, LR = 0.000460
2026-04-05 16:02:05,871 - INFO - エポック 230: 平均損失 = 0.2798, LR = 0.000289
2026-04-05 16:03:01,609 - INFO - エポック 240: 平均損失 = 0.2909, LR = 0.000146
2026-04-05 16:03:57,264 - INFO - エポック 250: 平均損失 = 0.2778, LR = 0.000049
2026-04-05 16:04:52,569 - INFO - エポック 260: 平均損失 = 0.2769, LR = 0.000010
2026-04-05 16:05:49,267 - INFO - エポック 270: 平均損失 = 0.3374, LR = 0.000974
2026-04-05 16:06:45,269 - INFO - エポック 280: 平均損失 = 0.3023, LR = 0.000888
2026-04-05 16:07:41,392 - INFO - エポック 290: 平均損失 = 0.2967, LR = 0.000753
2026-04-05 16:08:36,795 - INFO - エポック 300: 平均損失 = 0.2976, LR = 0.000585
2026-04-05 16:09:32,514 - INFO - エポック 310: 平均損失 = 0.2837, LR = 0.000407
2026-04-05 16:10:28,005 - INFO - エポック 320: 平均損失 = 0.2724, LR = 0.000242
2026-04-05 16:11:23,362 - INFO - エポック 330: 平均損失 = 0.2765, LR = 0.000111
2026-04-05 16:12:18,917 - INFO - エポック 340: 平均損失 = 0.2681, LR = 0.000031
2026-04-05 16:13:08,999 - INFO - 時系列IRL訓練完了
2026-04-05 16:13:08,999 - INFO - 訓練データ上で最適閾値を決定...
2026-04-05 16:13:13,793 - INFO - 最適閾値: 0.1960
2026-04-05 16:13:13,793 - INFO - 訓練データ性能: Precision=0.667, Recall=0.727, F1=0.696
2026-04-05 16:13:13,797 - INFO - モデルを保存: outputs/cross_temporal_v39/train_6-9m/irl_model.pt
2026-04-05 16:13:13,798 - INFO - 最適閾値を保存: outputs/cross_temporal_v39/train_6-9m/optimal_threshold.json
2026-04-05 16:13:13,798 - INFO - 評価用軌跡を抽出...
2026-04-05 16:13:13,798 - INFO - ================================================================================
2026-04-05 16:13:13,798 - INFO - 評価用軌跡抽出を開始（スナップショット特徴量用）
2026-04-05 16:13:13,798 - INFO - Cutoff日: 2023-01-01 00:00:00
2026-04-05 16:13:13,798 - INFO - 履歴ウィンドウ: 24ヶ月
2026-04-05 16:13:13,798 - INFO - 将来窓: 9～12ヶ月
2026-04-05 16:13:13,798 - INFO - 拡張ラベル期間: 9～12ヶ月
2026-04-05 16:13:13,798 - INFO - プロジェクト: 全プロジェクト
2026-04-05 16:13:13,798 - INFO - 継続判定: この期間で承諾=1、この期間で拒否=0、依頼なし→拡張期間チェック、評価時は拡張期間にも依頼なしで除外
2026-04-05 16:13:13,798 - INFO - ================================================================================
2026-04-05 16:13:13,798 - INFO - 履歴期間: 2021-01-01 00:00:00 ～ 2023-01-01 00:00:00
2026-04-05 16:13:13,798 - INFO - 評価期間: 2023-10-01 00:00:00 ～ 2024-01-01 00:00:00
2026-04-05 16:13:13,801 - INFO - 履歴期間内のレビュアー数: 233
2026-04-05 16:13:20,495 - INFO - ================================================================================
2026-04-05 16:13:20,495 - INFO - 評価用軌跡抽出完了: 38サンプル
2026-04-05 16:13:20,495 - INFO -   スキップ（最小依頼数未満）: 0
2026-04-05 16:13:20,495 - INFO -   スキップ（拡張期間にも依頼なし）: 195
2026-04-05 16:13:20,495 - INFO -   正例（この期間で承諾あり）: 28 (73.7%)
2026-04-05 16:13:20,495 - INFO -   負例（この期間で承諾なし）: 10 (26.3%)
2026-04-05 16:13:20,495 - INFO -     - 依頼あり→拒否（重み=1.0）: 10
2026-04-05 16:13:20,495 - INFO - ================================================================================
2026-04-05 16:13:20,496 - INFO - 予測を実行...
2026-04-05 16:13:25,869 - INFO - ================================================================================
2026-04-05 16:13:25,869 - INFO - 評価結果 (6-9m → 9-12m):
2026-04-05 16:13:25,869 - INFO -   AUC-ROC: 0.7286
2026-04-05 16:13:25,869 - INFO -   AUC-PR: 0.9043
2026-04-05 16:13:25,869 - INFO -   Precision: 0.7917
2026-04-05 16:13:25,869 - INFO -   Recall: 0.6786
2026-04-05 16:13:25,869 - INFO -   F1 Score: 0.7308
2026-04-05 16:13:25,869 - INFO - ================================================================================
2026-04-05 16:15:09,317 - INFO - IRL特徴量重要度を保存: outputs/cross_temporal_v39/train_6-9m/eval_9-12m/irl_feature_importance.json
2026-04-05 16:15:09,317 - INFO - RFベースラインを評価...
2026-04-05 16:15:18,799 - INFO - RF予測を predictions_df に結合: 38/38 レビュアー一致
2026-04-05 16:15:18,799 - INFO - RFベースライン結果を保存: outputs/cross_temporal_v39/train_6-9m/eval_9-12m/rf_metrics.json
2026-04-05 16:15:18,800 - INFO - 結果を保存: outputs/cross_temporal_v39/train_6-9m/eval_9-12m
2026-04-05 16:15:18,822 - INFO - 
【10/10】パターン実行中...
2026-04-05 16:15:18,822 - INFO - ================================================================================
2026-04-05 16:15:18,822 - INFO - パターン: 9-12m → 9-12m
2026-04-05 16:15:18,822 - INFO - IRL訓練ラベル将来窓: 9～12ヶ月
2026-04-05 16:15:18,822 - INFO - 評価ラベル将来窓: 9～12ヶ月
2026-04-05 16:15:18,822 - INFO - ================================================================================
2026-04-05 16:15:18,822 - INFO - レビュー依頼データを読み込み: data/nova_raw.csv
2026-04-05 16:15:18,872 - INFO - 総レビュー依頼数: 26326
2026-04-05 16:15:18,872 - INFO - 承諾数: 14324 (54.4%)
2026-04-05 16:15:18,873 - INFO - 拒否数: 12002 (45.6%)
2026-04-05 16:15:18,873 - INFO - IRL訓練履歴期間: 2021-01-01 00:00:00 ～ 2023-01-01 00:00:00
2026-04-05 16:15:18,873 - INFO - IRL訓練ラベル将来窓: 9～12ヶ月 (train_history_end 基点)
2026-04-05 16:15:18,873 - INFO - 評価スナップショット日: 2023-01-01 00:00:00
2026-04-05 16:15:18,873 - INFO - 評価履歴ウィンドウ: 24ヶ月
2026-04-05 16:15:18,873 - INFO - 評価ラベル将来窓: 9～12ヶ月 (eval_cutoff 基点)
2026-04-05 16:15:18,873 - INFO - 訓練用軌跡を抽出...
2026-04-05 16:15:18,873 - INFO - ================================================================================
2026-04-05 16:15:18,873 - INFO - レビュー承諾予測用軌跡抽出を開始（データリークなし版）
2026-04-05 16:15:18,873 - INFO - 訓練期間全体: 2021-01-01 00:00:00 ～ 2023-01-01 00:00:00
2026-04-05 16:15:18,873 - INFO - 将来窓: 9～12ヶ月
2026-04-05 16:15:18,873 - INFO - 拡張ラベル期間: 9～12ヶ月
2026-04-05 16:15:18,873 - INFO - プロジェクト: 全プロジェクト
2026-04-05 16:15:18,873 - INFO - ラベル定義: この期間で承諾=1、この期間で拒否=0、依頼なし→拡張期間チェック、訓練時は拡張期間にも依頼なしで除外
2026-04-05 16:15:18,873 - INFO - データリーク防止: 訓練期間内でラベル計算
2026-04-05 16:15:18,873 - INFO - ================================================================================
2026-04-05 16:15:18,873 - INFO - 特徴量計算期間（訓練全体）: 2021-01-01 00:00:00 ～ 2023-01-01 00:00:00
2026-04-05 16:15:18,873 - INFO - 全体ラベル期間（train_end時点から）: 2023-10-01 00:00:00 ～ 2024-01-01 00:00:00
2026-04-05 16:15:18,875 - INFO - 特徴量計算期間内のレビュアー数: 233
2026-04-05 16:15:23,048 - INFO - 負例をオーバーサンプリング: 元10件 -> 20件
2026-04-05 16:15:23,049 - INFO - ================================================================================
2026-04-05 16:15:23,049 - INFO - 軌跡抽出完了: 48サンプル（レビュアー）
2026-04-05 16:15:23,049 - INFO -   スキップ（最小依頼数未満）: 0
2026-04-05 16:15:23,049 - INFO -   スキップ（訓練期間末尾まで依頼なし）: 195
2026-04-05 16:15:23,049 - INFO -   正例（この期間で承諾あり）: 28 (58.3%)
2026-04-05 16:15:23,049 - INFO -   負例（この期間で承諾なし）: 10 (20.8%)
2026-04-05 16:15:23,049 - INFO -     - 依頼あり→拒否（重み=1.0）: 10
2026-04-05 16:15:23,049 - INFO -   総ステップ数: 672
2026-04-05 16:15:23,049 - INFO -   継続ステップ率: 42.9% (288/672)
2026-04-05 16:15:23,049 - INFO - ================================================================================
2026-04-05 16:15:23,051 - INFO - 継続予測IRLシステムを初期化しました
2026-04-05 16:15:23,051 - INFO - 訓練データ正例率: 58.3% (28/48)
2026-04-05 16:15:23,051 - INFO - Focal Loss パラメータ更新: alpha=0.650, gamma=1.500
2026-04-05 16:15:23,051 - INFO - Focal Loss 手動設定: alpha=0.650, gamma=1.500
2026-04-05 16:15:23,051 - INFO - IRLモデルを訓練...
2026-04-05 16:15:23,051 - INFO - ============================================================
2026-04-05 16:15:23,051 - INFO - 時系列IRL訓練開始
2026-04-05 16:15:23,051 - INFO - 軌跡数: 48
2026-04-05 16:15:23,051 - INFO - エポック数: 350
2026-04-05 16:15:23,051 - INFO - ============================================================
2026-04-05 16:15:26,427 - INFO - エポック 0: 平均損失 = 1.3391, LR = 0.001000
2026-04-05 16:15:59,550 - INFO - エポック 10: 平均損失 = 0.6289, LR = 0.000968
2026-04-05 16:16:32,663 - INFO - エポック 20: 平均損失 = 0.5731, LR = 0.000876
2026-04-05 16:17:05,642 - INFO - エポック 30: 平均損失 = 0.4600, LR = 0.000737
2026-04-05 16:17:39,647 - INFO - エポック 40: 平均損失 = 0.3996, LR = 0.000567
2026-04-05 16:18:12,563 - INFO - エポック 50: 平均損失 = 0.3655, LR = 0.000390
2026-04-05 16:18:45,544 - INFO - エポック 60: 平均損失 = 0.3449, LR = 0.000227
2026-04-05 16:19:18,504 - INFO - エポック 70: 平均損失 = 0.3157, LR = 0.000100
2026-04-05 16:19:51,429 - INFO - エポック 80: 平均損失 = 0.3222, LR = 0.000026
2026-04-05 16:20:24,537 - INFO - エポック 90: 平均損失 = 0.4505, LR = 0.000997
2026-04-05 16:20:57,846 - INFO - エポック 100: 平均損失 = 0.3903, LR = 0.000946
2026-04-05 16:21:30,741 - INFO - エポック 110: 平均損失 = 0.3774, LR = 0.000839
2026-04-05 16:22:03,636 - INFO - エポック 120: 平均損失 = 0.3492, LR = 0.000688
2026-04-05 16:22:40,135 - INFO - エポック 130: 平均損失 = 0.3298, LR = 0.000514
2026-04-05 16:23:13,458 - INFO - エポック 140: 平均損失 = 0.3104, LR = 0.000339
2026-04-05 16:23:46,440 - INFO - エポック 150: 平均損失 = 0.3068, LR = 0.000185
2026-04-05 16:24:19,486 - INFO - エポック 160: 平均損失 = 0.2940, LR = 0.000072
2026-04-05 16:24:52,486 - INFO - エポック 170: 平均損失 = 0.2921, LR = 0.000015
2026-04-05 16:25:26,778 - INFO - エポック 180: 平均損失 = 0.3627, LR = 0.000988
2026-04-05 16:25:59,911 - INFO - エポック 190: 平均損失 = 0.3347, LR = 0.000920
2026-04-05 16:26:32,855 - INFO - エポック 200: 平均損失 = 0.3266, LR = 0.000797
2026-04-05 16:27:05,810 - INFO - エポック 210: 平均損失 = 0.3228, LR = 0.000637
2026-04-05 16:27:38,895 - INFO - エポック 220: 平均損失 = 0.3022, LR = 0.000460
2026-04-05 16:28:11,875 - INFO - エポック 230: 平均損失 = 0.2932, LR = 0.000289
2026-04-05 16:28:44,885 - INFO - エポック 240: 平均損失 = 0.2935, LR = 0.000146
2026-04-05 16:29:17,985 - INFO - エポック 250: 平均損失 = 0.2919, LR = 0.000049
2026-04-05 16:29:50,915 - INFO - エポック 260: 平均損失 = 0.2834, LR = 0.000010
2026-04-05 16:30:24,541 - INFO - エポック 270: 平均損失 = 0.3174, LR = 0.000974
2026-04-05 16:30:57,842 - INFO - エポック 280: 平均損失 = 0.3191, LR = 0.000888
2026-04-05 16:31:30,739 - INFO - エポック 290: 平均損失 = 0.3160, LR = 0.000753
2026-04-05 16:32:03,701 - INFO - エポック 300: 平均損失 = 0.2968, LR = 0.000585
2026-04-05 16:32:37,112 - INFO - エポック 310: 平均損失 = 0.2938, LR = 0.000407
2026-04-05 16:33:10,130 - INFO - エポック 320: 平均損失 = 0.2902, LR = 0.000242
2026-04-05 16:33:43,294 - INFO - エポック 330: 平均損失 = 0.2920, LR = 0.000111
2026-04-05 16:34:16,302 - INFO - エポック 340: 平均損失 = 0.3031, LR = 0.000031
2026-04-05 16:34:45,930 - INFO - 時系列IRL訓練完了
2026-04-05 16:34:45,931 - INFO - 訓練データ上で最適閾値を決定...
2026-04-05 16:34:48,875 - INFO - 最適閾値: 0.0348
2026-04-05 16:34:48,875 - INFO - 訓練データ性能: Precision=0.636, Recall=1.000, F1=0.778
2026-04-05 16:34:48,879 - INFO - モデルを保存: outputs/cross_temporal_v39/train_9-12m/irl_model.pt
2026-04-05 16:34:48,880 - INFO - 最適閾値を保存: outputs/cross_temporal_v39/train_9-12m/optimal_threshold.json
2026-04-05 16:34:48,880 - INFO - 評価用軌跡を抽出...
2026-04-05 16:34:48,880 - INFO - ================================================================================
2026-04-05 16:34:48,880 - INFO - 評価用軌跡抽出を開始（スナップショット特徴量用）
2026-04-05 16:34:48,880 - INFO - Cutoff日: 2023-01-01 00:00:00
2026-04-05 16:34:48,880 - INFO - 履歴ウィンドウ: 24ヶ月
2026-04-05 16:34:48,880 - INFO - 将来窓: 9～12ヶ月
2026-04-05 16:34:48,880 - INFO - 拡張ラベル期間: 9～12ヶ月
2026-04-05 16:34:48,880 - INFO - プロジェクト: 全プロジェクト
2026-04-05 16:34:48,880 - INFO - 継続判定: この期間で承諾=1、この期間で拒否=0、依頼なし→拡張期間チェック、評価時は拡張期間にも依頼なしで除外
2026-04-05 16:34:48,880 - INFO - ================================================================================
2026-04-05 16:34:48,880 - INFO - 履歴期間: 2021-01-01 00:00:00 ～ 2023-01-01 00:00:00
2026-04-05 16:34:48,880 - INFO - 評価期間: 2023-10-01 00:00:00 ～ 2024-01-01 00:00:00
2026-04-05 16:34:48,883 - INFO - 履歴期間内のレビュアー数: 233
2026-04-05 16:34:55,462 - INFO - ================================================================================
2026-04-05 16:34:55,462 - INFO - 評価用軌跡抽出完了: 38サンプル
2026-04-05 16:34:55,462 - INFO -   スキップ（最小依頼数未満）: 0
2026-04-05 16:34:55,463 - INFO -   スキップ（拡張期間にも依頼なし）: 195
2026-04-05 16:34:55,463 - INFO -   正例（この期間で承諾あり）: 28 (73.7%)
2026-04-05 16:34:55,463 - INFO -   負例（この期間で承諾なし）: 10 (26.3%)
2026-04-05 16:34:55,463 - INFO -     - 依頼あり→拒否（重み=1.0）: 10
2026-04-05 16:34:55,463 - INFO - ================================================================================
2026-04-05 16:34:55,463 - INFO - 予測を実行...
2026-04-05 16:35:00,882 - INFO - ================================================================================
2026-04-05 16:35:00,882 - INFO - 評価結果 (9-12m → 9-12m):
2026-04-05 16:35:00,882 - INFO -   AUC-ROC: 0.7000
2026-04-05 16:35:00,882 - INFO -   AUC-PR: 0.8730
2026-04-05 16:35:00,882 - INFO -   Precision: 0.7368
2026-04-05 16:35:00,882 - INFO -   Recall: 1.0000
2026-04-05 16:35:00,882 - INFO -   F1 Score: 0.8485
2026-04-05 16:35:00,882 - INFO - ================================================================================
2026-04-05 16:36:44,215 - INFO - IRL特徴量重要度を保存: outputs/cross_temporal_v39/train_9-12m/eval_9-12m/irl_feature_importance.json
2026-04-05 16:36:44,216 - INFO - RFベースラインを評価...
2026-04-05 16:36:51,302 - INFO - RF予測を predictions_df に結合: 38/38 レビュアー一致
2026-04-05 16:36:51,302 - INFO - RFベースライン結果を保存: outputs/cross_temporal_v39/train_9-12m/eval_9-12m/rf_metrics.json
2026-04-05 16:36:51,303 - INFO - 結果を保存: outputs/cross_temporal_v39/train_9-12m/eval_9-12m
2026-04-05 16:36:51,322 - INFO - ================================================================================
2026-04-05 16:36:51,323 - INFO - IRL メトリクスマトリクスを作成中...
2026-04-05 16:36:51,323 - INFO - ================================================================================
2026-04-05 16:36:51,330 - INFO - 保存: outputs/cross_temporal_v39/matrix_AUC_ROC.csv
2026-04-05 16:36:51,336 - INFO - 
           0-3m      3-6m      6-9m     9-12m
0-3m   0.804754  0.769231  0.867273  0.789286
3-6m        NaN  0.817873  0.810909  0.764286
6-9m        NaN       NaN  0.803636  0.728571
9-12m       NaN       NaN       NaN  0.700000
2026-04-05 16:36:51,337 - INFO - 保存: outputs/cross_temporal_v39/matrix_AUC_PR.csv
2026-04-05 16:36:51,339 - INFO - 
           0-3m      3-6m      6-9m     9-12m
0-3m   0.827964  0.760286  0.854506  0.927299
3-6m        NaN  0.807519  0.702784  0.884957
6-9m        NaN       NaN  0.843235  0.904252
9-12m       NaN       NaN       NaN  0.873003
2026-04-05 16:36:51,339 - INFO - 保存: outputs/cross_temporal_v39/matrix_F1.csv
2026-04-05 16:36:51,341 - INFO - 
           0-3m      3-6m      6-9m     9-12m
0-3m   0.677966  0.553191  0.769231  0.666667
3-6m        NaN  0.666667  0.500000  0.636364
6-9m        NaN       NaN  0.692308  0.730769
9-12m       NaN       NaN       NaN  0.848485
2026-04-05 16:36:51,341 - INFO - 保存: outputs/cross_temporal_v39/matrix_PRECISION.csv
2026-04-05 16:36:51,343 - INFO - 
           0-3m      3-6m      6-9m     9-12m
0-3m   0.714286  0.619048  0.882353  1.000000
3-6m        NaN  0.789474  0.800000  0.875000
6-9m        NaN       NaN  0.600000  0.791667
9-12m       NaN       NaN       NaN  0.736842
2026-04-05 16:36:51,344 - INFO - 保存: outputs/cross_temporal_v39/matrix_RECALL.csv
2026-04-05 16:36:51,346 - INFO - 
           0-3m      3-6m      6-9m     9-12m
0-3m   0.645161  0.500000  0.681818  0.500000
3-6m        NaN  0.576923  0.363636  0.500000
6-9m        NaN       NaN  0.818182  0.678571
9-12m       NaN       NaN       NaN  1.000000
2026-04-05 16:36:51,346 - INFO - ================================================================================
2026-04-05 16:36:51,346 - INFO - IRL マトリクス作成完了
2026-04-05 16:36:51,346 - INFO - ================================================================================
2026-04-05 16:36:51,346 - INFO - ================================================================================
2026-04-05 16:36:51,346 - INFO - RF メトリクスマトリクスを作成中...
2026-04-05 16:36:51,346 - INFO - ================================================================================
2026-04-05 16:36:51,350 - INFO - 保存: outputs/cross_temporal_v39/rf_matrix_AUC_ROC.csv
2026-04-05 16:36:51,352 - INFO - 
           0-3m      3-6m      6-9m     9-12m
0-3m   0.759217  0.685185  0.696591  0.662959
3-6m        NaN  0.761243  0.758523  0.706480
6-9m        NaN       NaN  0.767614  0.735010
9-12m       NaN       NaN       NaN  0.720019
2026-04-05 16:36:51,353 - INFO - 保存: outputs/cross_temporal_v39/rf_matrix_AUC_PR.csv
2026-04-05 16:36:51,355 - INFO - 
           0-3m      3-6m      6-9m     9-12m
0-3m   0.896167  0.792030  0.798991  0.803546
3-6m        NaN  0.866888  0.874779  0.858882
6-9m        NaN       NaN  0.880853  0.878797
9-12m       NaN       NaN       NaN  0.863342
2026-04-05 16:36:51,355 - INFO - 保存: outputs/cross_temporal_v39/rf_matrix_F1.csv
2026-04-05 16:36:51,357 - INFO - 
           0-3m      3-6m      6-9m     9-12m
0-3m   0.826667  0.782609  0.792079  0.817391
3-6m        NaN  0.789474  0.795455  0.814815
6-9m        NaN       NaN  0.808989  0.811321
9-12m       NaN       NaN       NaN  0.810345
2026-04-05 16:36:51,358 - INFO - 保存: outputs/cross_temporal_v39/rf_matrix_PRECISION.csv
2026-04-05 16:36:51,360 - INFO - 
           0-3m      3-6m      6-9m     9-12m
0-3m   0.704545  0.642857  0.655738  0.691176
3-6m        NaN  0.750000  0.729167  0.721311
6-9m        NaN       NaN  0.734694  0.728814
9-12m       NaN       NaN       NaN  0.681159
2026-04-05 16:36:51,360 - INFO - 保存: outputs/cross_temporal_v39/rf_matrix_RECALL.csv
2026-04-05 16:36:51,362 - INFO - 
       0-3m      3-6m   6-9m     9-12m
0-3m    1.0  1.000000  1.000  1.000000
3-6m    NaN  0.833333  0.875  0.936170
6-9m    NaN       NaN  0.900  0.914894
9-12m   NaN       NaN    NaN  1.000000
2026-04-05 16:36:51,362 - INFO - ================================================================================
2026-04-05 16:36:51,362 - INFO - RF マトリクス作成完了
2026-04-05 16:36:51,362 - INFO - ================================================================================
2026-04-05 16:36:51,362 - INFO - ================================================================================
2026-04-05 16:36:51,362 - INFO - 全パターンの訓練・評価が完了しました
2026-04-05 16:36:51,362 - INFO - 結果: outputs/cross_temporal_v39
2026-04-05 16:36:51,362 - INFO - ================================================================================
