2026-03-24 22:19:35,308 - INFO - 乱数シードを固定: 42
2026-03-24 22:19:35,308 - INFO - IRL訓練履歴期間: 2021-01-01 00:00:00 ～ 2023-01-01 00:00:00
2026-03-24 22:19:35,308 - INFO - 評価スナップショット日: 2023-01-01 00:00:00
2026-03-24 22:19:35,308 - INFO - 評価履歴ウィンドウ: 24ヶ月
2026-03-24 22:19:35,308 - INFO - 生成されたパターン数: 10
2026-03-24 22:19:35,308 - INFO -   0-3m → 0-3m
2026-03-24 22:19:35,308 - INFO -   0-3m → 3-6m
2026-03-24 22:19:35,308 - INFO -   0-3m → 6-9m
2026-03-24 22:19:35,308 - INFO -   0-3m → 9-12m
2026-03-24 22:19:35,308 - INFO -   3-6m → 3-6m
2026-03-24 22:19:35,308 - INFO -   3-6m → 6-9m
2026-03-24 22:19:35,308 - INFO -   3-6m → 9-12m
2026-03-24 22:19:35,308 - INFO -   6-9m → 6-9m
2026-03-24 22:19:35,308 - INFO -   6-9m → 9-12m
2026-03-24 22:19:35,308 - INFO -   9-12m → 9-12m
2026-03-24 22:19:35,308 - INFO - ================================================================================
2026-03-24 22:19:35,308 - INFO - 全10パターンの訓練・評価を開始
2026-03-24 22:19:35,308 - INFO - ================================================================================
2026-03-24 22:19:35,308 - INFO - 
【1/10】パターン実行中...
2026-03-24 22:19:35,309 - INFO - ================================================================================
2026-03-24 22:19:35,309 - INFO - パターン: 0-3m → 0-3m
2026-03-24 22:19:35,309 - INFO - IRL訓練ラベル将来窓: 0～3ヶ月
2026-03-24 22:19:35,309 - INFO - 評価ラベル将来窓: 0～3ヶ月
2026-03-24 22:19:35,309 - INFO - ================================================================================
2026-03-24 22:19:35,951 - INFO - レビュー依頼データを読み込み: data/nova_raw.csv
2026-03-24 22:19:35,980 - INFO - 総レビュー依頼数: 26326
2026-03-24 22:19:35,980 - INFO - 承諾数: 14324 (54.4%)
2026-03-24 22:19:35,980 - INFO - 拒否数: 12002 (45.6%)
2026-03-24 22:19:35,980 - INFO - IRL訓練履歴期間: 2021-01-01 00:00:00 ～ 2023-01-01 00:00:00
2026-03-24 22:19:35,980 - INFO - IRL訓練ラベル将来窓: 0～3ヶ月 (train_history_end 基点)
2026-03-24 22:19:35,980 - INFO - 評価スナップショット日: 2023-01-01 00:00:00
2026-03-24 22:19:35,980 - INFO - 評価履歴ウィンドウ: 24ヶ月
2026-03-24 22:19:35,980 - INFO - 評価ラベル将来窓: 0～3ヶ月 (eval_cutoff 基点)
2026-03-24 22:19:35,980 - INFO - 訓練用軌跡を抽出...
2026-03-24 22:19:35,980 - INFO - ================================================================================
2026-03-24 22:19:35,980 - INFO - レビュー承諾予測用軌跡抽出を開始（データリークなし版）
2026-03-24 22:19:35,980 - INFO - 訓練期間全体: 2021-01-01 00:00:00 ～ 2023-01-01 00:00:00
2026-03-24 22:19:35,980 - INFO - 将来窓: 0～3ヶ月
2026-03-24 22:19:35,980 - INFO - 拡張ラベル期間: 0～12ヶ月
2026-03-24 22:19:35,980 - INFO - プロジェクト: 全プロジェクト
2026-03-24 22:19:35,980 - INFO - ラベル定義: この期間で承諾=1、この期間で拒否=0、依頼なし→拡張期間チェック、訓練時は拡張期間にも依頼なしで除外
2026-03-24 22:19:35,980 - INFO - データリーク防止: 訓練期間内でラベル計算
2026-03-24 22:19:35,980 - INFO - ================================================================================
2026-03-24 22:19:35,981 - INFO - 特徴量計算期間（訓練全体）: 2021-01-01 00:00:00 ～ 2023-01-01 00:00:00
2026-03-24 22:19:35,981 - INFO - 全体ラベル期間（train_end時点から）: 2023-01-01 00:00:00 ～ 2023-04-01 00:00:00
2026-03-24 22:19:35,982 - INFO - 特徴量計算期間内のレビュアー数: 233
2026-03-24 22:19:42,843 - INFO - ================================================================================
2026-03-24 22:19:42,843 - INFO - 軌跡抽出完了: 69サンプル（レビュアー）
2026-03-24 22:19:42,843 - INFO -   スキップ（最小依頼数未満）: 0
2026-03-24 22:19:42,843 - INFO -   スキップ（訓練期間末尾まで依頼なし）: 164
2026-03-24 22:19:42,843 - INFO -   正例（この期間で承諾あり）: 31 (44.9%)
2026-03-24 22:19:42,843 - INFO -   負例（この期間で承諾なし）: 38 (55.1%)
2026-03-24 22:19:42,843 - INFO -     - 依頼あり→拒否（重み=1.0）: 14
2026-03-24 22:19:42,843 - INFO -     - 依頼なし（拡張期間に依頼あり、重み=0.1）: 24
2026-03-24 22:19:42,843 - INFO -   総ステップ数: 1587
2026-03-24 22:19:42,843 - INFO -   継続ステップ率: 35.5% (564/1587)
2026-03-24 22:19:42,843 - INFO - ================================================================================
2026-03-24 22:19:43,276 - INFO - 継続予測IRLシステムを初期化しました
2026-03-24 22:19:43,276 - INFO - 訓練データ正例率: 44.9% (31/69)
2026-03-24 22:19:43,276 - INFO - Focal Loss パラメータ更新: alpha=0.650, gamma=1.500
2026-03-24 22:19:43,276 - INFO - Focal Loss 手動設定: alpha=0.650, gamma=1.500
2026-03-24 22:19:43,276 - INFO - IRLモデルを訓練...
2026-03-24 22:19:43,276 - INFO - ============================================================
2026-03-24 22:19:43,276 - INFO - 時系列IRL訓練開始
2026-03-24 22:19:43,276 - INFO - 軌跡数: 69
2026-03-24 22:19:43,276 - INFO - エポック数: 350
2026-03-24 22:19:43,276 - INFO - ============================================================
2026-03-24 22:19:46,743 - INFO - エポック 0: 平均損失 = 0.8532, LR = 0.001000
2026-03-24 22:20:21,150 - INFO - エポック 10: 平均損失 = 0.4627, LR = 0.000968
2026-03-24 22:20:55,344 - INFO - エポック 20: 平均損失 = 0.3966, LR = 0.000876
2026-03-24 22:21:29,067 - INFO - エポック 30: 平均損失 = 0.3336, LR = 0.000737
2026-03-24 22:22:02,796 - INFO - エポック 40: 平均損失 = 0.2662, LR = 0.000567
2026-03-24 22:22:36,422 - INFO - エポック 50: 平均損失 = 0.2444, LR = 0.000390
2026-03-24 22:23:10,071 - INFO - エポック 60: 平均損失 = 0.2033, LR = 0.000227
2026-03-24 22:23:43,782 - INFO - エポック 70: 平均損失 = 0.1806, LR = 0.000100
2026-03-24 22:24:17,600 - INFO - エポック 80: 平均損失 = 0.1723, LR = 0.000026
2026-03-24 22:24:51,414 - INFO - エポック 90: 平均損失 = 0.2678, LR = 0.000997
2026-03-24 22:25:25,264 - INFO - エポック 100: 平均損失 = 0.2270, LR = 0.000946
2026-03-24 22:25:59,063 - INFO - エポック 110: 平均損失 = 0.2185, LR = 0.000839
2026-03-24 22:26:32,858 - INFO - エポック 120: 平均損失 = 0.1879, LR = 0.000688
2026-03-24 22:27:06,664 - INFO - エポック 130: 平均損失 = 0.1768, LR = 0.000514
2026-03-24 22:27:40,462 - INFO - エポック 140: 平均損失 = 0.1630, LR = 0.000339
2026-03-24 22:28:14,341 - INFO - エポック 150: 平均損失 = 0.1430, LR = 0.000185
2026-03-24 22:28:48,138 - INFO - エポック 160: 平均損失 = 0.1254, LR = 0.000072
2026-03-24 22:29:21,931 - INFO - エポック 170: 平均損失 = 0.1174, LR = 0.000015
2026-03-24 22:29:55,788 - INFO - エポック 180: 平均損失 = 0.2311, LR = 0.000988
2026-03-24 22:30:30,065 - INFO - エポック 190: 平均損失 = 0.1790, LR = 0.000920
2026-03-24 22:31:04,025 - INFO - エポック 200: 平均損失 = 0.1680, LR = 0.000797
2026-03-24 22:31:37,802 - INFO - エポック 210: 平均損失 = 0.1439, LR = 0.000637
2026-03-24 22:32:11,600 - INFO - エポック 220: 平均損失 = 0.1319, LR = 0.000460
2026-03-24 22:32:45,501 - INFO - エポック 230: 平均損失 = 0.1312, LR = 0.000289
2026-03-24 22:33:19,356 - INFO - エポック 240: 平均損失 = 0.1113, LR = 0.000146
2026-03-24 22:33:53,176 - INFO - エポック 250: 平均損失 = 0.1071, LR = 0.000049
2026-03-24 22:34:27,052 - INFO - エポック 260: 平均損失 = 0.1055, LR = 0.000010
2026-03-24 22:35:00,850 - INFO - エポック 270: 平均損失 = 0.1757, LR = 0.000974
2026-03-24 22:35:34,626 - INFO - エポック 280: 平均損失 = 0.1569, LR = 0.000888
2026-03-24 22:36:08,442 - INFO - エポック 290: 平均損失 = 0.1386, LR = 0.000753
2026-03-24 22:36:42,208 - INFO - エポック 300: 平均損失 = 0.1321, LR = 0.000585
2026-03-24 22:37:16,118 - INFO - エポック 310: 平均損失 = 0.1122, LR = 0.000407
2026-03-24 22:37:49,911 - INFO - エポック 320: 平均損失 = 0.1087, LR = 0.000242
2026-03-24 22:38:23,747 - INFO - エポック 330: 平均損失 = 0.0958, LR = 0.000111
2026-03-24 22:38:57,548 - INFO - エポック 340: 平均損失 = 0.0955, LR = 0.000031
2026-03-24 22:39:27,973 - INFO - 時系列IRL訓練完了
2026-03-24 22:39:27,973 - INFO - 訓練データ上で最適閾値を決定...
2026-03-24 22:39:30,923 - INFO - 最適閾値: 0.0921
2026-03-24 22:39:30,923 - INFO - 訓練データ性能: Precision=0.733, Recall=0.710, F1=0.721
2026-03-24 22:39:30,928 - INFO - モデルを保存: outputs/cross_temporal_v14/train_0-3m/irl_model.pt
2026-03-24 22:39:30,929 - INFO - 最適閾値を保存: outputs/cross_temporal_v14/train_0-3m/optimal_threshold.json
2026-03-24 22:39:30,929 - INFO - 評価用軌跡を抽出...
2026-03-24 22:39:30,929 - INFO - ================================================================================
2026-03-24 22:39:30,929 - INFO - 評価用軌跡抽出を開始（スナップショット特徴量用）
2026-03-24 22:39:30,929 - INFO - Cutoff日: 2023-01-01 00:00:00
2026-03-24 22:39:30,929 - INFO - 履歴ウィンドウ: 24ヶ月
2026-03-24 22:39:30,929 - INFO - 将来窓: 0～3ヶ月
2026-03-24 22:39:30,929 - INFO - 拡張ラベル期間: 0～12ヶ月
2026-03-24 22:39:30,929 - INFO - プロジェクト: 全プロジェクト
2026-03-24 22:39:30,929 - INFO - 継続判定: この期間で承諾=1、この期間で拒否=0、依頼なし→拡張期間チェック、評価時は拡張期間にも依頼なしで除外（予測の母集団に入れない）
2026-03-24 22:39:30,929 - INFO - ================================================================================
2026-03-24 22:39:30,929 - INFO - 履歴期間: 2021-01-01 00:00:00 ～ 2023-01-01 00:00:00
2026-03-24 22:39:30,929 - INFO - 評価期間: 2023-01-01 00:00:00 ～ 2023-04-01 00:00:00
2026-03-24 22:39:30,930 - INFO - 履歴期間内のレビュアー数: 233
2026-03-24 22:39:36,966 - INFO - ================================================================================
2026-03-24 22:39:36,966 - INFO - 評価用軌跡抽出完了: 69サンプル
2026-03-24 22:39:36,966 - INFO -   スキップ（最小依頼数未満）: 0
2026-03-24 22:39:36,966 - INFO -   スキップ（訓練期間末尾まで依頼なし）: 164
2026-03-24 22:39:36,966 - INFO -   正例（この期間で承諾あり）: 31 (44.9%)
2026-03-24 22:39:36,966 - INFO -   負例（この期間で承諾なし）: 38 (55.1%)
2026-03-24 22:39:36,966 - INFO -     - 依頼あり→拒否（重み=1.0）: 14
2026-03-24 22:39:36,966 - INFO -     - 依頼なし（拡張期間に依頼あり、重み=0.1）: 24
2026-03-24 22:39:36,966 - INFO - ================================================================================
2026-03-24 22:39:36,966 - INFO - 予測を実行...
2026-03-24 22:39:40,324 - INFO - ================================================================================
2026-03-24 22:39:40,324 - INFO - 評価結果 (0-3m → 0-3m):
2026-03-24 22:39:40,324 - INFO -   AUC-ROC: 0.7827
2026-03-24 22:39:40,324 - INFO -   AUC-PR: 0.8136
2026-03-24 22:39:40,324 - INFO -   Precision: 0.6667
2026-03-24 22:39:40,324 - INFO -   Recall: 0.5806
2026-03-24 22:39:40,324 - INFO -   F1 Score: 0.6207
2026-03-24 22:39:40,324 - INFO - ================================================================================
2026-03-24 22:40:31,987 - INFO - IRL特徴量重要度を保存: outputs/cross_temporal_v14/train_0-3m/eval_0-3m/irl_feature_importance.json
2026-03-24 22:40:31,987 - INFO - RFベースラインを評価...
2026-03-24 22:40:38,990 - INFO - RF予測を predictions_df に結合: 45/69 レビュアー一致
2026-03-24 22:40:38,990 - INFO - RFベースライン結果を保存: outputs/cross_temporal_v14/train_0-3m/eval_0-3m/rf_metrics.json
2026-03-24 22:40:38,992 - INFO - 結果を保存: outputs/cross_temporal_v14/train_0-3m/eval_0-3m
2026-03-24 22:40:39,021 - INFO - 
【2/10】パターン実行中...
2026-03-24 22:40:39,021 - INFO - ================================================================================
2026-03-24 22:40:39,021 - INFO - パターン: 0-3m → 3-6m
2026-03-24 22:40:39,021 - INFO - IRL訓練ラベル将来窓: 0～3ヶ月
2026-03-24 22:40:39,021 - INFO - 評価ラベル将来窓: 3～6ヶ月
2026-03-24 22:40:39,021 - INFO - ================================================================================
2026-03-24 22:40:39,021 - INFO - レビュー依頼データを読み込み: data/nova_raw.csv
2026-03-24 22:40:39,051 - INFO - 総レビュー依頼数: 26326
2026-03-24 22:40:39,051 - INFO - 承諾数: 14324 (54.4%)
2026-03-24 22:40:39,051 - INFO - 拒否数: 12002 (45.6%)
2026-03-24 22:40:39,051 - INFO - IRL訓練履歴期間: 2021-01-01 00:00:00 ～ 2023-01-01 00:00:00
2026-03-24 22:40:39,051 - INFO - IRL訓練ラベル将来窓: 0～3ヶ月 (train_history_end 基点)
2026-03-24 22:40:39,051 - INFO - 評価スナップショット日: 2023-01-01 00:00:00
2026-03-24 22:40:39,051 - INFO - 評価履歴ウィンドウ: 24ヶ月
2026-03-24 22:40:39,051 - INFO - 評価ラベル将来窓: 3～6ヶ月 (eval_cutoff 基点)
2026-03-24 22:40:39,051 - INFO - 訓練用軌跡を抽出...
2026-03-24 22:40:39,051 - INFO - ================================================================================
2026-03-24 22:40:39,051 - INFO - レビュー承諾予測用軌跡抽出を開始（データリークなし版）
2026-03-24 22:40:39,051 - INFO - 訓練期間全体: 2021-01-01 00:00:00 ～ 2023-01-01 00:00:00
2026-03-24 22:40:39,051 - INFO - 将来窓: 0～3ヶ月
2026-03-24 22:40:39,051 - INFO - 拡張ラベル期間: 0～12ヶ月
2026-03-24 22:40:39,051 - INFO - プロジェクト: 全プロジェクト
2026-03-24 22:40:39,051 - INFO - ラベル定義: この期間で承諾=1、この期間で拒否=0、依頼なし→拡張期間チェック、訓練時は拡張期間にも依頼なしで除外
2026-03-24 22:40:39,051 - INFO - データリーク防止: 訓練期間内でラベル計算
2026-03-24 22:40:39,051 - INFO - ================================================================================
2026-03-24 22:40:39,052 - INFO - 特徴量計算期間（訓練全体）: 2021-01-01 00:00:00 ～ 2023-01-01 00:00:00
2026-03-24 22:40:39,052 - INFO - 全体ラベル期間（train_end時点から）: 2023-01-01 00:00:00 ～ 2023-04-01 00:00:00
2026-03-24 22:40:39,053 - INFO - 特徴量計算期間内のレビュアー数: 233
2026-03-24 22:40:46,052 - INFO - ================================================================================
2026-03-24 22:40:46,052 - INFO - 軌跡抽出完了: 69サンプル（レビュアー）
2026-03-24 22:40:46,052 - INFO -   スキップ（最小依頼数未満）: 0
2026-03-24 22:40:46,052 - INFO -   スキップ（訓練期間末尾まで依頼なし）: 164
2026-03-24 22:40:46,052 - INFO -   正例（この期間で承諾あり）: 31 (44.9%)
2026-03-24 22:40:46,052 - INFO -   負例（この期間で承諾なし）: 38 (55.1%)
2026-03-24 22:40:46,052 - INFO -     - 依頼あり→拒否（重み=1.0）: 14
2026-03-24 22:40:46,052 - INFO -     - 依頼なし（拡張期間に依頼あり、重み=0.1）: 24
2026-03-24 22:40:46,053 - INFO -   総ステップ数: 1587
2026-03-24 22:40:46,053 - INFO -   継続ステップ率: 35.5% (564/1587)
2026-03-24 22:40:46,053 - INFO - ================================================================================
2026-03-24 22:40:46,054 - INFO - 継続予測IRLシステムを初期化しました
2026-03-24 22:40:46,054 - INFO - 訓練データ正例率: 44.9% (31/69)
2026-03-24 22:40:46,054 - INFO - Focal Loss パラメータ更新: alpha=0.650, gamma=1.500
2026-03-24 22:40:46,054 - INFO - Focal Loss 手動設定: alpha=0.650, gamma=1.500
2026-03-24 22:40:46,054 - INFO - IRLモデルを訓練...
2026-03-24 22:40:46,054 - INFO - ============================================================
2026-03-24 22:40:46,054 - INFO - 時系列IRL訓練開始
2026-03-24 22:40:46,054 - INFO - 軌跡数: 69
2026-03-24 22:40:46,054 - INFO - エポック数: 350
2026-03-24 22:40:46,054 - INFO - ============================================================
2026-03-24 22:40:49,577 - INFO - エポック 0: 平均損失 = 0.9393, LR = 0.001000
2026-03-24 22:41:23,899 - INFO - エポック 10: 平均損失 = 0.4672, LR = 0.000968
2026-03-24 22:41:58,123 - INFO - エポック 20: 平均損失 = 0.3907, LR = 0.000876
2026-03-24 22:42:32,332 - INFO - エポック 30: 平均損失 = 0.3335, LR = 0.000737
2026-03-24 22:43:06,690 - INFO - エポック 40: 平均損失 = 0.2865, LR = 0.000567
2026-03-24 22:43:40,951 - INFO - エポック 50: 平均損失 = 0.2437, LR = 0.000390
2026-03-24 22:44:15,204 - INFO - エポック 60: 平均損失 = 0.2115, LR = 0.000227
2026-03-24 22:44:49,538 - INFO - エポック 70: 平均損失 = 0.1840, LR = 0.000100
2026-03-24 22:45:23,776 - INFO - エポック 80: 平均損失 = 0.1721, LR = 0.000026
2026-03-24 22:45:58,117 - INFO - エポック 90: 平均損失 = 0.2634, LR = 0.000997
2026-03-24 22:46:32,469 - INFO - エポック 100: 平均損失 = 0.2516, LR = 0.000946
2026-03-24 22:47:06,836 - INFO - エポック 110: 平均損失 = 0.2032, LR = 0.000839
2026-03-24 22:47:41,029 - INFO - エポック 120: 平均損失 = 0.2003, LR = 0.000688
2026-03-24 22:48:15,251 - INFO - エポック 130: 平均損失 = 0.1719, LR = 0.000514
2026-03-24 22:48:49,520 - INFO - エポック 140: 平均損失 = 0.1651, LR = 0.000339
2026-03-24 22:49:23,834 - INFO - エポック 150: 平均損失 = 0.1435, LR = 0.000185
2026-03-24 22:49:58,115 - INFO - エポック 160: 平均損失 = 0.1307, LR = 0.000072
2026-03-24 22:50:32,858 - INFO - エポック 170: 平均損失 = 0.1320, LR = 0.000015
2026-03-24 22:51:07,145 - INFO - エポック 180: 平均損失 = 0.2082, LR = 0.000988
2026-03-24 22:51:41,400 - INFO - エポック 190: 平均損失 = 0.1765, LR = 0.000920
2026-03-24 22:52:15,748 - INFO - エポック 200: 平均損失 = 0.1671, LR = 0.000797
2026-03-24 22:52:49,982 - INFO - エポック 210: 平均損失 = 0.1486, LR = 0.000637
2026-03-24 22:53:24,217 - INFO - エポック 220: 平均損失 = 0.1400, LR = 0.000460
2026-03-24 22:53:58,495 - INFO - エポック 230: 平均損失 = 0.1257, LR = 0.000289
2026-03-24 22:54:32,834 - INFO - エポック 240: 平均損失 = 0.1166, LR = 0.000146
2026-03-24 22:55:07,218 - INFO - エポック 250: 平均損失 = 0.1081, LR = 0.000049
2026-03-24 22:55:41,510 - INFO - エポック 260: 平均損失 = 0.1071, LR = 0.000010
2026-03-24 22:56:15,890 - INFO - エポック 270: 平均損失 = 0.1736, LR = 0.000974
2026-03-24 22:56:50,156 - INFO - エポック 280: 平均損失 = 0.1796, LR = 0.000888
2026-03-24 22:57:24,430 - INFO - エポック 290: 平均損失 = 0.1440, LR = 0.000753
2026-03-24 22:57:58,648 - INFO - エポック 300: 平均損失 = 0.1311, LR = 0.000585
2026-03-24 22:58:32,980 - INFO - エポック 310: 平均損失 = 0.1092, LR = 0.000407
2026-03-24 22:59:07,248 - INFO - エポック 320: 平均損失 = 0.1071, LR = 0.000242
2026-03-24 22:59:41,572 - INFO - エポック 330: 平均損失 = 0.0997, LR = 0.000111
2026-03-24 23:00:16,323 - INFO - エポック 340: 平均損失 = 0.0940, LR = 0.000031
2026-03-24 23:00:47,202 - INFO - 時系列IRL訓練完了
2026-03-24 23:00:47,202 - INFO - 訓練データ上で最適閾値を決定...
2026-03-24 23:00:50,175 - INFO - 最適閾値: 0.2654
2026-03-24 23:00:50,175 - INFO - 訓練データ性能: Precision=0.864, Recall=0.613, F1=0.717
2026-03-24 23:00:50,177 - INFO - モデルを保存: outputs/cross_temporal_v14/train_0-3m/irl_model.pt
2026-03-24 23:00:50,177 - INFO - 最適閾値を保存: outputs/cross_temporal_v14/train_0-3m/optimal_threshold.json
2026-03-24 23:00:50,177 - INFO - 評価用軌跡を抽出...
2026-03-24 23:00:50,177 - INFO - ================================================================================
2026-03-24 23:00:50,177 - INFO - 評価用軌跡抽出を開始（スナップショット特徴量用）
2026-03-24 23:00:50,177 - INFO - Cutoff日: 2023-01-01 00:00:00
2026-03-24 23:00:50,177 - INFO - 履歴ウィンドウ: 24ヶ月
2026-03-24 23:00:50,177 - INFO - 将来窓: 3～6ヶ月
2026-03-24 23:00:50,177 - INFO - 拡張ラベル期間: 3～12ヶ月
2026-03-24 23:00:50,177 - INFO - プロジェクト: 全プロジェクト
2026-03-24 23:00:50,177 - INFO - 継続判定: この期間で承諾=1、この期間で拒否=0、依頼なし→拡張期間チェック、評価時は拡張期間にも依頼なしで除外（予測の母集団に入れない）
2026-03-24 23:00:50,177 - INFO - ================================================================================
2026-03-24 23:00:50,177 - INFO - 履歴期間: 2021-01-01 00:00:00 ～ 2023-01-01 00:00:00
2026-03-24 23:00:50,177 - INFO - 評価期間: 2023-04-01 00:00:00 ～ 2023-07-01 00:00:00
2026-03-24 23:00:50,179 - INFO - 履歴期間内のレビュアー数: 233
2026-03-24 23:00:55,928 - INFO - ================================================================================
2026-03-24 23:00:55,928 - INFO - 評価用軌跡抽出完了: 60サンプル
2026-03-24 23:00:55,928 - INFO -   スキップ（最小依頼数未満）: 0
2026-03-24 23:00:55,928 - INFO -   スキップ（訓練期間末尾まで依頼なし）: 173
2026-03-24 23:00:55,928 - INFO -   正例（この期間で承諾あり）: 26 (43.3%)
2026-03-24 23:00:55,928 - INFO -   負例（この期間で承諾なし）: 34 (56.7%)
2026-03-24 23:00:55,928 - INFO -     - 依頼あり→拒否（重み=1.0）: 16
2026-03-24 23:00:55,928 - INFO -     - 依頼なし（拡張期間に依頼あり、重み=0.1）: 18
2026-03-24 23:00:55,928 - INFO - ================================================================================
2026-03-24 23:00:55,929 - INFO - 予測を実行...
2026-03-24 23:00:59,001 - INFO - ================================================================================
2026-03-24 23:00:59,001 - INFO - 評価結果 (0-3m → 3-6m):
2026-03-24 23:00:59,001 - INFO -   AUC-ROC: 0.8043
2026-03-24 23:00:59,001 - INFO -   AUC-PR: 0.7723
2026-03-24 23:00:59,001 - INFO -   Precision: 0.7037
2026-03-24 23:00:59,001 - INFO -   Recall: 0.7308
2026-03-24 23:00:59,001 - INFO -   F1 Score: 0.7170
2026-03-24 23:00:59,001 - INFO - ================================================================================
2026-03-24 23:01:50,123 - INFO - IRL特徴量重要度を保存: outputs/cross_temporal_v14/train_0-3m/eval_3-6m/irl_feature_importance.json
2026-03-24 23:01:50,123 - INFO - RFベースラインを評価...
2026-03-24 23:01:57,206 - INFO - RF予測を predictions_df に結合: 48/60 レビュアー一致
2026-03-24 23:01:57,206 - INFO - RFベースライン結果を保存: outputs/cross_temporal_v14/train_0-3m/eval_3-6m/rf_metrics.json
2026-03-24 23:01:57,207 - INFO - 結果を保存: outputs/cross_temporal_v14/train_0-3m/eval_3-6m
2026-03-24 23:01:57,226 - INFO - 
【3/10】パターン実行中...
2026-03-24 23:01:57,226 - INFO - ================================================================================
2026-03-24 23:01:57,226 - INFO - パターン: 0-3m → 6-9m
2026-03-24 23:01:57,226 - INFO - IRL訓練ラベル将来窓: 0～3ヶ月
2026-03-24 23:01:57,226 - INFO - 評価ラベル将来窓: 6～9ヶ月
2026-03-24 23:01:57,226 - INFO - ================================================================================
2026-03-24 23:01:57,226 - INFO - レビュー依頼データを読み込み: data/nova_raw.csv
2026-03-24 23:01:57,256 - INFO - 総レビュー依頼数: 26326
2026-03-24 23:01:57,256 - INFO - 承諾数: 14324 (54.4%)
2026-03-24 23:01:57,256 - INFO - 拒否数: 12002 (45.6%)
2026-03-24 23:01:57,256 - INFO - IRL訓練履歴期間: 2021-01-01 00:00:00 ～ 2023-01-01 00:00:00
2026-03-24 23:01:57,256 - INFO - IRL訓練ラベル将来窓: 0～3ヶ月 (train_history_end 基点)
2026-03-24 23:01:57,256 - INFO - 評価スナップショット日: 2023-01-01 00:00:00
2026-03-24 23:01:57,256 - INFO - 評価履歴ウィンドウ: 24ヶ月
2026-03-24 23:01:57,256 - INFO - 評価ラベル将来窓: 6～9ヶ月 (eval_cutoff 基点)
2026-03-24 23:01:57,256 - INFO - 訓練用軌跡を抽出...
2026-03-24 23:01:57,256 - INFO - ================================================================================
2026-03-24 23:01:57,256 - INFO - レビュー承諾予測用軌跡抽出を開始（データリークなし版）
2026-03-24 23:01:57,256 - INFO - 訓練期間全体: 2021-01-01 00:00:00 ～ 2023-01-01 00:00:00
2026-03-24 23:01:57,256 - INFO - 将来窓: 0～3ヶ月
2026-03-24 23:01:57,256 - INFO - 拡張ラベル期間: 0～12ヶ月
2026-03-24 23:01:57,256 - INFO - プロジェクト: 全プロジェクト
2026-03-24 23:01:57,256 - INFO - ラベル定義: この期間で承諾=1、この期間で拒否=0、依頼なし→拡張期間チェック、訓練時は拡張期間にも依頼なしで除外
2026-03-24 23:01:57,256 - INFO - データリーク防止: 訓練期間内でラベル計算
2026-03-24 23:01:57,256 - INFO - ================================================================================
2026-03-24 23:01:57,256 - INFO - 特徴量計算期間（訓練全体）: 2021-01-01 00:00:00 ～ 2023-01-01 00:00:00
2026-03-24 23:01:57,256 - INFO - 全体ラベル期間（train_end時点から）: 2023-01-01 00:00:00 ～ 2023-04-01 00:00:00
2026-03-24 23:01:57,258 - INFO - 特徴量計算期間内のレビュアー数: 233
2026-03-24 23:02:04,332 - INFO - ================================================================================
2026-03-24 23:02:04,332 - INFO - 軌跡抽出完了: 69サンプル（レビュアー）
2026-03-24 23:02:04,332 - INFO -   スキップ（最小依頼数未満）: 0
2026-03-24 23:02:04,332 - INFO -   スキップ（訓練期間末尾まで依頼なし）: 164
2026-03-24 23:02:04,332 - INFO -   正例（この期間で承諾あり）: 31 (44.9%)
2026-03-24 23:02:04,333 - INFO -   負例（この期間で承諾なし）: 38 (55.1%)
2026-03-24 23:02:04,333 - INFO -     - 依頼あり→拒否（重み=1.0）: 14
2026-03-24 23:02:04,333 - INFO -     - 依頼なし（拡張期間に依頼あり、重み=0.1）: 24
2026-03-24 23:02:04,333 - INFO -   総ステップ数: 1587
2026-03-24 23:02:04,333 - INFO -   継続ステップ率: 35.5% (564/1587)
2026-03-24 23:02:04,333 - INFO - ================================================================================
2026-03-24 23:02:04,334 - INFO - 継続予測IRLシステムを初期化しました
2026-03-24 23:02:04,334 - INFO - 訓練データ正例率: 44.9% (31/69)
2026-03-24 23:02:04,334 - INFO - Focal Loss パラメータ更新: alpha=0.650, gamma=1.500
2026-03-24 23:02:04,334 - INFO - Focal Loss 手動設定: alpha=0.650, gamma=1.500
2026-03-24 23:02:04,334 - INFO - IRLモデルを訓練...
2026-03-24 23:02:04,334 - INFO - ============================================================
2026-03-24 23:02:04,334 - INFO - 時系列IRL訓練開始
2026-03-24 23:02:04,334 - INFO - 軌跡数: 69
2026-03-24 23:02:04,334 - INFO - エポック数: 350
2026-03-24 23:02:04,334 - INFO - ============================================================
2026-03-24 23:02:07,743 - INFO - エポック 0: 平均損失 = 0.7978, LR = 0.001000
2026-03-24 23:02:41,713 - INFO - エポック 10: 平均損失 = 0.4876, LR = 0.000968
2026-03-24 23:03:15,744 - INFO - エポック 20: 平均損失 = 0.3880, LR = 0.000876
2026-03-24 23:03:49,700 - INFO - エポック 30: 平均損失 = 0.3299, LR = 0.000737
2026-03-24 23:04:23,729 - INFO - エポック 40: 平均損失 = 0.2620, LR = 0.000567
2026-03-24 23:04:57,774 - INFO - エポック 50: 平均損失 = 0.2302, LR = 0.000390
2026-03-24 23:05:31,751 - INFO - エポック 60: 平均損失 = 0.2129, LR = 0.000227
2026-03-24 23:06:06,038 - INFO - エポック 70: 平均損失 = 0.1851, LR = 0.000100
2026-03-24 23:06:40,158 - INFO - エポック 80: 平均損失 = 0.1722, LR = 0.000026
2026-03-24 23:07:14,346 - INFO - エポック 90: 平均損失 = 0.2576, LR = 0.000997
2026-03-24 23:07:48,581 - INFO - エポック 100: 平均損失 = 0.2614, LR = 0.000946
2026-03-24 23:08:22,742 - INFO - エポック 110: 平均損失 = 0.1955, LR = 0.000839
2026-03-24 23:08:56,930 - INFO - エポック 120: 平均損失 = 0.2182, LR = 0.000688
2026-03-24 23:09:31,070 - INFO - エポック 130: 平均損失 = 0.1816, LR = 0.000514
2026-03-24 23:10:05,285 - INFO - エポック 140: 平均損失 = 0.1400, LR = 0.000339
2026-03-24 23:10:39,954 - INFO - エポック 150: 平均損失 = 0.1456, LR = 0.000185
2026-03-24 23:11:14,150 - INFO - エポック 160: 平均損失 = 0.1289, LR = 0.000072
2026-03-24 23:11:48,332 - INFO - エポック 170: 平均損失 = 0.1275, LR = 0.000015
2026-03-24 23:12:22,546 - INFO - エポック 180: 平均損失 = 0.2136, LR = 0.000988
2026-03-24 23:12:56,665 - INFO - エポック 190: 平均損失 = 0.1829, LR = 0.000920
2026-03-24 23:13:30,900 - INFO - エポック 200: 平均損失 = 0.1912, LR = 0.000797
2026-03-24 23:14:05,030 - INFO - エポック 210: 平均損失 = 0.1515, LR = 0.000637
2026-03-24 23:14:39,177 - INFO - エポック 220: 平均損失 = 0.1258, LR = 0.000460
2026-03-24 23:15:13,412 - INFO - エポック 230: 平均損失 = 0.1228, LR = 0.000289
2026-03-24 23:15:47,588 - INFO - エポック 240: 平均損失 = 0.1167, LR = 0.000146
2026-03-24 23:16:21,880 - INFO - エポック 250: 平均損失 = 0.1097, LR = 0.000049
2026-03-24 23:16:56,050 - INFO - エポック 260: 平均損失 = 0.1082, LR = 0.000010
2026-03-24 23:17:30,239 - INFO - エポック 270: 平均損失 = 0.1987, LR = 0.000974
2026-03-24 23:18:04,460 - INFO - エポック 280: 平均損失 = 0.1589, LR = 0.000888
2026-03-24 23:18:38,586 - INFO - エポック 290: 平均損失 = 0.1466, LR = 0.000753
2026-03-24 23:19:12,782 - INFO - エポック 300: 平均損失 = 0.1230, LR = 0.000585
2026-03-24 23:19:47,005 - INFO - エポック 310: 平均損失 = 0.1179, LR = 0.000407
2026-03-24 23:20:21,583 - INFO - エポック 320: 平均損失 = 0.1072, LR = 0.000242
2026-03-24 23:20:55,770 - INFO - エポック 330: 平均損失 = 0.1100, LR = 0.000111
2026-03-24 23:21:29,929 - INFO - エポック 340: 平均損失 = 0.0988, LR = 0.000031
2026-03-24 23:22:00,607 - INFO - 時系列IRL訓練完了
2026-03-24 23:22:00,607 - INFO - 訓練データ上で最適閾値を決定...
2026-03-24 23:22:03,587 - INFO - 最適閾値: 0.2206
2026-03-24 23:22:03,587 - INFO - 訓練データ性能: Precision=0.958, Recall=0.742, F1=0.836
2026-03-24 23:22:03,590 - INFO - モデルを保存: outputs/cross_temporal_v14/train_0-3m/irl_model.pt
2026-03-24 23:22:03,590 - INFO - 最適閾値を保存: outputs/cross_temporal_v14/train_0-3m/optimal_threshold.json
2026-03-24 23:22:03,590 - INFO - 評価用軌跡を抽出...
2026-03-24 23:22:03,590 - INFO - ================================================================================
2026-03-24 23:22:03,590 - INFO - 評価用軌跡抽出を開始（スナップショット特徴量用）
2026-03-24 23:22:03,590 - INFO - Cutoff日: 2023-01-01 00:00:00
2026-03-24 23:22:03,590 - INFO - 履歴ウィンドウ: 24ヶ月
2026-03-24 23:22:03,590 - INFO - 将来窓: 6～9ヶ月
2026-03-24 23:22:03,590 - INFO - 拡張ラベル期間: 6～12ヶ月
2026-03-24 23:22:03,590 - INFO - プロジェクト: 全プロジェクト
2026-03-24 23:22:03,590 - INFO - 継続判定: この期間で承諾=1、この期間で拒否=0、依頼なし→拡張期間チェック、評価時は拡張期間にも依頼なしで除外（予測の母集団に入れない）
2026-03-24 23:22:03,590 - INFO - ================================================================================
2026-03-24 23:22:03,590 - INFO - 履歴期間: 2021-01-01 00:00:00 ～ 2023-01-01 00:00:00
2026-03-24 23:22:03,590 - INFO - 評価期間: 2023-07-01 00:00:00 ～ 2023-10-01 00:00:00
2026-03-24 23:22:03,591 - INFO - 履歴期間内のレビュアー数: 233
2026-03-24 23:22:07,894 - INFO - ================================================================================
2026-03-24 23:22:07,894 - INFO - 評価用軌跡抽出完了: 47サンプル
2026-03-24 23:22:07,894 - INFO -   スキップ（最小依頼数未満）: 0
2026-03-24 23:22:07,895 - INFO -   スキップ（訓練期間末尾まで依頼なし）: 186
2026-03-24 23:22:07,895 - INFO -   正例（この期間で承諾あり）: 22 (46.8%)
2026-03-24 23:22:07,895 - INFO -   負例（この期間で承諾なし）: 25 (53.2%)
2026-03-24 23:22:07,895 - INFO -     - 依頼あり→拒否（重み=1.0）: 11
2026-03-24 23:22:07,895 - INFO -     - 依頼なし（拡張期間に依頼あり、重み=0.1）: 14
2026-03-24 23:22:07,895 - INFO - ================================================================================
2026-03-24 23:22:07,895 - INFO - 予測を実行...
2026-03-24 23:22:10,289 - INFO - ================================================================================
2026-03-24 23:22:10,289 - INFO - 評価結果 (0-3m → 6-9m):
2026-03-24 23:22:10,289 - INFO -   AUC-ROC: 0.9382
2026-03-24 23:22:10,289 - INFO -   AUC-PR: 0.9374
2026-03-24 23:22:10,289 - INFO -   Precision: 0.9000
2026-03-24 23:22:10,289 - INFO -   Recall: 0.8182
2026-03-24 23:22:10,289 - INFO -   F1 Score: 0.8571
2026-03-24 23:22:10,289 - INFO - ================================================================================
2026-03-24 23:22:50,198 - INFO - IRL特徴量重要度を保存: outputs/cross_temporal_v14/train_0-3m/eval_6-9m/irl_feature_importance.json
2026-03-24 23:22:50,198 - INFO - RFベースラインを評価...
2026-03-24 23:22:57,288 - INFO - RF予測を predictions_df に結合: 40/47 レビュアー一致
2026-03-24 23:22:57,289 - INFO - RFベースライン結果を保存: outputs/cross_temporal_v14/train_0-3m/eval_6-9m/rf_metrics.json
2026-03-24 23:22:57,289 - INFO - 結果を保存: outputs/cross_temporal_v14/train_0-3m/eval_6-9m
2026-03-24 23:22:57,307 - INFO - 
【4/10】パターン実行中...
2026-03-24 23:22:57,307 - INFO - ================================================================================
2026-03-24 23:22:57,307 - INFO - パターン: 0-3m → 9-12m
2026-03-24 23:22:57,307 - INFO - IRL訓練ラベル将来窓: 0～3ヶ月
2026-03-24 23:22:57,307 - INFO - 評価ラベル将来窓: 9～12ヶ月
2026-03-24 23:22:57,307 - INFO - ================================================================================
2026-03-24 23:22:57,307 - INFO - レビュー依頼データを読み込み: data/nova_raw.csv
2026-03-24 23:22:57,336 - INFO - 総レビュー依頼数: 26326
2026-03-24 23:22:57,337 - INFO - 承諾数: 14324 (54.4%)
2026-03-24 23:22:57,337 - INFO - 拒否数: 12002 (45.6%)
2026-03-24 23:22:57,337 - INFO - IRL訓練履歴期間: 2021-01-01 00:00:00 ～ 2023-01-01 00:00:00
2026-03-24 23:22:57,337 - INFO - IRL訓練ラベル将来窓: 0～3ヶ月 (train_history_end 基点)
2026-03-24 23:22:57,337 - INFO - 評価スナップショット日: 2023-01-01 00:00:00
2026-03-24 23:22:57,337 - INFO - 評価履歴ウィンドウ: 24ヶ月
2026-03-24 23:22:57,337 - INFO - 評価ラベル将来窓: 9～12ヶ月 (eval_cutoff 基点)
2026-03-24 23:22:57,337 - INFO - 訓練用軌跡を抽出...
2026-03-24 23:22:57,337 - INFO - ================================================================================
2026-03-24 23:22:57,337 - INFO - レビュー承諾予測用軌跡抽出を開始（データリークなし版）
2026-03-24 23:22:57,337 - INFO - 訓練期間全体: 2021-01-01 00:00:00 ～ 2023-01-01 00:00:00
2026-03-24 23:22:57,337 - INFO - 将来窓: 0～3ヶ月
2026-03-24 23:22:57,337 - INFO - 拡張ラベル期間: 0～12ヶ月
2026-03-24 23:22:57,337 - INFO - プロジェクト: 全プロジェクト
2026-03-24 23:22:57,337 - INFO - ラベル定義: この期間で承諾=1、この期間で拒否=0、依頼なし→拡張期間チェック、訓練時は拡張期間にも依頼なしで除外
2026-03-24 23:22:57,337 - INFO - データリーク防止: 訓練期間内でラベル計算
2026-03-24 23:22:57,337 - INFO - ================================================================================
2026-03-24 23:22:57,337 - INFO - 特徴量計算期間（訓練全体）: 2021-01-01 00:00:00 ～ 2023-01-01 00:00:00
2026-03-24 23:22:57,337 - INFO - 全体ラベル期間（train_end時点から）: 2023-01-01 00:00:00 ～ 2023-04-01 00:00:00
2026-03-24 23:22:57,338 - INFO - 特徴量計算期間内のレビュアー数: 233
2026-03-24 23:23:04,369 - INFO - ================================================================================
2026-03-24 23:23:04,369 - INFO - 軌跡抽出完了: 69サンプル（レビュアー）
2026-03-24 23:23:04,369 - INFO -   スキップ（最小依頼数未満）: 0
2026-03-24 23:23:04,369 - INFO -   スキップ（訓練期間末尾まで依頼なし）: 164
2026-03-24 23:23:04,369 - INFO -   正例（この期間で承諾あり）: 31 (44.9%)
2026-03-24 23:23:04,369 - INFO -   負例（この期間で承諾なし）: 38 (55.1%)
2026-03-24 23:23:04,369 - INFO -     - 依頼あり→拒否（重み=1.0）: 14
2026-03-24 23:23:04,369 - INFO -     - 依頼なし（拡張期間に依頼あり、重み=0.1）: 24
2026-03-24 23:23:04,369 - INFO -   総ステップ数: 1587
2026-03-24 23:23:04,369 - INFO -   継続ステップ率: 35.5% (564/1587)
2026-03-24 23:23:04,369 - INFO - ================================================================================
2026-03-24 23:23:04,370 - INFO - 継続予測IRLシステムを初期化しました
2026-03-24 23:23:04,370 - INFO - 訓練データ正例率: 44.9% (31/69)
2026-03-24 23:23:04,370 - INFO - Focal Loss パラメータ更新: alpha=0.650, gamma=1.500
2026-03-24 23:23:04,370 - INFO - Focal Loss 手動設定: alpha=0.650, gamma=1.500
2026-03-24 23:23:04,370 - INFO - IRLモデルを訓練...
2026-03-24 23:23:04,370 - INFO - ============================================================
2026-03-24 23:23:04,370 - INFO - 時系列IRL訓練開始
2026-03-24 23:23:04,370 - INFO - 軌跡数: 69
2026-03-24 23:23:04,370 - INFO - エポック数: 350
2026-03-24 23:23:04,370 - INFO - ============================================================
2026-03-24 23:23:07,766 - INFO - エポック 0: 平均損失 = 0.7559, LR = 0.001000
2026-03-24 23:23:41,917 - INFO - エポック 10: 平均損失 = 0.4636, LR = 0.000968
2026-03-24 23:24:15,863 - INFO - エポック 20: 平均損失 = 0.3920, LR = 0.000876
2026-03-24 23:24:49,811 - INFO - エポック 30: 平均損失 = 0.3461, LR = 0.000737
2026-03-24 23:25:23,809 - INFO - エポック 40: 平均損失 = 0.2771, LR = 0.000567
2026-03-24 23:25:57,796 - INFO - エポック 50: 平均損失 = 0.2265, LR = 0.000390
2026-03-24 23:26:31,715 - INFO - エポック 60: 平均損失 = 0.2002, LR = 0.000227
2026-03-24 23:27:05,589 - INFO - エポック 70: 平均損失 = 0.1842, LR = 0.000100
2026-03-24 23:27:39,483 - INFO - エポック 80: 平均損失 = 0.1732, LR = 0.000026
2026-03-24 23:28:13,353 - INFO - エポック 90: 平均損失 = 0.3012, LR = 0.000997
2026-03-24 23:28:47,338 - INFO - エポック 100: 平均損失 = 0.2507, LR = 0.000946
2026-03-24 23:29:21,246 - INFO - エポック 110: 平均損失 = 0.1992, LR = 0.000839
2026-03-24 23:29:55,144 - INFO - エポック 120: 平均損失 = 0.1932, LR = 0.000688
2026-03-24 23:30:29,507 - INFO - エポック 130: 平均損失 = 0.1911, LR = 0.000514
2026-03-24 23:31:03,384 - INFO - エポック 140: 平均損失 = 0.1604, LR = 0.000339
2026-03-24 23:31:37,412 - INFO - エポック 150: 平均損失 = 0.1347, LR = 0.000185
2026-03-24 23:32:11,320 - INFO - エポック 160: 平均損失 = 0.1323, LR = 0.000072
2026-03-24 23:32:45,231 - INFO - エポック 170: 平均損失 = 0.1255, LR = 0.000015
2026-03-24 23:33:19,143 - INFO - エポック 180: 平均損失 = 0.1852, LR = 0.000988
2026-03-24 23:33:53,050 - INFO - エポック 190: 平均損失 = 0.2044, LR = 0.000920
2026-03-24 23:34:27,128 - INFO - エポック 200: 平均損失 = 0.1717, LR = 0.000797
2026-03-24 23:35:01,145 - INFO - エポック 210: 平均損失 = 0.1528, LR = 0.000637
2026-03-24 23:35:35,072 - INFO - エポック 220: 平均損失 = 0.1492, LR = 0.000460
2026-03-24 23:36:09,648 - INFO - エポック 230: 平均損失 = 0.1259, LR = 0.000289
2026-03-24 23:36:43,823 - INFO - エポック 240: 平均損失 = 0.1210, LR = 0.000146
2026-03-24 23:37:17,754 - INFO - エポック 250: 平均損失 = 0.1089, LR = 0.000049
2026-03-24 23:37:51,715 - INFO - エポック 260: 平均損失 = 0.1097, LR = 0.000010
2026-03-24 23:38:25,618 - INFO - エポック 270: 平均損失 = 0.1742, LR = 0.000974
2026-03-24 23:38:59,465 - INFO - エポック 280: 平均損失 = 0.1514, LR = 0.000888
2026-03-24 23:39:33,355 - INFO - エポック 290: 平均損失 = 0.1453, LR = 0.000753
2026-03-24 23:40:07,295 - INFO - エポック 300: 平均損失 = 0.1296, LR = 0.000585
2026-03-24 23:40:41,829 - INFO - エポック 310: 平均損失 = 0.1146, LR = 0.000407
2026-03-24 23:41:15,851 - INFO - エポック 320: 平均損失 = 0.1214, LR = 0.000242
2026-03-24 23:41:49,839 - INFO - エポック 330: 平均損失 = 0.0980, LR = 0.000111
2026-03-24 23:42:23,787 - INFO - エポック 340: 平均損失 = 0.0998, LR = 0.000031
2026-03-24 23:42:54,365 - INFO - 時系列IRL訓練完了
2026-03-24 23:42:54,365 - INFO - 訓練データ上で最適閾値を決定...
2026-03-24 23:42:57,333 - INFO - 最適閾値: 0.0485
2026-03-24 23:42:57,333 - INFO - 訓練データ性能: Precision=0.556, Recall=0.968, F1=0.706
2026-03-24 23:42:57,336 - INFO - モデルを保存: outputs/cross_temporal_v14/train_0-3m/irl_model.pt
2026-03-24 23:42:57,336 - INFO - 最適閾値を保存: outputs/cross_temporal_v14/train_0-3m/optimal_threshold.json
2026-03-24 23:42:57,336 - INFO - 評価用軌跡を抽出...
2026-03-24 23:42:57,336 - INFO - ================================================================================
2026-03-24 23:42:57,336 - INFO - 評価用軌跡抽出を開始（スナップショット特徴量用）
2026-03-24 23:42:57,336 - INFO - Cutoff日: 2023-01-01 00:00:00
2026-03-24 23:42:57,336 - INFO - 履歴ウィンドウ: 24ヶ月
2026-03-24 23:42:57,336 - INFO - 将来窓: 9～12ヶ月
2026-03-24 23:42:57,336 - INFO - 拡張ラベル期間: 9～12ヶ月
2026-03-24 23:42:57,336 - INFO - プロジェクト: 全プロジェクト
2026-03-24 23:42:57,336 - INFO - 継続判定: この期間で承諾=1、この期間で拒否=0、依頼なし→拡張期間チェック、評価時は拡張期間にも依頼なしで除外（予測の母集団に入れない）
2026-03-24 23:42:57,336 - INFO - ================================================================================
2026-03-24 23:42:57,337 - INFO - 履歴期間: 2021-01-01 00:00:00 ～ 2023-01-01 00:00:00
2026-03-24 23:42:57,337 - INFO - 評価期間: 2023-10-01 00:00:00 ～ 2024-01-01 00:00:00
2026-03-24 23:42:57,338 - INFO - 履歴期間内のレビュアー数: 233
2026-03-24 23:43:01,119 - INFO - ================================================================================
2026-03-24 23:43:01,119 - INFO - 評価用軌跡抽出完了: 38サンプル
2026-03-24 23:43:01,119 - INFO -   スキップ（最小依頼数未満）: 0
2026-03-24 23:43:01,119 - INFO -   スキップ（訓練期間末尾まで依頼なし）: 195
2026-03-24 23:43:01,119 - INFO -   正例（この期間で承諾あり）: 28 (73.7%)
2026-03-24 23:43:01,119 - INFO -   負例（この期間で承諾なし）: 10 (26.3%)
2026-03-24 23:43:01,119 - INFO -     - 依頼あり→拒否（重み=1.0）: 10
2026-03-24 23:43:01,119 - INFO - ================================================================================
2026-03-24 23:43:01,119 - INFO - 予測を実行...
2026-03-24 23:43:03,278 - INFO - ================================================================================
2026-03-24 23:43:03,279 - INFO - 評価結果 (0-3m → 9-12m):
2026-03-24 23:43:03,279 - INFO -   AUC-ROC: 0.7500
2026-03-24 23:43:03,279 - INFO -   AUC-PR: 0.9042
2026-03-24 23:43:03,279 - INFO -   Precision: 0.8065
2026-03-24 23:43:03,279 - INFO -   Recall: 0.8929
2026-03-24 23:43:03,279 - INFO -   F1 Score: 0.8475
2026-03-24 23:43:03,279 - INFO - ================================================================================
2026-03-24 23:43:41,713 - INFO - IRL特徴量重要度を保存: outputs/cross_temporal_v14/train_0-3m/eval_9-12m/irl_feature_importance.json
2026-03-24 23:43:41,713 - INFO - RFベースラインを評価...
2026-03-24 23:43:48,890 - INFO - RF予測を predictions_df に結合: 38/38 レビュアー一致
2026-03-24 23:43:48,890 - INFO - RFベースライン結果を保存: outputs/cross_temporal_v14/train_0-3m/eval_9-12m/rf_metrics.json
2026-03-24 23:43:48,891 - INFO - 結果を保存: outputs/cross_temporal_v14/train_0-3m/eval_9-12m
2026-03-24 23:43:48,908 - INFO - 
【5/10】パターン実行中...
2026-03-24 23:43:48,908 - INFO - ================================================================================
2026-03-24 23:43:48,908 - INFO - パターン: 3-6m → 3-6m
2026-03-24 23:43:48,908 - INFO - IRL訓練ラベル将来窓: 3～6ヶ月
2026-03-24 23:43:48,908 - INFO - 評価ラベル将来窓: 3～6ヶ月
2026-03-24 23:43:48,908 - INFO - ================================================================================
2026-03-24 23:43:48,908 - INFO - レビュー依頼データを読み込み: data/nova_raw.csv
2026-03-24 23:43:48,937 - INFO - 総レビュー依頼数: 26326
2026-03-24 23:43:48,937 - INFO - 承諾数: 14324 (54.4%)
2026-03-24 23:43:48,937 - INFO - 拒否数: 12002 (45.6%)
2026-03-24 23:43:48,937 - INFO - IRL訓練履歴期間: 2021-01-01 00:00:00 ～ 2023-01-01 00:00:00
2026-03-24 23:43:48,937 - INFO - IRL訓練ラベル将来窓: 3～6ヶ月 (train_history_end 基点)
2026-03-24 23:43:48,937 - INFO - 評価スナップショット日: 2023-01-01 00:00:00
2026-03-24 23:43:48,937 - INFO - 評価履歴ウィンドウ: 24ヶ月
2026-03-24 23:43:48,937 - INFO - 評価ラベル将来窓: 3～6ヶ月 (eval_cutoff 基点)
2026-03-24 23:43:48,937 - INFO - 訓練用軌跡を抽出...
2026-03-24 23:43:48,937 - INFO - ================================================================================
2026-03-24 23:43:48,937 - INFO - レビュー承諾予測用軌跡抽出を開始（データリークなし版）
2026-03-24 23:43:48,937 - INFO - 訓練期間全体: 2021-01-01 00:00:00 ～ 2023-01-01 00:00:00
2026-03-24 23:43:48,938 - INFO - 将来窓: 3～6ヶ月
2026-03-24 23:43:48,938 - INFO - 拡張ラベル期間: 3～12ヶ月
2026-03-24 23:43:48,938 - INFO - プロジェクト: 全プロジェクト
2026-03-24 23:43:48,938 - INFO - ラベル定義: この期間で承諾=1、この期間で拒否=0、依頼なし→拡張期間チェック、訓練時は拡張期間にも依頼なしで除外
2026-03-24 23:43:48,938 - INFO - データリーク防止: 訓練期間内でラベル計算
2026-03-24 23:43:48,938 - INFO - ================================================================================
2026-03-24 23:43:48,938 - INFO - 特徴量計算期間（訓練全体）: 2021-01-01 00:00:00 ～ 2023-01-01 00:00:00
2026-03-24 23:43:48,938 - INFO - 全体ラベル期間（train_end時点から）: 2023-04-01 00:00:00 ～ 2023-07-01 00:00:00
2026-03-24 23:43:48,939 - INFO - 特徴量計算期間内のレビュアー数: 233
2026-03-24 23:43:54,380 - INFO - ================================================================================
2026-03-24 23:43:54,380 - INFO - 軌跡抽出完了: 60サンプル（レビュアー）
2026-03-24 23:43:54,380 - INFO -   スキップ（最小依頼数未満）: 0
2026-03-24 23:43:54,380 - INFO -   スキップ（訓練期間末尾まで依頼なし）: 173
2026-03-24 23:43:54,380 - INFO -   正例（この期間で承諾あり）: 26 (43.3%)
2026-03-24 23:43:54,380 - INFO -   負例（この期間で承諾なし）: 34 (56.7%)
2026-03-24 23:43:54,380 - INFO -     - 依頼あり→拒否（重み=1.0）: 16
2026-03-24 23:43:54,380 - INFO -     - 依頼なし（拡張期間に依頼あり、重み=0.1）: 18
2026-03-24 23:43:54,381 - INFO -   総ステップ数: 1200
2026-03-24 23:43:54,381 - INFO -   継続ステップ率: 40.2% (482/1200)
2026-03-24 23:43:54,381 - INFO - ================================================================================
2026-03-24 23:43:54,382 - INFO - 継続予測IRLシステムを初期化しました
2026-03-24 23:43:54,382 - INFO - 訓練データ正例率: 43.3% (26/60)
2026-03-24 23:43:54,382 - INFO - Focal Loss パラメータ更新: alpha=0.650, gamma=1.500
2026-03-24 23:43:54,382 - INFO - Focal Loss 手動設定: alpha=0.650, gamma=1.500
2026-03-24 23:43:54,382 - INFO - IRLモデルを訓練...
2026-03-24 23:43:54,382 - INFO - ============================================================
2026-03-24 23:43:54,382 - INFO - 時系列IRL訓練開始
2026-03-24 23:43:54,382 - INFO - 軌跡数: 60
2026-03-24 23:43:54,382 - INFO - エポック数: 350
2026-03-24 23:43:54,382 - INFO - ============================================================
2026-03-24 23:43:56,980 - INFO - エポック 0: 平均損失 = 0.9552, LR = 0.001000
2026-03-24 23:44:22,865 - INFO - エポック 10: 平均損失 = 0.5835, LR = 0.000968
2026-03-24 23:44:48,801 - INFO - エポック 20: 平均損失 = 0.5055, LR = 0.000876
2026-03-24 23:45:14,747 - INFO - エポック 30: 平均損失 = 0.4226, LR = 0.000737
2026-03-24 23:45:40,655 - INFO - エポック 40: 平均損失 = 0.3510, LR = 0.000567
2026-03-24 23:46:06,559 - INFO - エポック 50: 平均損失 = 0.3143, LR = 0.000390
2026-03-24 23:46:32,552 - INFO - エポック 60: 平均損失 = 0.2644, LR = 0.000227
2026-03-24 23:46:58,610 - INFO - エポック 70: 平均損失 = 0.2352, LR = 0.000100
2026-03-24 23:47:24,541 - INFO - エポック 80: 平均損失 = 0.2242, LR = 0.000026
2026-03-24 23:47:50,410 - INFO - エポック 90: 平均損失 = 0.3516, LR = 0.000997
2026-03-24 23:48:16,271 - INFO - エポック 100: 平均損失 = 0.3102, LR = 0.000946
2026-03-24 23:48:42,157 - INFO - エポック 110: 平均損失 = 0.2938, LR = 0.000839
2026-03-24 23:49:08,084 - INFO - エポック 120: 平均損失 = 0.2504, LR = 0.000688
2026-03-24 23:49:34,122 - INFO - エポック 130: 平均損失 = 0.2101, LR = 0.000514
2026-03-24 23:50:00,039 - INFO - エポック 140: 平均損失 = 0.1948, LR = 0.000339
2026-03-24 23:50:26,380 - INFO - エポック 150: 平均損失 = 0.1778, LR = 0.000185
2026-03-24 23:50:52,254 - INFO - エポック 160: 平均損失 = 0.1642, LR = 0.000072
2026-03-24 23:51:18,205 - INFO - エポック 170: 平均損失 = 0.1746, LR = 0.000015
2026-03-24 23:51:44,072 - INFO - エポック 180: 平均損失 = 0.3528, LR = 0.000988
2026-03-24 23:52:09,935 - INFO - エポック 190: 平均損失 = 0.2316, LR = 0.000920
2026-03-24 23:52:35,882 - INFO - エポック 200: 平均損失 = 0.2015, LR = 0.000797
2026-03-24 23:53:01,802 - INFO - エポック 210: 平均損失 = 0.1799, LR = 0.000637
2026-03-24 23:53:27,665 - INFO - エポック 220: 平均損失 = 0.1803, LR = 0.000460
2026-03-24 23:53:53,523 - INFO - エポック 230: 平均損失 = 0.1643, LR = 0.000289
2026-03-24 23:54:19,388 - INFO - エポック 240: 平均損失 = 0.1597, LR = 0.000146
2026-03-24 23:54:45,274 - INFO - エポック 250: 平均損失 = 0.1489, LR = 0.000049
2026-03-24 23:55:11,191 - INFO - エポック 260: 平均損失 = 0.1640, LR = 0.000010
2026-03-24 23:55:37,139 - INFO - エポック 270: 平均損失 = 0.2468, LR = 0.000974
2026-03-24 23:56:03,057 - INFO - エポック 280: 平均損失 = 0.2014, LR = 0.000888
2026-03-24 23:56:28,885 - INFO - エポック 290: 平均損失 = 0.1735, LR = 0.000753
2026-03-24 23:56:54,744 - INFO - エポック 300: 平均損失 = 0.1819, LR = 0.000585
2026-03-24 23:57:20,564 - INFO - エポック 310: 平均損失 = 0.1720, LR = 0.000407
2026-03-24 23:57:46,416 - INFO - エポック 320: 平均損失 = 0.1522, LR = 0.000242
2026-03-24 23:58:12,274 - INFO - エポック 330: 平均損失 = 0.1455, LR = 0.000111
2026-03-24 23:58:38,246 - INFO - エポック 340: 平均損失 = 0.1474, LR = 0.000031
2026-03-24 23:59:01,534 - INFO - 時系列IRL訓練完了
2026-03-24 23:59:01,534 - INFO - 訓練データ上で最適閾値を決定...
2026-03-24 23:59:03,784 - INFO - 最適閾値: 0.0480
2026-03-24 23:59:03,784 - INFO - 訓練データ性能: Precision=0.521, Recall=0.962, F1=0.676
2026-03-24 23:59:03,787 - INFO - モデルを保存: outputs/cross_temporal_v14/train_3-6m/irl_model.pt
2026-03-24 23:59:03,787 - INFO - 最適閾値を保存: outputs/cross_temporal_v14/train_3-6m/optimal_threshold.json
2026-03-24 23:59:03,787 - INFO - 評価用軌跡を抽出...
2026-03-24 23:59:03,787 - INFO - ================================================================================
2026-03-24 23:59:03,787 - INFO - 評価用軌跡抽出を開始（スナップショット特徴量用）
2026-03-24 23:59:03,787 - INFO - Cutoff日: 2023-01-01 00:00:00
2026-03-24 23:59:03,787 - INFO - 履歴ウィンドウ: 24ヶ月
2026-03-24 23:59:03,788 - INFO - 将来窓: 3～6ヶ月
2026-03-24 23:59:03,788 - INFO - 拡張ラベル期間: 3～12ヶ月
2026-03-24 23:59:03,788 - INFO - プロジェクト: 全プロジェクト
2026-03-24 23:59:03,788 - INFO - 継続判定: この期間で承諾=1、この期間で拒否=0、依頼なし→拡張期間チェック、評価時は拡張期間にも依頼なしで除外（予測の母集団に入れない）
2026-03-24 23:59:03,788 - INFO - ================================================================================
2026-03-24 23:59:03,788 - INFO - 履歴期間: 2021-01-01 00:00:00 ～ 2023-01-01 00:00:00
2026-03-24 23:59:03,788 - INFO - 評価期間: 2023-04-01 00:00:00 ～ 2023-07-01 00:00:00
2026-03-24 23:59:03,789 - INFO - 履歴期間内のレビュアー数: 233
2026-03-24 23:59:09,408 - INFO - ================================================================================
2026-03-24 23:59:09,408 - INFO - 評価用軌跡抽出完了: 60サンプル
2026-03-24 23:59:09,408 - INFO -   スキップ（最小依頼数未満）: 0
2026-03-24 23:59:09,408 - INFO -   スキップ（訓練期間末尾まで依頼なし）: 173
2026-03-24 23:59:09,408 - INFO -   正例（この期間で承諾あり）: 26 (43.3%)
2026-03-24 23:59:09,408 - INFO -   負例（この期間で承諾なし）: 34 (56.7%)
2026-03-24 23:59:09,408 - INFO -     - 依頼あり→拒否（重み=1.0）: 16
2026-03-24 23:59:09,408 - INFO -     - 依頼なし（拡張期間に依頼あり、重み=0.1）: 18
2026-03-24 23:59:09,408 - INFO - ================================================================================
2026-03-24 23:59:09,408 - INFO - 予測を実行...
2026-03-24 23:59:12,555 - INFO - ================================================================================
2026-03-24 23:59:12,555 - INFO - 評価結果 (3-6m → 3-6m):
2026-03-24 23:59:12,555 - INFO -   AUC-ROC: 0.7093
2026-03-24 23:59:12,555 - INFO -   AUC-PR: 0.7218
2026-03-24 23:59:12,555 - INFO -   Precision: 0.4681
2026-03-24 23:59:12,555 - INFO -   Recall: 0.8462
2026-03-24 23:59:12,555 - INFO -   F1 Score: 0.6027
2026-03-24 23:59:12,555 - INFO - ================================================================================
2026-03-25 00:00:03,828 - INFO - IRL特徴量重要度を保存: outputs/cross_temporal_v14/train_3-6m/eval_3-6m/irl_feature_importance.json
2026-03-25 00:00:03,828 - INFO - RFベースラインを評価...
2026-03-25 00:00:09,889 - INFO - RF予測を predictions_df に結合: 48/60 レビュアー一致
2026-03-25 00:00:09,889 - INFO - RFベースライン結果を保存: outputs/cross_temporal_v14/train_3-6m/eval_3-6m/rf_metrics.json
2026-03-25 00:00:09,889 - INFO - 結果を保存: outputs/cross_temporal_v14/train_3-6m/eval_3-6m
2026-03-25 00:00:09,907 - INFO - 
【6/10】パターン実行中...
2026-03-25 00:00:09,907 - INFO - ================================================================================
2026-03-25 00:00:09,908 - INFO - パターン: 3-6m → 6-9m
2026-03-25 00:00:09,908 - INFO - IRL訓練ラベル将来窓: 3～6ヶ月
2026-03-25 00:00:09,908 - INFO - 評価ラベル将来窓: 6～9ヶ月
2026-03-25 00:00:09,908 - INFO - ================================================================================
2026-03-25 00:00:09,908 - INFO - レビュー依頼データを読み込み: data/nova_raw.csv
2026-03-25 00:00:09,937 - INFO - 総レビュー依頼数: 26326
2026-03-25 00:00:09,937 - INFO - 承諾数: 14324 (54.4%)
2026-03-25 00:00:09,937 - INFO - 拒否数: 12002 (45.6%)
2026-03-25 00:00:09,937 - INFO - IRL訓練履歴期間: 2021-01-01 00:00:00 ～ 2023-01-01 00:00:00
2026-03-25 00:00:09,937 - INFO - IRL訓練ラベル将来窓: 3～6ヶ月 (train_history_end 基点)
2026-03-25 00:00:09,937 - INFO - 評価スナップショット日: 2023-01-01 00:00:00
2026-03-25 00:00:09,937 - INFO - 評価履歴ウィンドウ: 24ヶ月
2026-03-25 00:00:09,937 - INFO - 評価ラベル将来窓: 6～9ヶ月 (eval_cutoff 基点)
2026-03-25 00:00:09,937 - INFO - 訓練用軌跡を抽出...
2026-03-25 00:00:09,937 - INFO - ================================================================================
2026-03-25 00:00:09,937 - INFO - レビュー承諾予測用軌跡抽出を開始（データリークなし版）
2026-03-25 00:00:09,937 - INFO - 訓練期間全体: 2021-01-01 00:00:00 ～ 2023-01-01 00:00:00
2026-03-25 00:00:09,937 - INFO - 将来窓: 3～6ヶ月
2026-03-25 00:00:09,937 - INFO - 拡張ラベル期間: 3～12ヶ月
2026-03-25 00:00:09,937 - INFO - プロジェクト: 全プロジェクト
2026-03-25 00:00:09,937 - INFO - ラベル定義: この期間で承諾=1、この期間で拒否=0、依頼なし→拡張期間チェック、訓練時は拡張期間にも依頼なしで除外
2026-03-25 00:00:09,937 - INFO - データリーク防止: 訓練期間内でラベル計算
2026-03-25 00:00:09,937 - INFO - ================================================================================
2026-03-25 00:00:09,937 - INFO - 特徴量計算期間（訓練全体）: 2021-01-01 00:00:00 ～ 2023-01-01 00:00:00
2026-03-25 00:00:09,937 - INFO - 全体ラベル期間（train_end時点から）: 2023-04-01 00:00:00 ～ 2023-07-01 00:00:00
2026-03-25 00:00:09,939 - INFO - 特徴量計算期間内のレビュアー数: 233
2026-03-25 00:00:15,375 - INFO - ================================================================================
2026-03-25 00:00:15,375 - INFO - 軌跡抽出完了: 60サンプル（レビュアー）
2026-03-25 00:00:15,375 - INFO -   スキップ（最小依頼数未満）: 0
2026-03-25 00:00:15,375 - INFO -   スキップ（訓練期間末尾まで依頼なし）: 173
2026-03-25 00:00:15,375 - INFO -   正例（この期間で承諾あり）: 26 (43.3%)
2026-03-25 00:00:15,375 - INFO -   負例（この期間で承諾なし）: 34 (56.7%)
2026-03-25 00:00:15,375 - INFO -     - 依頼あり→拒否（重み=1.0）: 16
2026-03-25 00:00:15,375 - INFO -     - 依頼なし（拡張期間に依頼あり、重み=0.1）: 18
2026-03-25 00:00:15,375 - INFO -   総ステップ数: 1200
2026-03-25 00:00:15,375 - INFO -   継続ステップ率: 40.2% (482/1200)
2026-03-25 00:00:15,375 - INFO - ================================================================================
2026-03-25 00:00:15,377 - INFO - 継続予測IRLシステムを初期化しました
2026-03-25 00:00:15,377 - INFO - 訓練データ正例率: 43.3% (26/60)
2026-03-25 00:00:15,377 - INFO - Focal Loss パラメータ更新: alpha=0.650, gamma=1.500
2026-03-25 00:00:15,377 - INFO - Focal Loss 手動設定: alpha=0.650, gamma=1.500
2026-03-25 00:00:15,377 - INFO - IRLモデルを訓練...
2026-03-25 00:00:15,377 - INFO - ============================================================
2026-03-25 00:00:15,377 - INFO - 時系列IRL訓練開始
2026-03-25 00:00:15,377 - INFO - 軌跡数: 60
2026-03-25 00:00:15,377 - INFO - エポック数: 350
2026-03-25 00:00:15,377 - INFO - ============================================================
2026-03-25 00:00:17,982 - INFO - エポック 0: 平均損失 = 1.0067, LR = 0.001000
2026-03-25 00:00:43,881 - INFO - エポック 10: 平均損失 = 0.5826, LR = 0.000968
2026-03-25 00:01:09,900 - INFO - エポック 20: 平均損失 = 0.5232, LR = 0.000876
2026-03-25 00:01:35,948 - INFO - エポック 30: 平均損失 = 0.4439, LR = 0.000737
2026-03-25 00:02:01,833 - INFO - エポック 40: 平均損失 = 0.3833, LR = 0.000567
2026-03-25 00:02:27,705 - INFO - エポック 50: 平均損失 = 0.3076, LR = 0.000390
2026-03-25 00:02:53,628 - INFO - エポック 60: 平均損失 = 0.2779, LR = 0.000227
2026-03-25 00:03:19,528 - INFO - エポック 70: 平均損失 = 0.2508, LR = 0.000100
2026-03-25 00:03:45,399 - INFO - エポック 80: 平均損失 = 0.2277, LR = 0.000026
2026-03-25 00:04:11,269 - INFO - エポック 90: 平均損失 = 0.3716, LR = 0.000997
2026-03-25 00:04:37,247 - INFO - エポック 100: 平均損失 = 0.2971, LR = 0.000946
2026-03-25 00:05:03,174 - INFO - エポック 110: 平均損失 = 0.2980, LR = 0.000839
2026-03-25 00:05:29,107 - INFO - エポック 120: 平均損失 = 0.2553, LR = 0.000688
2026-03-25 00:05:54,927 - INFO - エポック 130: 平均損失 = 0.2221, LR = 0.000514
2026-03-25 00:06:20,794 - INFO - エポック 140: 平均損失 = 0.1918, LR = 0.000339
2026-03-25 00:06:46,684 - INFO - エポック 150: 平均損失 = 0.1785, LR = 0.000185
2026-03-25 00:07:12,595 - INFO - エポック 160: 平均損失 = 0.1697, LR = 0.000072
2026-03-25 00:07:38,509 - INFO - エポック 170: 平均損失 = 0.1699, LR = 0.000015
2026-03-25 00:08:04,372 - INFO - エポック 180: 平均損失 = 0.2931, LR = 0.000988
2026-03-25 00:08:30,256 - INFO - エポック 190: 平均損失 = 0.2327, LR = 0.000920
2026-03-25 00:08:56,143 - INFO - エポック 200: 平均損失 = 0.2284, LR = 0.000797
2026-03-25 00:09:22,020 - INFO - エポック 210: 平均損失 = 0.2100, LR = 0.000637
2026-03-25 00:09:47,879 - INFO - エポック 220: 平均損失 = 0.1811, LR = 0.000460
2026-03-25 00:10:14,272 - INFO - エポック 230: 平均損失 = 0.1625, LR = 0.000289
2026-03-25 00:10:40,204 - INFO - エポック 240: 平均損失 = 0.1625, LR = 0.000146
2026-03-25 00:11:06,082 - INFO - エポック 250: 平均損失 = 0.1679, LR = 0.000049
2026-03-25 00:11:31,917 - INFO - エポック 260: 平均損失 = 0.1507, LR = 0.000010
2026-03-25 00:11:57,814 - INFO - エポック 270: 平均損失 = 0.2792, LR = 0.000974
2026-03-25 00:12:23,709 - INFO - エポック 280: 平均損失 = 0.2191, LR = 0.000888
2026-03-25 00:12:49,557 - INFO - エポック 290: 平均損失 = 0.1844, LR = 0.000753
2026-03-25 00:13:15,388 - INFO - エポック 300: 平均損失 = 0.1816, LR = 0.000585
2026-03-25 00:13:41,358 - INFO - エポック 310: 平均損失 = 0.1651, LR = 0.000407
2026-03-25 00:14:07,263 - INFO - エポック 320: 平均損失 = 0.1509, LR = 0.000242
2026-03-25 00:14:33,159 - INFO - エポック 330: 平均損失 = 0.1467, LR = 0.000111
2026-03-25 00:14:59,043 - INFO - エポック 340: 平均損失 = 0.1484, LR = 0.000031
2026-03-25 00:15:22,354 - INFO - 時系列IRL訓練完了
2026-03-25 00:15:22,355 - INFO - 訓練データ上で最適閾値を決定...
2026-03-25 00:15:24,639 - INFO - 最適閾値: 0.0805
2026-03-25 00:15:24,639 - INFO - 訓練データ性能: Precision=0.595, Recall=0.962, F1=0.735
2026-03-25 00:15:24,640 - INFO - モデルを保存: outputs/cross_temporal_v14/train_3-6m/irl_model.pt
2026-03-25 00:15:24,640 - INFO - 最適閾値を保存: outputs/cross_temporal_v14/train_3-6m/optimal_threshold.json
2026-03-25 00:15:24,640 - INFO - 評価用軌跡を抽出...
2026-03-25 00:15:24,640 - INFO - ================================================================================
2026-03-25 00:15:24,640 - INFO - 評価用軌跡抽出を開始（スナップショット特徴量用）
2026-03-25 00:15:24,640 - INFO - Cutoff日: 2023-01-01 00:00:00
2026-03-25 00:15:24,640 - INFO - 履歴ウィンドウ: 24ヶ月
2026-03-25 00:15:24,640 - INFO - 将来窓: 6～9ヶ月
2026-03-25 00:15:24,640 - INFO - 拡張ラベル期間: 6～12ヶ月
2026-03-25 00:15:24,641 - INFO - プロジェクト: 全プロジェクト
2026-03-25 00:15:24,641 - INFO - 継続判定: この期間で承諾=1、この期間で拒否=0、依頼なし→拡張期間チェック、評価時は拡張期間にも依頼なしで除外（予測の母集団に入れない）
2026-03-25 00:15:24,641 - INFO - ================================================================================
2026-03-25 00:15:24,641 - INFO - 履歴期間: 2021-01-01 00:00:00 ～ 2023-01-01 00:00:00
2026-03-25 00:15:24,641 - INFO - 評価期間: 2023-07-01 00:00:00 ～ 2023-10-01 00:00:00
2026-03-25 00:15:24,642 - INFO - 履歴期間内のレビュアー数: 233
2026-03-25 00:15:28,963 - INFO - ================================================================================
2026-03-25 00:15:28,963 - INFO - 評価用軌跡抽出完了: 47サンプル
2026-03-25 00:15:28,963 - INFO -   スキップ（最小依頼数未満）: 0
2026-03-25 00:15:28,963 - INFO -   スキップ（訓練期間末尾まで依頼なし）: 186
2026-03-25 00:15:28,963 - INFO -   正例（この期間で承諾あり）: 22 (46.8%)
2026-03-25 00:15:28,963 - INFO -   負例（この期間で承諾なし）: 25 (53.2%)
2026-03-25 00:15:28,963 - INFO -     - 依頼あり→拒否（重み=1.0）: 11
2026-03-25 00:15:28,963 - INFO -     - 依頼なし（拡張期間に依頼あり、重み=0.1）: 14
2026-03-25 00:15:28,963 - INFO - ================================================================================
2026-03-25 00:15:28,964 - INFO - 予測を実行...
2026-03-25 00:15:31,349 - INFO - ================================================================================
2026-03-25 00:15:31,349 - INFO - 評価結果 (3-6m → 6-9m):
2026-03-25 00:15:31,349 - INFO -   AUC-ROC: 0.8873
2026-03-25 00:15:31,350 - INFO -   AUC-PR: 0.8723
2026-03-25 00:15:31,350 - INFO -   Precision: 0.6667
2026-03-25 00:15:31,350 - INFO -   Recall: 0.9091
2026-03-25 00:15:31,350 - INFO -   F1 Score: 0.7692
2026-03-25 00:15:31,350 - INFO - ================================================================================
2026-03-25 00:16:11,341 - INFO - IRL特徴量重要度を保存: outputs/cross_temporal_v14/train_3-6m/eval_6-9m/irl_feature_importance.json
2026-03-25 00:16:11,341 - INFO - RFベースラインを評価...
2026-03-25 00:16:17,038 - INFO - RF予測を predictions_df に結合: 40/47 レビュアー一致
2026-03-25 00:16:17,038 - INFO - RFベースライン結果を保存: outputs/cross_temporal_v14/train_3-6m/eval_6-9m/rf_metrics.json
2026-03-25 00:16:17,038 - INFO - 結果を保存: outputs/cross_temporal_v14/train_3-6m/eval_6-9m
2026-03-25 00:16:17,054 - INFO - 
【7/10】パターン実行中...
2026-03-25 00:16:17,054 - INFO - ================================================================================
2026-03-25 00:16:17,054 - INFO - パターン: 3-6m → 9-12m
2026-03-25 00:16:17,054 - INFO - IRL訓練ラベル将来窓: 3～6ヶ月
2026-03-25 00:16:17,054 - INFO - 評価ラベル将来窓: 9～12ヶ月
2026-03-25 00:16:17,054 - INFO - ================================================================================
2026-03-25 00:16:17,054 - INFO - レビュー依頼データを読み込み: data/nova_raw.csv
2026-03-25 00:16:17,083 - INFO - 総レビュー依頼数: 26326
2026-03-25 00:16:17,083 - INFO - 承諾数: 14324 (54.4%)
2026-03-25 00:16:17,083 - INFO - 拒否数: 12002 (45.6%)
2026-03-25 00:16:17,083 - INFO - IRL訓練履歴期間: 2021-01-01 00:00:00 ～ 2023-01-01 00:00:00
2026-03-25 00:16:17,083 - INFO - IRL訓練ラベル将来窓: 3～6ヶ月 (train_history_end 基点)
2026-03-25 00:16:17,083 - INFO - 評価スナップショット日: 2023-01-01 00:00:00
2026-03-25 00:16:17,083 - INFO - 評価履歴ウィンドウ: 24ヶ月
2026-03-25 00:16:17,083 - INFO - 評価ラベル将来窓: 9～12ヶ月 (eval_cutoff 基点)
2026-03-25 00:16:17,083 - INFO - 訓練用軌跡を抽出...
2026-03-25 00:16:17,083 - INFO - ================================================================================
2026-03-25 00:16:17,083 - INFO - レビュー承諾予測用軌跡抽出を開始（データリークなし版）
2026-03-25 00:16:17,083 - INFO - 訓練期間全体: 2021-01-01 00:00:00 ～ 2023-01-01 00:00:00
2026-03-25 00:16:17,083 - INFO - 将来窓: 3～6ヶ月
2026-03-25 00:16:17,083 - INFO - 拡張ラベル期間: 3～12ヶ月
2026-03-25 00:16:17,083 - INFO - プロジェクト: 全プロジェクト
2026-03-25 00:16:17,083 - INFO - ラベル定義: この期間で承諾=1、この期間で拒否=0、依頼なし→拡張期間チェック、訓練時は拡張期間にも依頼なしで除外
2026-03-25 00:16:17,083 - INFO - データリーク防止: 訓練期間内でラベル計算
2026-03-25 00:16:17,083 - INFO - ================================================================================
2026-03-25 00:16:17,083 - INFO - 特徴量計算期間（訓練全体）: 2021-01-01 00:00:00 ～ 2023-01-01 00:00:00
2026-03-25 00:16:17,083 - INFO - 全体ラベル期間（train_end時点から）: 2023-04-01 00:00:00 ～ 2023-07-01 00:00:00
2026-03-25 00:16:17,085 - INFO - 特徴量計算期間内のレビュアー数: 233
2026-03-25 00:16:22,517 - INFO - ================================================================================
2026-03-25 00:16:22,518 - INFO - 軌跡抽出完了: 60サンプル（レビュアー）
2026-03-25 00:16:22,518 - INFO -   スキップ（最小依頼数未満）: 0
2026-03-25 00:16:22,518 - INFO -   スキップ（訓練期間末尾まで依頼なし）: 173
2026-03-25 00:16:22,518 - INFO -   正例（この期間で承諾あり）: 26 (43.3%)
2026-03-25 00:16:22,518 - INFO -   負例（この期間で承諾なし）: 34 (56.7%)
2026-03-25 00:16:22,518 - INFO -     - 依頼あり→拒否（重み=1.0）: 16
2026-03-25 00:16:22,518 - INFO -     - 依頼なし（拡張期間に依頼あり、重み=0.1）: 18
2026-03-25 00:16:22,518 - INFO -   総ステップ数: 1200
2026-03-25 00:16:22,518 - INFO -   継続ステップ率: 40.2% (482/1200)
2026-03-25 00:16:22,518 - INFO - ================================================================================
2026-03-25 00:16:22,519 - INFO - 継続予測IRLシステムを初期化しました
2026-03-25 00:16:22,519 - INFO - 訓練データ正例率: 43.3% (26/60)
2026-03-25 00:16:22,519 - INFO - Focal Loss パラメータ更新: alpha=0.650, gamma=1.500
2026-03-25 00:16:22,519 - INFO - Focal Loss 手動設定: alpha=0.650, gamma=1.500
2026-03-25 00:16:22,519 - INFO - IRLモデルを訓練...
2026-03-25 00:16:22,519 - INFO - ============================================================
2026-03-25 00:16:22,519 - INFO - 時系列IRL訓練開始
2026-03-25 00:16:22,519 - INFO - 軌跡数: 60
2026-03-25 00:16:22,519 - INFO - エポック数: 350
2026-03-25 00:16:22,519 - INFO - ============================================================
2026-03-25 00:16:25,112 - INFO - エポック 0: 平均損失 = 1.0430, LR = 0.001000
2026-03-25 00:16:50,936 - INFO - エポック 10: 平均損失 = 0.5807, LR = 0.000968
2026-03-25 00:17:16,668 - INFO - エポック 20: 平均損失 = 0.4838, LR = 0.000876
2026-03-25 00:17:42,375 - INFO - エポック 30: 平均損失 = 0.3998, LR = 0.000737
2026-03-25 00:18:08,139 - INFO - エポック 40: 平均損失 = 0.3806, LR = 0.000567
2026-03-25 00:18:33,907 - INFO - エポック 50: 平均損失 = 0.3417, LR = 0.000390
2026-03-25 00:18:59,649 - INFO - エポック 60: 平均損失 = 0.2813, LR = 0.000227
2026-03-25 00:19:25,417 - INFO - エポック 70: 平均損失 = 0.2581, LR = 0.000100
2026-03-25 00:19:51,206 - INFO - エポック 80: 平均損失 = 0.2407, LR = 0.000026
2026-03-25 00:20:17,424 - INFO - エポック 90: 平均損失 = 0.3413, LR = 0.000997
2026-03-25 00:20:43,173 - INFO - エポック 100: 平均損失 = 0.3057, LR = 0.000946
2026-03-25 00:21:09,044 - INFO - エポック 110: 平均損失 = 0.3028, LR = 0.000839
2026-03-25 00:21:34,737 - INFO - エポック 120: 平均損失 = 0.2600, LR = 0.000688
2026-03-25 00:22:00,388 - INFO - エポック 130: 平均損失 = 0.2464, LR = 0.000514
2026-03-25 00:22:26,061 - INFO - エポック 140: 平均損失 = 0.2168, LR = 0.000339
2026-03-25 00:22:51,861 - INFO - エポック 150: 平均損失 = 0.1875, LR = 0.000185
2026-03-25 00:23:17,586 - INFO - エポック 160: 平均損失 = 0.1708, LR = 0.000072
2026-03-25 00:23:43,294 - INFO - エポック 170: 平均損失 = 0.1752, LR = 0.000015
2026-03-25 00:24:09,008 - INFO - エポック 180: 平均損失 = 0.2656, LR = 0.000988
2026-03-25 00:24:34,675 - INFO - エポック 190: 平均損失 = 0.2344, LR = 0.000920
2026-03-25 00:25:00,378 - INFO - エポック 200: 平均損失 = 0.2133, LR = 0.000797
2026-03-25 00:25:26,094 - INFO - エポック 210: 平均損失 = 0.1907, LR = 0.000637
2026-03-25 00:25:51,884 - INFO - エポック 220: 平均損失 = 0.1928, LR = 0.000460
2026-03-25 00:26:17,611 - INFO - エポック 230: 平均損失 = 0.1671, LR = 0.000289
2026-03-25 00:26:43,272 - INFO - エポック 240: 平均損失 = 0.1466, LR = 0.000146
2026-03-25 00:27:08,906 - INFO - エポック 250: 平均損失 = 0.1415, LR = 0.000049
2026-03-25 00:27:34,580 - INFO - エポック 260: 平均損失 = 0.1421, LR = 0.000010
2026-03-25 00:28:00,227 - INFO - エポック 270: 平均損失 = 0.2484, LR = 0.000974
2026-03-25 00:28:25,883 - INFO - エポック 280: 平均損失 = 0.2065, LR = 0.000888
2026-03-25 00:28:51,609 - INFO - エポック 290: 平均損失 = 0.1632, LR = 0.000753
2026-03-25 00:29:17,258 - INFO - エポック 300: 平均損失 = 0.1548, LR = 0.000585
2026-03-25 00:29:42,931 - INFO - エポック 310: 平均損失 = 0.1439, LR = 0.000407
2026-03-25 00:30:08,649 - INFO - エポック 320: 平均損失 = 0.1516, LR = 0.000242
2026-03-25 00:30:34,799 - INFO - エポック 330: 平均損失 = 0.1323, LR = 0.000111
2026-03-25 00:31:00,558 - INFO - エポック 340: 平均損失 = 0.1370, LR = 0.000031
2026-03-25 00:31:23,649 - INFO - 時系列IRL訓練完了
2026-03-25 00:31:23,649 - INFO - 訓練データ上で最適閾値を決定...
2026-03-25 00:31:25,886 - INFO - 最適閾値: 0.7992
2026-03-25 00:31:25,886 - INFO - 訓練データ性能: Precision=0.944, Recall=0.654, F1=0.773
2026-03-25 00:31:25,888 - INFO - モデルを保存: outputs/cross_temporal_v14/train_3-6m/irl_model.pt
2026-03-25 00:31:25,889 - INFO - 最適閾値を保存: outputs/cross_temporal_v14/train_3-6m/optimal_threshold.json
2026-03-25 00:31:25,889 - INFO - 評価用軌跡を抽出...
2026-03-25 00:31:25,889 - INFO - ================================================================================
2026-03-25 00:31:25,889 - INFO - 評価用軌跡抽出を開始（スナップショット特徴量用）
2026-03-25 00:31:25,889 - INFO - Cutoff日: 2023-01-01 00:00:00
2026-03-25 00:31:25,889 - INFO - 履歴ウィンドウ: 24ヶ月
2026-03-25 00:31:25,889 - INFO - 将来窓: 9～12ヶ月
2026-03-25 00:31:25,889 - INFO - 拡張ラベル期間: 9～12ヶ月
2026-03-25 00:31:25,889 - INFO - プロジェクト: 全プロジェクト
2026-03-25 00:31:25,889 - INFO - 継続判定: この期間で承諾=1、この期間で拒否=0、依頼なし→拡張期間チェック、評価時は拡張期間にも依頼なしで除外（予測の母集団に入れない）
2026-03-25 00:31:25,889 - INFO - ================================================================================
2026-03-25 00:31:25,889 - INFO - 履歴期間: 2021-01-01 00:00:00 ～ 2023-01-01 00:00:00
2026-03-25 00:31:25,889 - INFO - 評価期間: 2023-10-01 00:00:00 ～ 2024-01-01 00:00:00
2026-03-25 00:31:25,890 - INFO - 履歴期間内のレビュアー数: 233
2026-03-25 00:31:29,718 - INFO - ================================================================================
2026-03-25 00:31:29,718 - INFO - 評価用軌跡抽出完了: 38サンプル
2026-03-25 00:31:29,718 - INFO -   スキップ（最小依頼数未満）: 0
2026-03-25 00:31:29,718 - INFO -   スキップ（訓練期間末尾まで依頼なし）: 195
2026-03-25 00:31:29,718 - INFO -   正例（この期間で承諾あり）: 28 (73.7%)
2026-03-25 00:31:29,718 - INFO -   負例（この期間で承諾なし）: 10 (26.3%)
2026-03-25 00:31:29,718 - INFO -     - 依頼あり→拒否（重み=1.0）: 10
2026-03-25 00:31:29,718 - INFO - ================================================================================
2026-03-25 00:31:29,718 - INFO - 予測を実行...
2026-03-25 00:31:31,889 - INFO - ================================================================================
2026-03-25 00:31:31,889 - INFO - 評価結果 (3-6m → 9-12m):
2026-03-25 00:31:31,889 - INFO -   AUC-ROC: 0.6750
2026-03-25 00:31:31,889 - INFO -   AUC-PR: 0.8799
2026-03-25 00:31:31,889 - INFO -   Precision: 0.8667
2026-03-25 00:31:31,889 - INFO -   Recall: 0.4643
2026-03-25 00:31:31,889 - INFO -   F1 Score: 0.6047
2026-03-25 00:31:31,889 - INFO - ================================================================================
2026-03-25 00:32:10,229 - INFO - IRL特徴量重要度を保存: outputs/cross_temporal_v14/train_3-6m/eval_9-12m/irl_feature_importance.json
2026-03-25 00:32:10,229 - INFO - RFベースラインを評価...
2026-03-25 00:32:15,909 - INFO - RF予測を predictions_df に結合: 38/38 レビュアー一致
2026-03-25 00:32:15,910 - INFO - RFベースライン結果を保存: outputs/cross_temporal_v14/train_3-6m/eval_9-12m/rf_metrics.json
2026-03-25 00:32:15,910 - INFO - 結果を保存: outputs/cross_temporal_v14/train_3-6m/eval_9-12m
2026-03-25 00:32:15,925 - INFO - 
【8/10】パターン実行中...
2026-03-25 00:32:15,925 - INFO - ================================================================================
2026-03-25 00:32:15,926 - INFO - パターン: 6-9m → 6-9m
2026-03-25 00:32:15,926 - INFO - IRL訓練ラベル将来窓: 6～9ヶ月
2026-03-25 00:32:15,926 - INFO - 評価ラベル将来窓: 6～9ヶ月
2026-03-25 00:32:15,926 - INFO - ================================================================================
2026-03-25 00:32:15,926 - INFO - レビュー依頼データを読み込み: data/nova_raw.csv
2026-03-25 00:32:15,955 - INFO - 総レビュー依頼数: 26326
2026-03-25 00:32:15,955 - INFO - 承諾数: 14324 (54.4%)
2026-03-25 00:32:15,955 - INFO - 拒否数: 12002 (45.6%)
2026-03-25 00:32:15,955 - INFO - IRL訓練履歴期間: 2021-01-01 00:00:00 ～ 2023-01-01 00:00:00
2026-03-25 00:32:15,955 - INFO - IRL訓練ラベル将来窓: 6～9ヶ月 (train_history_end 基点)
2026-03-25 00:32:15,955 - INFO - 評価スナップショット日: 2023-01-01 00:00:00
2026-03-25 00:32:15,955 - INFO - 評価履歴ウィンドウ: 24ヶ月
2026-03-25 00:32:15,955 - INFO - 評価ラベル将来窓: 6～9ヶ月 (eval_cutoff 基点)
2026-03-25 00:32:15,955 - INFO - 訓練用軌跡を抽出...
2026-03-25 00:32:15,955 - INFO - ================================================================================
2026-03-25 00:32:15,955 - INFO - レビュー承諾予測用軌跡抽出を開始（データリークなし版）
2026-03-25 00:32:15,955 - INFO - 訓練期間全体: 2021-01-01 00:00:00 ～ 2023-01-01 00:00:00
2026-03-25 00:32:15,955 - INFO - 将来窓: 6～9ヶ月
2026-03-25 00:32:15,955 - INFO - 拡張ラベル期間: 6～12ヶ月
2026-03-25 00:32:15,955 - INFO - プロジェクト: 全プロジェクト
2026-03-25 00:32:15,955 - INFO - ラベル定義: この期間で承諾=1、この期間で拒否=0、依頼なし→拡張期間チェック、訓練時は拡張期間にも依頼なしで除外
2026-03-25 00:32:15,955 - INFO - データリーク防止: 訓練期間内でラベル計算
2026-03-25 00:32:15,955 - INFO - ================================================================================
2026-03-25 00:32:15,956 - INFO - 特徴量計算期間（訓練全体）: 2021-01-01 00:00:00 ～ 2023-01-01 00:00:00
2026-03-25 00:32:15,956 - INFO - 全体ラベル期間（train_end時点から）: 2023-07-01 00:00:00 ～ 2023-10-01 00:00:00
2026-03-25 00:32:15,957 - INFO - 特徴量計算期間内のレビュアー数: 233
2026-03-25 00:32:19,295 - INFO - ================================================================================
2026-03-25 00:32:19,295 - INFO - 軌跡抽出完了: 47サンプル（レビュアー）
2026-03-25 00:32:19,295 - INFO -   スキップ（最小依頼数未満）: 0
2026-03-25 00:32:19,295 - INFO -   スキップ（訓練期間末尾まで依頼なし）: 186
2026-03-25 00:32:19,295 - INFO -   正例（この期間で承諾あり）: 22 (46.8%)
2026-03-25 00:32:19,295 - INFO -   負例（この期間で承諾なし）: 25 (53.2%)
2026-03-25 00:32:19,295 - INFO -     - 依頼あり→拒否（重み=1.0）: 11
2026-03-25 00:32:19,295 - INFO -     - 依頼なし（拡張期間に依頼あり、重み=0.1）: 14
2026-03-25 00:32:19,295 - INFO -   総ステップ数: 799
2026-03-25 00:32:19,295 - INFO -   継続ステップ率: 44.6% (356/799)
2026-03-25 00:32:19,295 - INFO - ================================================================================
2026-03-25 00:32:19,297 - INFO - 継続予測IRLシステムを初期化しました
2026-03-25 00:32:19,297 - INFO - 訓練データ正例率: 46.8% (22/47)
2026-03-25 00:32:19,297 - INFO - Focal Loss パラメータ更新: alpha=0.650, gamma=1.500
2026-03-25 00:32:19,297 - INFO - Focal Loss 手動設定: alpha=0.650, gamma=1.500
2026-03-25 00:32:19,297 - INFO - IRLモデルを訓練...
2026-03-25 00:32:19,297 - INFO - ============================================================
2026-03-25 00:32:19,297 - INFO - 時系列IRL訓練開始
2026-03-25 00:32:19,297 - INFO - 軌跡数: 47
2026-03-25 00:32:19,297 - INFO - エポック数: 350
2026-03-25 00:32:19,297 - INFO - ============================================================
2026-03-25 00:32:20,937 - INFO - エポック 0: 平均損失 = 1.0649, LR = 0.001000
2026-03-25 00:32:37,262 - INFO - エポック 10: 平均損失 = 0.6118, LR = 0.000968
2026-03-25 00:32:53,594 - INFO - エポック 20: 平均損失 = 0.5396, LR = 0.000876
2026-03-25 00:33:09,913 - INFO - エポック 30: 平均損失 = 0.4744, LR = 0.000737
2026-03-25 00:33:26,260 - INFO - エポック 40: 平均損失 = 0.4741, LR = 0.000567
2026-03-25 00:33:42,601 - INFO - エポック 50: 平均損失 = 0.4292, LR = 0.000390
2026-03-25 00:33:58,969 - INFO - エポック 60: 平均損失 = 0.3873, LR = 0.000227
2026-03-25 00:34:15,278 - INFO - エポック 70: 平均損失 = 0.3628, LR = 0.000100
2026-03-25 00:34:31,607 - INFO - エポック 80: 平均損失 = 0.3613, LR = 0.000026
2026-03-25 00:34:48,062 - INFO - エポック 90: 平均損失 = 0.4648, LR = 0.000997
2026-03-25 00:35:04,422 - INFO - エポック 100: 平均損失 = 0.3905, LR = 0.000946
2026-03-25 00:35:20,785 - INFO - エポック 110: 平均損失 = 0.3694, LR = 0.000839
2026-03-25 00:35:37,086 - INFO - エポック 120: 平均損失 = 0.3282, LR = 0.000688
2026-03-25 00:35:53,457 - INFO - エポック 130: 平均損失 = 0.3106, LR = 0.000514
2026-03-25 00:36:10,496 - INFO - エポック 140: 平均損失 = 0.2923, LR = 0.000339
2026-03-25 00:36:27,002 - INFO - エポック 150: 平均損失 = 0.2712, LR = 0.000185
2026-03-25 00:36:43,385 - INFO - エポック 160: 平均損失 = 0.2598, LR = 0.000072
2026-03-25 00:36:59,742 - INFO - エポック 170: 平均損失 = 0.2632, LR = 0.000015
2026-03-25 00:37:16,100 - INFO - エポック 180: 平均損失 = 0.3524, LR = 0.000988
2026-03-25 00:37:32,441 - INFO - エポック 190: 平均損失 = 0.3540, LR = 0.000920
2026-03-25 00:37:48,865 - INFO - エポック 200: 平均損失 = 0.3064, LR = 0.000797
2026-03-25 00:38:05,228 - INFO - エポック 210: 平均損失 = 0.2840, LR = 0.000637
2026-03-25 00:38:21,585 - INFO - エポック 220: 平均損失 = 0.2714, LR = 0.000460
2026-03-25 00:38:37,946 - INFO - エポック 230: 平均損失 = 0.2619, LR = 0.000289
2026-03-25 00:38:54,317 - INFO - エポック 240: 平均損失 = 0.2464, LR = 0.000146
2026-03-25 00:39:10,660 - INFO - エポック 250: 平均損失 = 0.2484, LR = 0.000049
2026-03-25 00:39:27,047 - INFO - エポック 260: 平均損失 = 0.2473, LR = 0.000010
2026-03-25 00:39:43,455 - INFO - エポック 270: 平均損失 = 0.2909, LR = 0.000974
2026-03-25 00:39:59,838 - INFO - エポック 280: 平均損失 = 0.2790, LR = 0.000888
2026-03-25 00:40:16,682 - INFO - エポック 290: 平均損失 = 0.2723, LR = 0.000753
2026-03-25 00:40:33,151 - INFO - エポック 300: 平均損失 = 0.2540, LR = 0.000585
2026-03-25 00:40:49,601 - INFO - エポック 310: 平均損失 = 0.2521, LR = 0.000407
2026-03-25 00:41:05,971 - INFO - エポック 320: 平均損失 = 0.2529, LR = 0.000242
2026-03-25 00:41:22,323 - INFO - エポック 330: 平均損失 = 0.2462, LR = 0.000111
2026-03-25 00:41:38,664 - INFO - エポック 340: 平均損失 = 0.2461, LR = 0.000031
2026-03-25 00:41:53,383 - INFO - 時系列IRL訓練完了
2026-03-25 00:41:53,383 - INFO - 訓練データ上で最適閾値を決定...
2026-03-25 00:41:54,776 - INFO - 最適閾値: 0.0796
2026-03-25 00:41:54,776 - INFO - 訓練データ性能: Precision=0.833, Recall=0.909, F1=0.870
2026-03-25 00:41:54,778 - INFO - モデルを保存: outputs/cross_temporal_v14/train_6-9m/irl_model.pt
2026-03-25 00:41:54,778 - INFO - 最適閾値を保存: outputs/cross_temporal_v14/train_6-9m/optimal_threshold.json
2026-03-25 00:41:54,778 - INFO - 評価用軌跡を抽出...
2026-03-25 00:41:54,778 - INFO - ================================================================================
2026-03-25 00:41:54,778 - INFO - 評価用軌跡抽出を開始（スナップショット特徴量用）
2026-03-25 00:41:54,779 - INFO - Cutoff日: 2023-01-01 00:00:00
2026-03-25 00:41:54,779 - INFO - 履歴ウィンドウ: 24ヶ月
2026-03-25 00:41:54,779 - INFO - 将来窓: 6～9ヶ月
2026-03-25 00:41:54,779 - INFO - 拡張ラベル期間: 6～12ヶ月
2026-03-25 00:41:54,779 - INFO - プロジェクト: 全プロジェクト
2026-03-25 00:41:54,779 - INFO - 継続判定: この期間で承諾=1、この期間で拒否=0、依頼なし→拡張期間チェック、評価時は拡張期間にも依頼なしで除外（予測の母集団に入れない）
2026-03-25 00:41:54,779 - INFO - ================================================================================
2026-03-25 00:41:54,779 - INFO - 履歴期間: 2021-01-01 00:00:00 ～ 2023-01-01 00:00:00
2026-03-25 00:41:54,779 - INFO - 評価期間: 2023-07-01 00:00:00 ～ 2023-10-01 00:00:00
2026-03-25 00:41:54,780 - INFO - 履歴期間内のレビュアー数: 233
2026-03-25 00:41:59,255 - INFO - ================================================================================
2026-03-25 00:41:59,255 - INFO - 評価用軌跡抽出完了: 47サンプル
2026-03-25 00:41:59,255 - INFO -   スキップ（最小依頼数未満）: 0
2026-03-25 00:41:59,255 - INFO -   スキップ（訓練期間末尾まで依頼なし）: 186
2026-03-25 00:41:59,255 - INFO -   正例（この期間で承諾あり）: 22 (46.8%)
2026-03-25 00:41:59,255 - INFO -   負例（この期間で承諾なし）: 25 (53.2%)
2026-03-25 00:41:59,255 - INFO -     - 依頼あり→拒否（重み=1.0）: 11
2026-03-25 00:41:59,255 - INFO -     - 依頼なし（拡張期間に依頼あり、重み=0.1）: 14
2026-03-25 00:41:59,255 - INFO - ================================================================================
2026-03-25 00:41:59,255 - INFO - 予測を実行...
2026-03-25 00:42:01,634 - INFO - ================================================================================
2026-03-25 00:42:01,634 - INFO - 評価結果 (6-9m → 6-9m):
2026-03-25 00:42:01,634 - INFO -   AUC-ROC: 0.8691
2026-03-25 00:42:01,634 - INFO -   AUC-PR: 0.8639
2026-03-25 00:42:01,634 - INFO -   Precision: 0.7391
2026-03-25 00:42:01,634 - INFO -   Recall: 0.7727
2026-03-25 00:42:01,634 - INFO -   F1 Score: 0.7556
2026-03-25 00:42:01,634 - INFO - ================================================================================
2026-03-25 00:42:41,330 - INFO - IRL特徴量重要度を保存: outputs/cross_temporal_v14/train_6-9m/eval_6-9m/irl_feature_importance.json
2026-03-25 00:42:41,330 - INFO - RFベースラインを評価...
2026-03-25 00:42:45,803 - INFO - RF予測を predictions_df に結合: 40/47 レビュアー一致
2026-03-25 00:42:45,803 - INFO - RFベースライン結果を保存: outputs/cross_temporal_v14/train_6-9m/eval_6-9m/rf_metrics.json
2026-03-25 00:42:45,804 - INFO - 結果を保存: outputs/cross_temporal_v14/train_6-9m/eval_6-9m
2026-03-25 00:42:45,816 - INFO - 
【9/10】パターン実行中...
2026-03-25 00:42:45,817 - INFO - ================================================================================
2026-03-25 00:42:45,817 - INFO - パターン: 6-9m → 9-12m
2026-03-25 00:42:45,817 - INFO - IRL訓練ラベル将来窓: 6～9ヶ月
2026-03-25 00:42:45,817 - INFO - 評価ラベル将来窓: 9～12ヶ月
2026-03-25 00:42:45,817 - INFO - ================================================================================
2026-03-25 00:42:45,817 - INFO - レビュー依頼データを読み込み: data/nova_raw.csv
2026-03-25 00:42:45,846 - INFO - 総レビュー依頼数: 26326
2026-03-25 00:42:45,846 - INFO - 承諾数: 14324 (54.4%)
2026-03-25 00:42:45,846 - INFO - 拒否数: 12002 (45.6%)
2026-03-25 00:42:45,846 - INFO - IRL訓練履歴期間: 2021-01-01 00:00:00 ～ 2023-01-01 00:00:00
2026-03-25 00:42:45,846 - INFO - IRL訓練ラベル将来窓: 6～9ヶ月 (train_history_end 基点)
2026-03-25 00:42:45,846 - INFO - 評価スナップショット日: 2023-01-01 00:00:00
2026-03-25 00:42:45,846 - INFO - 評価履歴ウィンドウ: 24ヶ月
2026-03-25 00:42:45,846 - INFO - 評価ラベル将来窓: 9～12ヶ月 (eval_cutoff 基点)
2026-03-25 00:42:45,846 - INFO - 訓練用軌跡を抽出...
2026-03-25 00:42:45,846 - INFO - ================================================================================
2026-03-25 00:42:45,846 - INFO - レビュー承諾予測用軌跡抽出を開始（データリークなし版）
2026-03-25 00:42:45,846 - INFO - 訓練期間全体: 2021-01-01 00:00:00 ～ 2023-01-01 00:00:00
2026-03-25 00:42:45,846 - INFO - 将来窓: 6～9ヶ月
2026-03-25 00:42:45,846 - INFO - 拡張ラベル期間: 6～12ヶ月
2026-03-25 00:42:45,846 - INFO - プロジェクト: 全プロジェクト
2026-03-25 00:42:45,846 - INFO - ラベル定義: この期間で承諾=1、この期間で拒否=0、依頼なし→拡張期間チェック、訓練時は拡張期間にも依頼なしで除外
2026-03-25 00:42:45,846 - INFO - データリーク防止: 訓練期間内でラベル計算
2026-03-25 00:42:45,846 - INFO - ================================================================================
2026-03-25 00:42:45,846 - INFO - 特徴量計算期間（訓練全体）: 2021-01-01 00:00:00 ～ 2023-01-01 00:00:00
2026-03-25 00:42:45,847 - INFO - 全体ラベル期間（train_end時点から）: 2023-07-01 00:00:00 ～ 2023-10-01 00:00:00
2026-03-25 00:42:45,848 - INFO - 特徴量計算期間内のレビュアー数: 233
2026-03-25 00:42:49,195 - INFO - ================================================================================
2026-03-25 00:42:49,195 - INFO - 軌跡抽出完了: 47サンプル（レビュアー）
2026-03-25 00:42:49,195 - INFO -   スキップ（最小依頼数未満）: 0
2026-03-25 00:42:49,195 - INFO -   スキップ（訓練期間末尾まで依頼なし）: 186
2026-03-25 00:42:49,195 - INFO -   正例（この期間で承諾あり）: 22 (46.8%)
2026-03-25 00:42:49,195 - INFO -   負例（この期間で承諾なし）: 25 (53.2%)
2026-03-25 00:42:49,195 - INFO -     - 依頼あり→拒否（重み=1.0）: 11
2026-03-25 00:42:49,195 - INFO -     - 依頼なし（拡張期間に依頼あり、重み=0.1）: 14
2026-03-25 00:42:49,195 - INFO -   総ステップ数: 799
2026-03-25 00:42:49,195 - INFO -   継続ステップ率: 44.6% (356/799)
2026-03-25 00:42:49,195 - INFO - ================================================================================
2026-03-25 00:42:49,196 - INFO - 継続予測IRLシステムを初期化しました
2026-03-25 00:42:49,196 - INFO - 訓練データ正例率: 46.8% (22/47)
2026-03-25 00:42:49,196 - INFO - Focal Loss パラメータ更新: alpha=0.650, gamma=1.500
2026-03-25 00:42:49,196 - INFO - Focal Loss 手動設定: alpha=0.650, gamma=1.500
2026-03-25 00:42:49,196 - INFO - IRLモデルを訓練...
2026-03-25 00:42:49,196 - INFO - ============================================================
2026-03-25 00:42:49,196 - INFO - 時系列IRL訓練開始
2026-03-25 00:42:49,196 - INFO - 軌跡数: 47
2026-03-25 00:42:49,196 - INFO - エポック数: 350
2026-03-25 00:42:49,196 - INFO - ============================================================
2026-03-25 00:42:50,831 - INFO - エポック 0: 平均損失 = 1.0525, LR = 0.001000
2026-03-25 00:43:07,132 - INFO - エポック 10: 平均損失 = 0.6512, LR = 0.000968
2026-03-25 00:43:23,453 - INFO - エポック 20: 平均損失 = 0.5132, LR = 0.000876
2026-03-25 00:43:39,734 - INFO - エポック 30: 平均損失 = 0.5131, LR = 0.000737
2026-03-25 00:43:56,126 - INFO - エポック 40: 平均損失 = 0.4836, LR = 0.000567
2026-03-25 00:44:12,438 - INFO - エポック 50: 平均損失 = 0.4778, LR = 0.000390
2026-03-25 00:44:28,808 - INFO - エポック 60: 平均損失 = 0.4225, LR = 0.000227
2026-03-25 00:44:45,102 - INFO - エポック 70: 平均損失 = 0.3918, LR = 0.000100
2026-03-25 00:45:01,448 - INFO - エポック 80: 平均損失 = 0.3823, LR = 0.000026
2026-03-25 00:45:17,799 - INFO - エポック 90: 平均損失 = 0.5086, LR = 0.000997
2026-03-25 00:45:34,104 - INFO - エポック 100: 平均損失 = 0.4513, LR = 0.000946
2026-03-25 00:45:50,469 - INFO - エポック 110: 平均損失 = 0.4003, LR = 0.000839
2026-03-25 00:46:06,828 - INFO - エポック 120: 平均損失 = 0.4038, LR = 0.000688
2026-03-25 00:46:23,153 - INFO - エポック 130: 平均損失 = 0.3794, LR = 0.000514
2026-03-25 00:46:39,652 - INFO - エポック 140: 平均損失 = 0.3415, LR = 0.000339
2026-03-25 00:46:56,092 - INFO - エポック 150: 平均損失 = 0.2867, LR = 0.000185
2026-03-25 00:47:12,404 - INFO - エポック 160: 平均損失 = 0.2708, LR = 0.000072
2026-03-25 00:47:28,744 - INFO - エポック 170: 平均損失 = 0.2933, LR = 0.000015
2026-03-25 00:47:45,048 - INFO - エポック 180: 平均損失 = 0.3504, LR = 0.000988
2026-03-25 00:48:01,362 - INFO - エポック 190: 平均損失 = 0.3523, LR = 0.000920
2026-03-25 00:48:17,698 - INFO - エポック 200: 平均損失 = 0.2793, LR = 0.000797
2026-03-25 00:48:34,005 - INFO - エポック 210: 平均損失 = 0.2800, LR = 0.000637
2026-03-25 00:48:50,359 - INFO - エポック 220: 平均損失 = 0.2804, LR = 0.000460
2026-03-25 00:49:06,673 - INFO - エポック 230: 平均損失 = 0.2684, LR = 0.000289
2026-03-25 00:49:23,006 - INFO - エポック 240: 平均損失 = 0.2611, LR = 0.000146
2026-03-25 00:49:39,301 - INFO - エポック 250: 平均損失 = 0.2525, LR = 0.000049
2026-03-25 00:49:55,720 - INFO - エポック 260: 平均損失 = 0.2530, LR = 0.000010
2026-03-25 00:50:12,492 - INFO - エポック 270: 平均損失 = 0.3314, LR = 0.000974
2026-03-25 00:50:28,842 - INFO - エポック 280: 平均損失 = 0.2841, LR = 0.000888
2026-03-25 00:50:45,144 - INFO - エポック 290: 平均損失 = 0.2764, LR = 0.000753
2026-03-25 00:51:01,490 - INFO - エポック 300: 平均損失 = 0.2719, LR = 0.000585
2026-03-25 00:51:17,827 - INFO - エポック 310: 平均損失 = 0.2612, LR = 0.000407
2026-03-25 00:51:34,139 - INFO - エポック 320: 平均損失 = 0.2486, LR = 0.000242
2026-03-25 00:51:50,455 - INFO - エポック 330: 平均損失 = 0.2475, LR = 0.000111
2026-03-25 00:52:06,756 - INFO - エポック 340: 平均損失 = 0.2523, LR = 0.000031
2026-03-25 00:52:21,449 - INFO - 時系列IRL訓練完了
2026-03-25 00:52:21,450 - INFO - 訓練データ上で最適閾値を決定...
2026-03-25 00:52:22,843 - INFO - 最適閾値: 0.1246
2026-03-25 00:52:22,843 - INFO - 訓練データ性能: Precision=0.810, Recall=0.773, F1=0.791
2026-03-25 00:52:22,845 - INFO - モデルを保存: outputs/cross_temporal_v14/train_6-9m/irl_model.pt
2026-03-25 00:52:22,845 - INFO - 最適閾値を保存: outputs/cross_temporal_v14/train_6-9m/optimal_threshold.json
2026-03-25 00:52:22,845 - INFO - 評価用軌跡を抽出...
2026-03-25 00:52:22,845 - INFO - ================================================================================
2026-03-25 00:52:22,845 - INFO - 評価用軌跡抽出を開始（スナップショット特徴量用）
2026-03-25 00:52:22,845 - INFO - Cutoff日: 2023-01-01 00:00:00
2026-03-25 00:52:22,845 - INFO - 履歴ウィンドウ: 24ヶ月
2026-03-25 00:52:22,845 - INFO - 将来窓: 9～12ヶ月
2026-03-25 00:52:22,845 - INFO - 拡張ラベル期間: 9～12ヶ月
2026-03-25 00:52:22,845 - INFO - プロジェクト: 全プロジェクト
2026-03-25 00:52:22,845 - INFO - 継続判定: この期間で承諾=1、この期間で拒否=0、依頼なし→拡張期間チェック、評価時は拡張期間にも依頼なしで除外（予測の母集団に入れない）
2026-03-25 00:52:22,845 - INFO - ================================================================================
2026-03-25 00:52:22,845 - INFO - 履歴期間: 2021-01-01 00:00:00 ～ 2023-01-01 00:00:00
2026-03-25 00:52:22,845 - INFO - 評価期間: 2023-10-01 00:00:00 ～ 2024-01-01 00:00:00
2026-03-25 00:52:22,847 - INFO - 履歴期間内のレビュアー数: 233
2026-03-25 00:52:26,752 - INFO - ================================================================================
2026-03-25 00:52:26,752 - INFO - 評価用軌跡抽出完了: 38サンプル
2026-03-25 00:52:26,752 - INFO -   スキップ（最小依頼数未満）: 0
2026-03-25 00:52:26,752 - INFO -   スキップ（訓練期間末尾まで依頼なし）: 195
2026-03-25 00:52:26,752 - INFO -   正例（この期間で承諾あり）: 28 (73.7%)
2026-03-25 00:52:26,752 - INFO -   負例（この期間で承諾なし）: 10 (26.3%)
2026-03-25 00:52:26,752 - INFO -     - 依頼あり→拒否（重み=1.0）: 10
2026-03-25 00:52:26,752 - INFO - ================================================================================
2026-03-25 00:52:26,752 - INFO - 予測を実行...
2026-03-25 00:52:28,802 - INFO - ================================================================================
2026-03-25 00:52:28,802 - INFO - 評価結果 (6-9m → 9-12m):
2026-03-25 00:52:28,802 - INFO -   AUC-ROC: 0.6321
2026-03-25 00:52:28,802 - INFO -   AUC-PR: 0.8648
2026-03-25 00:52:28,802 - INFO -   Precision: 0.7619
2026-03-25 00:52:28,802 - INFO -   Recall: 0.5714
2026-03-25 00:52:28,802 - INFO -   F1 Score: 0.6531
2026-03-25 00:52:28,802 - INFO - ================================================================================
2026-03-25 00:53:07,260 - INFO - IRL特徴量重要度を保存: outputs/cross_temporal_v14/train_6-9m/eval_9-12m/irl_feature_importance.json
2026-03-25 00:53:07,260 - INFO - RFベースラインを評価...
2026-03-25 00:53:11,787 - INFO - RF予測を predictions_df に結合: 38/38 レビュアー一致
2026-03-25 00:53:11,787 - INFO - RFベースライン結果を保存: outputs/cross_temporal_v14/train_6-9m/eval_9-12m/rf_metrics.json
2026-03-25 00:53:11,788 - INFO - 結果を保存: outputs/cross_temporal_v14/train_6-9m/eval_9-12m
2026-03-25 00:53:11,800 - INFO - 
【10/10】パターン実行中...
2026-03-25 00:53:11,800 - INFO - ================================================================================
2026-03-25 00:53:11,800 - INFO - パターン: 9-12m → 9-12m
2026-03-25 00:53:11,800 - INFO - IRL訓練ラベル将来窓: 9～12ヶ月
2026-03-25 00:53:11,800 - INFO - 評価ラベル将来窓: 9～12ヶ月
2026-03-25 00:53:11,800 - INFO - ================================================================================
2026-03-25 00:53:11,800 - INFO - レビュー依頼データを読み込み: data/nova_raw.csv
2026-03-25 00:53:11,830 - INFO - 総レビュー依頼数: 26326
2026-03-25 00:53:11,830 - INFO - 承諾数: 14324 (54.4%)
2026-03-25 00:53:11,830 - INFO - 拒否数: 12002 (45.6%)
2026-03-25 00:53:11,830 - INFO - IRL訓練履歴期間: 2021-01-01 00:00:00 ～ 2023-01-01 00:00:00
2026-03-25 00:53:11,830 - INFO - IRL訓練ラベル将来窓: 9～12ヶ月 (train_history_end 基点)
2026-03-25 00:53:11,830 - INFO - 評価スナップショット日: 2023-01-01 00:00:00
2026-03-25 00:53:11,830 - INFO - 評価履歴ウィンドウ: 24ヶ月
2026-03-25 00:53:11,830 - INFO - 評価ラベル将来窓: 9～12ヶ月 (eval_cutoff 基点)
2026-03-25 00:53:11,830 - INFO - 訓練用軌跡を抽出...
2026-03-25 00:53:11,830 - INFO - ================================================================================
2026-03-25 00:53:11,830 - INFO - レビュー承諾予測用軌跡抽出を開始（データリークなし版）
2026-03-25 00:53:11,830 - INFO - 訓練期間全体: 2021-01-01 00:00:00 ～ 2023-01-01 00:00:00
2026-03-25 00:53:11,830 - INFO - 将来窓: 9～12ヶ月
2026-03-25 00:53:11,830 - INFO - 拡張ラベル期間: 9～12ヶ月
2026-03-25 00:53:11,830 - INFO - プロジェクト: 全プロジェクト
2026-03-25 00:53:11,830 - INFO - ラベル定義: この期間で承諾=1、この期間で拒否=0、依頼なし→拡張期間チェック、訓練時は拡張期間にも依頼なしで除外
2026-03-25 00:53:11,830 - INFO - データリーク防止: 訓練期間内でラベル計算
2026-03-25 00:53:11,830 - INFO - ================================================================================
2026-03-25 00:53:11,830 - INFO - 特徴量計算期間（訓練全体）: 2021-01-01 00:00:00 ～ 2023-01-01 00:00:00
2026-03-25 00:53:11,830 - INFO - 全体ラベル期間（train_end時点から）: 2023-10-01 00:00:00 ～ 2024-01-01 00:00:00
2026-03-25 00:53:11,832 - INFO - 特徴量計算期間内のレビュアー数: 233
2026-03-25 00:53:14,150 - INFO - ================================================================================
2026-03-25 00:53:14,150 - INFO - 軌跡抽出完了: 38サンプル（レビュアー）
2026-03-25 00:53:14,150 - INFO -   スキップ（最小依頼数未満）: 0
2026-03-25 00:53:14,150 - INFO -   スキップ（訓練期間末尾まで依頼なし）: 195
2026-03-25 00:53:14,150 - INFO -   正例（この期間で承諾あり）: 28 (73.7%)
2026-03-25 00:53:14,150 - INFO -   負例（この期間で承諾なし）: 10 (26.3%)
2026-03-25 00:53:14,150 - INFO -     - 依頼あり→拒否（重み=1.0）: 10
2026-03-25 00:53:14,150 - INFO -   総ステップ数: 532
2026-03-25 00:53:14,150 - INFO -   継続ステップ率: 48.9% (260/532)
2026-03-25 00:53:14,150 - INFO - ================================================================================
2026-03-25 00:53:14,151 - INFO - 継続予測IRLシステムを初期化しました
2026-03-25 00:53:14,152 - INFO - 訓練データ正例率: 73.7% (28/38)
2026-03-25 00:53:14,152 - INFO - Focal Loss パラメータ更新: alpha=0.650, gamma=1.500
2026-03-25 00:53:14,152 - INFO - Focal Loss 手動設定: alpha=0.650, gamma=1.500
2026-03-25 00:53:14,152 - INFO - IRLモデルを訓練...
2026-03-25 00:53:14,152 - INFO - ============================================================
2026-03-25 00:53:14,152 - INFO - 時系列IRL訓練開始
2026-03-25 00:53:14,152 - INFO - 軌跡数: 38
2026-03-25 00:53:14,152 - INFO - エポック数: 350
2026-03-25 00:53:14,152 - INFO - ============================================================
2026-03-25 00:53:15,256 - INFO - エポック 0: 平均損失 = 0.9994, LR = 0.001000
2026-03-25 00:53:26,199 - INFO - エポック 10: 平均損失 = 0.6506, LR = 0.000968
2026-03-25 00:53:37,115 - INFO - エポック 20: 平均損失 = 0.6405, LR = 0.000876
2026-03-25 00:53:48,065 - INFO - エポック 30: 平均損失 = 0.5229, LR = 0.000737
2026-03-25 00:53:58,990 - INFO - エポック 40: 平均損失 = 0.4422, LR = 0.000567
2026-03-25 00:54:09,927 - INFO - エポック 50: 平均損失 = 0.4029, LR = 0.000390
2026-03-25 00:54:20,884 - INFO - エポック 60: 平均損失 = 0.3578, LR = 0.000227
2026-03-25 00:54:31,801 - INFO - エポック 70: 平均損失 = 0.3208, LR = 0.000100
2026-03-25 00:54:42,713 - INFO - エポック 80: 平均損失 = 0.3188, LR = 0.000026
2026-03-25 00:54:53,669 - INFO - エポック 90: 平均損失 = 0.4513, LR = 0.000997
2026-03-25 00:55:04,698 - INFO - エポック 100: 平均損失 = 0.4602, LR = 0.000946
2026-03-25 00:55:15,643 - INFO - エポック 110: 平均損失 = 0.3139, LR = 0.000839
2026-03-25 00:55:26,572 - INFO - エポック 120: 平均損失 = 0.2999, LR = 0.000688
2026-03-25 00:55:37,508 - INFO - エポック 130: 平均損失 = 0.3077, LR = 0.000514
2026-03-25 00:55:48,480 - INFO - エポック 140: 平均損失 = 0.3072, LR = 0.000339
2026-03-25 00:55:59,529 - INFO - エポック 150: 平均損失 = 0.2889, LR = 0.000185
2026-03-25 00:56:10,449 - INFO - エポック 160: 平均損失 = 0.2973, LR = 0.000072
2026-03-25 00:56:21,380 - INFO - エポック 170: 平均損失 = 0.2917, LR = 0.000015
2026-03-25 00:56:32,314 - INFO - エポック 180: 平均損失 = 0.3657, LR = 0.000988
2026-03-25 00:56:43,241 - INFO - エポック 190: 平均損失 = 0.2873, LR = 0.000920
2026-03-25 00:56:54,184 - INFO - エポック 200: 平均損失 = 0.3032, LR = 0.000797
2026-03-25 00:57:05,104 - INFO - エポック 210: 平均損失 = 0.2974, LR = 0.000637
2026-03-25 00:57:16,031 - INFO - エポック 220: 平均損失 = 0.3064, LR = 0.000460
2026-03-25 00:57:26,982 - INFO - エポック 230: 平均損失 = 0.2898, LR = 0.000289
2026-03-25 00:57:37,905 - INFO - エポック 240: 平均損失 = 0.2972, LR = 0.000146
2026-03-25 00:57:48,851 - INFO - エポック 250: 平均損失 = 0.2956, LR = 0.000049
2026-03-25 00:57:59,790 - INFO - エポック 260: 平均損失 = 0.3029, LR = 0.000010
2026-03-25 00:58:10,703 - INFO - エポック 270: 平均損失 = 0.4178, LR = 0.000974
2026-03-25 00:58:21,649 - INFO - エポック 280: 平均損失 = 0.3066, LR = 0.000888
2026-03-25 00:58:32,570 - INFO - エポック 290: 平均損失 = 0.2828, LR = 0.000753
2026-03-25 00:58:43,495 - INFO - エポック 300: 平均損失 = 0.2929, LR = 0.000585
2026-03-25 00:58:54,575 - INFO - エポック 310: 平均損失 = 0.2865, LR = 0.000407
2026-03-25 00:59:05,495 - INFO - エポック 320: 平均損失 = 0.2922, LR = 0.000242
2026-03-25 00:59:16,409 - INFO - エポック 330: 平均損失 = 0.2872, LR = 0.000111
2026-03-25 00:59:27,345 - INFO - エポック 340: 平均損失 = 0.2796, LR = 0.000031
2026-03-25 00:59:37,182 - INFO - 時系列IRL訓練完了
2026-03-25 00:59:37,182 - INFO - 訓練データ上で最適閾値を決定...
2026-03-25 00:59:38,097 - INFO - 最適閾値: 0.0416
2026-03-25 00:59:38,097 - INFO - 訓練データ性能: Precision=0.800, Recall=1.000, F1=0.889
2026-03-25 00:59:38,099 - INFO - モデルを保存: outputs/cross_temporal_v14/train_9-12m/irl_model.pt
2026-03-25 00:59:38,099 - INFO - 最適閾値を保存: outputs/cross_temporal_v14/train_9-12m/optimal_threshold.json
2026-03-25 00:59:38,099 - INFO - 評価用軌跡を抽出...
2026-03-25 00:59:38,099 - INFO - ================================================================================
2026-03-25 00:59:38,099 - INFO - 評価用軌跡抽出を開始（スナップショット特徴量用）
2026-03-25 00:59:38,099 - INFO - Cutoff日: 2023-01-01 00:00:00
2026-03-25 00:59:38,099 - INFO - 履歴ウィンドウ: 24ヶ月
2026-03-25 00:59:38,099 - INFO - 将来窓: 9～12ヶ月
2026-03-25 00:59:38,099 - INFO - 拡張ラベル期間: 9～12ヶ月
2026-03-25 00:59:38,099 - INFO - プロジェクト: 全プロジェクト
2026-03-25 00:59:38,099 - INFO - 継続判定: この期間で承諾=1、この期間で拒否=0、依頼なし→拡張期間チェック、評価時は拡張期間にも依頼なしで除外（予測の母集団に入れない）
2026-03-25 00:59:38,099 - INFO - ================================================================================
2026-03-25 00:59:38,099 - INFO - 履歴期間: 2021-01-01 00:00:00 ～ 2023-01-01 00:00:00
2026-03-25 00:59:38,099 - INFO - 評価期間: 2023-10-01 00:00:00 ～ 2024-01-01 00:00:00
2026-03-25 00:59:38,101 - INFO - 履歴期間内のレビュアー数: 233
2026-03-25 00:59:41,939 - INFO - ================================================================================
2026-03-25 00:59:41,939 - INFO - 評価用軌跡抽出完了: 38サンプル
2026-03-25 00:59:41,939 - INFO -   スキップ（最小依頼数未満）: 0
2026-03-25 00:59:41,939 - INFO -   スキップ（訓練期間末尾まで依頼なし）: 195
2026-03-25 00:59:41,939 - INFO -   正例（この期間で承諾あり）: 28 (73.7%)
2026-03-25 00:59:41,939 - INFO -   負例（この期間で承諾なし）: 10 (26.3%)
2026-03-25 00:59:41,939 - INFO -     - 依頼あり→拒否（重み=1.0）: 10
2026-03-25 00:59:41,939 - INFO - ================================================================================
2026-03-25 00:59:41,939 - INFO - 予測を実行...
2026-03-25 00:59:44,000 - INFO - ================================================================================
2026-03-25 00:59:44,000 - INFO - 評価結果 (9-12m → 9-12m):
2026-03-25 00:59:44,000 - INFO -   AUC-ROC: 0.7357
2026-03-25 00:59:44,000 - INFO -   AUC-PR: 0.9058
2026-03-25 00:59:44,000 - INFO -   Precision: 0.7297
2026-03-25 00:59:44,000 - INFO -   Recall: 0.9643
2026-03-25 00:59:44,000 - INFO -   F1 Score: 0.8308
2026-03-25 00:59:44,000 - INFO - ================================================================================
2026-03-25 01:00:22,966 - INFO - IRL特徴量重要度を保存: outputs/cross_temporal_v14/train_9-12m/eval_9-12m/irl_feature_importance.json
2026-03-25 01:00:22,966 - INFO - RFベースラインを評価...
2026-03-25 01:00:26,491 - INFO - RF予測を predictions_df に結合: 38/38 レビュアー一致
2026-03-25 01:00:26,492 - INFO - RFベースライン結果を保存: outputs/cross_temporal_v14/train_9-12m/eval_9-12m/rf_metrics.json
2026-03-25 01:00:26,492 - INFO - 結果を保存: outputs/cross_temporal_v14/train_9-12m/eval_9-12m
2026-03-25 01:00:26,503 - INFO - ================================================================================
2026-03-25 01:00:26,503 - INFO - IRL メトリクスマトリクスを作成中...
2026-03-25 01:00:26,503 - INFO - ================================================================================
2026-03-25 01:00:26,507 - INFO - 保存: outputs/cross_temporal_v14/matrix_AUC_ROC.csv
2026-03-25 01:00:26,510 - INFO - 
           0-3m      3-6m      6-9m     9-12m
0-3m   0.782683  0.804299  0.938182  0.750000
3-6m        NaN  0.709276  0.887273  0.675000
6-9m        NaN       NaN  0.869091  0.632143
9-12m       NaN       NaN       NaN  0.735714
2026-03-25 01:00:26,510 - INFO - 保存: outputs/cross_temporal_v14/matrix_AUC_PR.csv
2026-03-25 01:00:26,511 - INFO - 
           0-3m      3-6m      6-9m     9-12m
0-3m   0.813566  0.772282  0.937428  0.904246
3-6m        NaN  0.721776  0.872269  0.879852
6-9m        NaN       NaN  0.863855  0.864806
9-12m       NaN       NaN       NaN  0.905757
2026-03-25 01:00:26,512 - INFO - 保存: outputs/cross_temporal_v14/matrix_F1.csv
2026-03-25 01:00:26,513 - INFO - 
          0-3m      3-6m      6-9m     9-12m
0-3m   0.62069  0.716981  0.857143  0.847458
3-6m       NaN  0.602740  0.769231  0.604651
6-9m       NaN       NaN  0.755556  0.653061
9-12m      NaN       NaN       NaN  0.830769
2026-03-25 01:00:26,513 - INFO - 保存: outputs/cross_temporal_v14/matrix_PRECISION.csv
2026-03-25 01:00:26,514 - INFO - 
           0-3m      3-6m      6-9m     9-12m
0-3m   0.666667  0.703704  0.900000  0.806452
3-6m        NaN  0.468085  0.666667  0.866667
6-9m        NaN       NaN  0.739130  0.761905
9-12m       NaN       NaN       NaN  0.729730
2026-03-25 01:00:26,514 - INFO - 保存: outputs/cross_temporal_v14/matrix_RECALL.csv
2026-03-25 01:00:26,516 - INFO - 
           0-3m      3-6m      6-9m     9-12m
0-3m   0.580645  0.730769  0.818182  0.892857
3-6m        NaN  0.846154  0.909091  0.464286
6-9m        NaN       NaN  0.772727  0.571429
9-12m       NaN       NaN       NaN  0.964286
2026-03-25 01:00:26,516 - INFO - ================================================================================
2026-03-25 01:00:26,516 - INFO - IRL マトリクス作成完了
2026-03-25 01:00:26,516 - INFO - ================================================================================
2026-03-25 01:00:26,516 - INFO - ================================================================================
2026-03-25 01:00:26,516 - INFO - RF メトリクスマトリクスを作成中...
2026-03-25 01:00:26,516 - INFO - ================================================================================
2026-03-25 01:00:26,519 - INFO - 保存: outputs/cross_temporal_v14/rf_matrix_AUC_ROC.csv
2026-03-25 01:00:26,520 - INFO - 
           0-3m      3-6m      6-9m     9-12m
0-3m   0.736175  0.681217  0.695455  0.666344
3-6m        NaN  0.764550  0.771591  0.718569
6-9m        NaN       NaN  0.730682  0.698743
9-12m       NaN       NaN       NaN  0.743230
2026-03-25 01:00:26,520 - INFO - 保存: outputs/cross_temporal_v14/rf_matrix_AUC_PR.csv
2026-03-25 01:00:26,521 - INFO - 
           0-3m      3-6m      6-9m     9-12m
0-3m   0.889443  0.827315  0.829455  0.826854
3-6m        NaN  0.863877  0.867692  0.852259
6-9m        NaN       NaN  0.848164  0.846383
9-12m       NaN       NaN       NaN  0.877527
2026-03-25 01:00:26,521 - INFO - 保存: outputs/cross_temporal_v14/rf_matrix_F1.csv
2026-03-25 01:00:26,523 - INFO - 
           0-3m      3-6m      6-9m     9-12m
0-3m   0.833333  0.782609  0.808511  0.828829
3-6m        NaN  0.800000  0.818182  0.820000
6-9m        NaN       NaN  0.784314  0.810345
9-12m       NaN       NaN       NaN  0.814159
2026-03-25 01:00:26,523 - INFO - 保存: outputs/cross_temporal_v14/rf_matrix_PRECISION.csv
2026-03-25 01:00:26,524 - INFO - 
           0-3m      3-6m      6-9m     9-12m
0-3m   0.731707  0.642857  0.703704  0.718750
3-6m        NaN  0.666667  0.750000  0.773585
6-9m        NaN       NaN  0.645161  0.681159
9-12m       NaN       NaN       NaN  0.696970
2026-03-25 01:00:26,524 - INFO - 保存: outputs/cross_temporal_v14/rf_matrix_RECALL.csv
2026-03-25 01:00:26,525 - INFO - 
           0-3m  3-6m  6-9m     9-12m
0-3m   0.967742   1.0  0.95  0.978723
3-6m        NaN   1.0  0.90  0.872340
6-9m        NaN   NaN  1.00  1.000000
9-12m       NaN   NaN   NaN  0.978723
2026-03-25 01:00:26,525 - INFO - ================================================================================
2026-03-25 01:00:26,525 - INFO - RF マトリクス作成完了
2026-03-25 01:00:26,525 - INFO - ================================================================================
2026-03-25 01:00:26,525 - INFO - ================================================================================
2026-03-25 01:00:26,525 - INFO - 全パターンの訓練・評価が完了しました
2026-03-25 01:00:26,525 - INFO - 結果: outputs/cross_temporal_v14
2026-03-25 01:00:26,525 - INFO - ================================================================================
